2016-01-22 07:05:34 :  My Bot v5.0.2 860x780 (BlueStacks) Powered by MyBot.run ~
2016-01-22 07:05:34 : MyBot.run.au3 Script running on WIN_7  X64
2016-01-22 07:05:34 : =================== Bot Start ====================
2016-01-22 07:05:34 : -------------------------  Current Profile: 02 --------------------------
2016-01-22 07:05:34 : Trying to locate Main Screen
2016-01-22 07:05:34 : Main Screen Located
2016-01-22 07:05:36 : Detecting your Buildings..
2016-01-22 07:05:37 : Finding your Clan Level, wait..
2016-01-22 07:05:39 : Found Clan Level: 5
2016-01-22 07:05:40 : Detecting your Village Theme
2016-01-22 07:05:41 : Normal Theme detected
2016-01-22 07:05:42 : Language setting is English: Correct.
2016-01-22 07:05:43 : Trying to locate Main Screen
2016-01-22 07:05:43 : Main Screen Located
2016-01-22 07:05:46 : Village Report
2016-01-22 07:05:47 : No. of Free/Total Builders: 0/5
2016-01-22 07:05:47 :  [T]: 774
2016-01-22 07:05:47 :  [G]: 6 323 627 [E]: 4 946 598 [D]: 166 027 [GEM]: 159
2016-01-22 07:05:49 : Training Troops & Spells
2016-01-22 07:05:50 : Checking Army Camp...
2016-01-22 07:05:51 : Total Army Camp capacity: 150/220 (68%)
2016-01-22 07:05:53 :  - No. of Archers: 77
2016-01-22 07:05:53 :  - No. of Goblins: 69
2016-01-22 07:05:53 :  - No. of Minions: 3
2016-01-22 07:05:53 :  - Barbarian King available
2016-01-22 07:05:53 :  - Archer Queen available
2016-01-22 07:05:53 : Barracks and Spell factory status: 
2016-01-22 07:05:54 : - Barracks detected: 4 | Available: 4 | Upgrading: 0
2016-01-22 07:05:54 : - Dark Barracks detected: 2 | Available: 1 | Upgrading: 1
2016-01-22 07:05:54 : - Spell factory detected: 1 | Available: 1 | Upgrading: 0
2016-01-22 07:05:54 : - Dark Spell factory detected: 1 | Available: 1 | Upgrading: 0
2016-01-22 07:05:54 : Skipping Train Army
2016-01-22 07:05:57 : Waiting for Main Screen
2016-01-22 07:06:07 : Skipping Collect Resources
2016-01-22 07:06:07 : Skipping Clear Tombstones
2016-01-22 07:06:07 : Skipping ReArming Village
2016-01-22 07:06:07 : Skipping Laboratory Upgrades
2016-01-22 07:06:07 : Skipping Building Upgrades
2016-01-22 07:06:07 : Skipping Upgrade Walls
2016-01-22 07:06:07 : Skipping Donate Troops
2016-01-22 07:06:07 : ====== Waiting for full army ======
2016-01-22 07:06:21 : Training Troops & Spells
2016-01-22 07:06:21 : Checking Army Camp...
2016-01-22 07:06:23 : Total Army Camp capacity: 159/220 (72%)
2016-01-22 07:06:24 :  - No. of Archers: 79
2016-01-22 07:06:24 :  - No. of Goblins: 72
2016-01-22 07:06:25 :  - No. of Minions: 4
2016-01-22 07:06:25 :  - Barbarian King available
2016-01-22 07:06:25 :  - Archer Queen available
2016-01-22 07:06:25 : Barracks and Spell factory status: 
2016-01-22 07:06:25 : - Barracks detected: 4 | Available: 4 | Upgrading: 0
2016-01-22 07:06:25 : - Dark Barracks detected: 2 | Available: 1 | Upgrading: 1
2016-01-22 07:06:25 : - Spell factory detected: 1 | Available: 1 | Upgrading: 0
2016-01-22 07:06:25 : - Dark Spell factory detected: 1 | Available: 1 | Upgrading: 0
2016-01-22 07:06:25 : Skipping Train Army
2016-01-22 07:06:28 : Waiting for Main Screen
2016-01-22 07:06:29 : Going to Attack...
2016-01-22 07:06:36 : ============== Searching For Dead Base ===============
2016-01-22 07:06:36 : ~~~~~~~~~~~~~~~ SEARCH CONDITIONS ~~~~~~~~~~~~~~~~
2016-01-22 07:06:36 : Meet: Gold and Elixir
2016-01-22 07:06:36 : ~~~~~~~~~~~~~~ RESOURCE CONDITIONS ~~~~~~~~~~~~~~~
2016-01-22 07:06:36 : Aim: [G]:  80000 [E]:  80000 [D]:    0 [T]: 0 for: Dead Base
2016-01-22 07:06:36 : ~~~~~~~~~~~~~~~ ADVANCED SETTINGS ~~~~~~~~~~~~~~~~
2016-01-22 07:06:36 : THSnipe Combo for Both Dead & LiveBasesAGM - Snipe v1.0
2016-01-22 07:06:36 : ==================================================
2016-01-22 07:06:41 :   1> [G]: 149728 [E]: 162234 [D]: 1085 [T]:36 [TH]: 8, Out
2016-01-22 07:06:41 :       Dead Base Found! 
2016-01-22 07:06:42 : ================ Search Complete =================
2016-01-22 07:06:42 : Initiating attack for: Dead Base
2016-01-22 07:06:47 : -*-Archers 79
2016-01-22 07:06:47 : -*-Goblins 72
2016-01-22 07:06:47 : -*-Minions 4
2016-01-22 07:06:47 : -*-King 
2016-01-22 07:06:47 : -*-Queen 
2016-01-22 07:06:47 : -*-Poison Spells 2
2016-01-22 07:06:50 : -*-CC Spell(Poison) 1
2016-01-22 07:06:50 :  ====== Start Attack ====== 
2016-01-22 07:06:52 : Attacking four finger fight style
2016-01-22 07:06:53 : Dropping only wave of 79 Archers
2016-01-22 07:06:55 : Dropping first wave of 36 Goblins
2016-01-22 07:06:57 : Dropping only wave of 4 Minions
2016-01-22 07:06:58 : Dropping second wave of 36 Goblins
2016-01-22 07:07:00 : Dropping left over troops
2016-01-22 07:07:00 : Checking remaining unused troops for: Dead Base
2016-01-22 07:07:05 : -*-Archers 5
2016-01-22 07:07:05 : -*-Minions 2
2016-01-22 07:07:05 : -*-King 
2016-01-22 07:07:05 : -*-Queen 
2016-01-22 07:07:05 : -*-Poison Spells 2
2016-01-22 07:07:08 : -*-CC Spell(Poison) 1
2016-01-22 07:07:08 : Dropping last wave of 5 Archers
2016-01-22 07:07:14 : Dropping last wave of 2 Minions
2016-01-22 07:07:18 : Checking remaining unused troops for: Dead Base
2016-01-22 07:07:23 : -*-Archers 3
2016-01-22 07:07:23 : -*-Minions 0
2016-01-22 07:07:23 : -*-King 
2016-01-22 07:07:23 : -*-Queen 
2016-01-22 07:07:23 : -*-Poison Spells 2
2016-01-22 07:07:26 : -*-CC Spell(Poison) 1
2016-01-22 07:07:27 : Dropping last wave of 3 Archers
2016-01-22 07:07:36 : Finished Attacking, waiting for the battle to end
2016-01-22 07:07:36 : Checking if the battle has finished
2016-01-22 07:07:38 : detected [G]: 56897 [E]: 66190 [DE]: 956 |  Exit in 18 sec.
2016-01-22 07:07:38 : Gold & Elixir & DE change detected, waiting...
2016-01-22 07:07:42 : detected [G]: 56897 [E]: 66190 [DE]: 956 |  Exit in 18 sec.
2016-01-22 07:07:44 : detected [G]: 56897 [E]: 66190 [DE]: 956 |  Exit in 16 sec.
2016-01-22 07:07:45 : detected [G]: 56897 [E]: 66190 [DE]: 956 |  Exit in 14 sec.
2016-01-22 07:07:47 : detected [G]: 56897 [E]: 66190 [DE]: 956 |  Exit in 12 sec.
2016-01-22 07:07:49 : detected [G]: 56897 [E]: 66190 [DE]: 956 |  Exit in 10 sec.
2016-01-22 07:07:51 : detected [G]: 56897 [E]: 66190 [DE]: 956 |  Exit in  9 sec.
2016-01-22 07:07:53 : detected [G]: 56897 [E]: 66190 [DE]: 956 |  Exit in  7 sec.
2016-01-22 07:07:55 : detected [G]: 56897 [E]: 66190 [DE]: 956 |  Exit in  5 sec.
2016-01-22 07:07:57 : detected [G]: 56897 [E]: 66190 [DE]: 956 |  Exit in  3 sec.
2016-01-22 07:07:58 : detected [G]: 56897 [E]: 66190 [DE]: 956 |  Exit in  1 sec.
2016-01-22 07:08:00 : detected [G]: 56897 [E]: 66190 [DE]: 956 |  Exit in  0 sec.
2016-01-22 07:08:00 : Gold & Elixir & DE no change detected, exit
2016-01-22 07:08:00 : Returning Home
2016-01-22 07:08:06 : Loot: [G]: 92 831 [E]: 96 044 [DE]: 129 [T]: 12
2016-01-22 07:08:06 : Bonus Percentage: 65%
2016-01-22 07:08:06 : Bonus [G]: 845 out of 1 300 [E]: 845 out of 1 300
2016-01-22 07:08:07 : Your league level is: Bronze I
2016-01-22 07:08:07 : Stars earned: 1
2016-01-22 07:08:17 : Trying to locate Main Screen
2016-01-22 07:08:17 : Main Screen Located
2016-01-22 07:08:21 : Village Report
2016-01-22 07:08:21 : No. of Free/Total Builders: 0/5
2016-01-22 07:08:21 :  [T]: 786
2016-01-22 07:08:21 :  [G]: 6 416 553 [E]: 5 043 487 [D]: 166 156 [GEM]: 159
2016-01-22 07:08:23 : Training Troops & Spells
2016-01-22 07:08:24 : Checking Army Camp...
2016-01-22 07:08:26 : Total Army Camp capacity: 19/220 (8%)
2016-01-22 07:08:27 :  - No. of Archers: 9
2016-01-22 07:08:27 :  - No. of Goblins: 6
2016-01-22 07:08:27 :  - No. of Minions: 2
2016-01-22 07:08:27 :  - Barbarian King available
2016-01-22 07:08:27 :  - Archer Queen available
2016-01-22 07:08:28 : Barracks and Spell factory status: 
2016-01-22 07:08:28 : - Barracks detected: 4 | Available: 4 | Upgrading: 0
2016-01-22 07:08:28 : - Dark Barracks detected: 2 | Available: 1 | Upgrading: 1
2016-01-22 07:08:28 : - Spell factory detected: 1 | Available: 1 | Upgrading: 0
2016-01-22 07:08:28 : - Dark Spell factory detected: 1 | Available: 1 | Upgrading: 0
2016-01-22 07:09:17 : ====== Waiting for full army ======
2016-01-22 07:09:31 : Training Troops & Spells
2016-01-22 07:09:31 : Checking Army Camp...
2016-01-22 07:09:33 : Total Army Camp capacity: 30/220 (13%)
2016-01-22 07:09:34 :  - No. of Archers: 14
2016-01-22 07:09:34 :  - No. of Goblins: 10
2016-01-22 07:09:35 :  - No. of Minions: 3
2016-01-22 07:09:35 :  - Barbarian King available
2016-01-22 07:09:35 :  - Archer Queen available
2016-01-22 07:09:53 : Time Idle: 00:00:35
2016-01-22 07:09:53 : ====== Waiting for full army ======
2016-01-22 07:10:06 : Training Troops & Spells
2016-01-22 07:10:07 : Checking Army Camp...
2016-01-22 07:10:09 : Total Army Camp capacity: 36/220 (16%)
2016-01-22 07:10:10 :  - No. of Archers: 16
2016-01-22 07:10:10 :  - No. of Goblins: 12
2016-01-22 07:10:10 :  - No. of Minions: 4
2016-01-22 07:10:10 :  - Barbarian King available
2016-01-22 07:10:10 :  - Archer Queen available
2016-01-22 07:10:29 : Time Idle: 00:01:11
2016-01-22 07:10:29 : ====== Waiting for full army ======
2016-01-22 07:10:42 : Training Troops & Spells
2016-01-22 07:10:43 : Checking Army Camp...
2016-01-22 07:10:44 : Total Army Camp capacity: 43/220 (19%)
2016-01-22 07:10:46 :  - No. of Archers: 20
2016-01-22 07:10:46 :  - No. of Goblins: 14
2016-01-22 07:10:46 :  - No. of Minions: 5
2016-01-22 07:10:46 :  - Barbarian King available
2016-01-22 07:10:46 :  - Archer Queen available
2016-01-22 07:11:04 : Time Idle: 00:01:46
2016-01-22 07:11:05 : ====== Waiting for full army ======
2016-01-22 07:11:18 : Collecting Resources
2016-01-22 07:11:30 : Chat Request: amir hog
2016-01-22 07:11:31 : Castle Capacity : 20/30
2016-01-22 07:11:33 : Training Troops & Spells
2016-01-22 07:11:33 : Checking Army Camp...
2016-01-22 07:11:35 : Total Army Camp capacity: 54/220 (24%)
2016-01-22 07:11:36 :  - No. of Archers: 24
2016-01-22 07:11:36 :  - No. of Goblins: 18
2016-01-22 07:11:37 :  - No. of Minions: 6
2016-01-22 07:11:37 :  - Barbarian King available
2016-01-22 07:11:37 :  - Archer Queen available
