2016-01-22 05:12:41 :  My Bot v5.0.2 860x780 (BlueStacks) Powered by MyBot.run ~
2016-01-22 05:12:41 : MyBot.run.au3 Script running on WIN_7  X64
2016-01-22 05:12:41 : =================== Bot Start ====================
2016-01-22 05:12:41 : -------------------------  Current Profile: 02 --------------------------
2016-01-22 05:12:42 : Trying to locate Main Screen
2016-01-22 05:12:42 : Main Screen Located
2016-01-22 05:12:43 : Detecting your Buildings..
2016-01-22 05:12:45 : Finding your Clan Level, wait..
2016-01-22 05:12:50 : Found Clan Level: 5
2016-01-22 05:12:52 : Detecting your Village Theme
2016-01-22 05:12:52 : Normal Theme detected
2016-01-22 05:12:53 : Language setting is English: Correct.
2016-01-22 05:12:54 : Trying to locate Main Screen
2016-01-22 05:12:55 : Main Screen Located
2016-01-22 05:12:58 : Village Report
2016-01-22 05:12:58 : No. of Free/Total Builders: 0/5
2016-01-22 05:12:58 :  [T]: 793
2016-01-22 05:12:58 :  [G]: 5 908 564 [E]: 4 553 581 [D]: 164 938 [GEM]: 159
2016-01-22 05:13:00 : Skipping Train Troop
2016-01-22 05:13:00 : Training Troops & Spells
2016-01-22 05:13:01 : Checking Army Camp...
2016-01-22 05:13:03 : Total Army Camp capacity: 206/220 (93%)
2016-01-22 05:13:08 :  - No. of Archers: 98
2016-01-22 05:13:09 :  - No. of Goblins: 78
2016-01-22 05:13:09 :  - No. of Minions: 15
2016-01-22 05:13:09 :  - Barbarian King available
2016-01-22 05:13:09 :  - Archer Queen available
2016-01-22 05:13:09 : Barracks and Spell factory status: 
2016-01-22 05:13:09 : - Barracks detected: 4 | Available: 4 | Upgrading: 0
2016-01-22 05:13:09 : - Dark Barracks detected: 2 | Available: 1 | Upgrading: 1
2016-01-22 05:13:09 : - Spell factory detected: 1 | Available: 1 | Upgrading: 0
2016-01-22 05:13:09 : - Dark Spell factory detected: 1 | Available: 1 | Upgrading: 0
2016-01-22 05:13:10 : Your Army Camps are now Full
2016-01-22 05:13:10 : Calculating Troops before Training new Army.
