2016-01-22 07:12:38 :  My Bot v5.0.2 860x780 (BlueStacks) Powered by MyBot.run ~
2016-01-22 07:12:38 : MyBot.run.au3 Script running on WIN_7  X64
2016-01-22 07:12:38 : =================== Bot Start ====================
2016-01-22 07:12:38 : -------------------------  Current Profile: 02 --------------------------
2016-01-22 07:12:38 : Trying to locate Main Screen
2016-01-22 07:12:38 : Main Screen Located
2016-01-22 07:12:40 : Detecting your Buildings..
2016-01-22 07:12:41 : Finding your Clan Level, wait..
2016-01-22 07:12:43 : Found Clan Level: 5
2016-01-22 07:12:44 : Detecting your Village Theme
2016-01-22 07:12:45 : Normal Theme detected
2016-01-22 07:12:46 : Language setting is English: Correct.
2016-01-22 07:12:47 : Trying to locate Main Screen
2016-01-22 07:12:47 : Main Screen Located
2016-01-22 07:12:50 : Village Report
2016-01-22 07:12:50 : No. of Free/Total Builders: 0/5
2016-01-22 07:12:50 :  [T]: 786
2016-01-22 07:12:51 :  [G]: 6 451 355 [E]: 5 019 088 [D]: 166 023 [GEM]: 159
2016-01-22 07:12:53 : Training Troops & Spells
2016-01-22 07:12:54 : Checking Army Camp...
2016-01-22 07:12:55 : Total Army Camp capacity: 70/220 (31%)
2016-01-22 07:12:57 :  - No. of Archers: 30
2016-01-22 07:12:57 :  - No. of Goblins: 24
2016-01-22 07:12:57 :  - No. of Minions: 8
2016-01-22 07:12:57 :  - Barbarian King available
2016-01-22 07:12:57 :  - Archer Queen available
2016-01-22 07:12:57 : Barracks and Spell factory status: 
2016-01-22 07:12:57 : - Barracks detected: 4 | Available: 4 | Upgrading: 0
2016-01-22 07:12:57 : - Dark Barracks detected: 2 | Available: 1 | Upgrading: 1
2016-01-22 07:12:57 : - Spell factory detected: 1 | Available: 1 | Upgrading: 0
2016-01-22 07:12:57 : - Dark Spell factory detected: 1 | Available: 1 | Upgrading: 0
2016-01-22 07:13:51 : ====== Waiting for full army ======
2016-01-22 07:14:05 : Training Troops & Spells
2016-01-22 07:14:05 : Checking Army Camp...
2016-01-22 07:14:07 : Total Army Camp capacity: 80/220 (36%)
2016-01-22 07:14:08 :  - No. of Archers: 34
2016-01-22 07:14:08 :  - No. of Goblins: 28
2016-01-22 07:14:09 :  - No. of Minions: 9
2016-01-22 07:14:09 :  - Barbarian King available
2016-01-22 07:14:09 :  - Archer Queen available
2016-01-22 07:14:27 : Time Idle: 00:00:35
2016-01-22 07:14:27 : ====== Waiting for full army ======
