2016-01-22 04:42:25 : Unsupported BlueStacks screen size of 832 x 755 !
2016-01-22 04:42:25 : BlueStacks window resized to 866 x 805
2016-01-22 04:42:26 :  My Bot v5.0.2 860x780 (BlueStacks) Powered by MyBot.run ~
2016-01-22 04:42:26 : MyBot.run.au3 Script running on WIN_7  X64
2016-01-22 04:42:26 : =================== Bot Start ====================
2016-01-22 04:42:26 : -------------------------  Current Profile: 02 --------------------------
2016-01-22 04:42:26 : Trying to locate Main Screen
2016-01-22 04:42:29 : Please wait for CoC restart......
2016-01-22 04:42:29 : Waiting for Main Screen
2016-01-22 04:43:01 : Main Screen Located
2016-01-22 04:43:03 : Detecting your Buildings..
2016-01-22 04:43:06 : Townhall: (388,350)
2016-01-22 04:43:16 : Your Town Hall Level read as: 9
2016-01-22 04:43:17 : Finding your Clan Level, wait..
2016-01-22 04:43:19 : Found Clan Level: 5
2016-01-22 04:43:21 : Detecting your Village Theme
2016-01-22 04:43:21 : Normal Theme detected
2016-01-22 04:43:28 : Verifying your Mines/Extractors/Drills ...wait ...
2016-01-22 04:43:31 : Total No. of Gold Mines: 6
2016-01-22 04:43:34 : Total No. of Elixir Collectors: 6
2016-01-22 04:43:43 : Total No. of Dark Elixir Drills: 2
2016-01-22 04:43:43 : Language setting is English: Correct.
2016-01-22 04:43:44 : Trying to locate Main Screen
2016-01-22 04:43:45 : Main Screen Located
2016-01-22 04:43:48 : Village Report
2016-01-22 04:43:48 : No. of Free/Total Builders: 0/5
2016-01-22 04:43:48 :  [T]: 747
2016-01-22 04:43:48 :  [G]: 5 379 086 [E]: 4 050 050 [D]: 164 609 [GEM]: 159
2016-01-22 04:43:51 : Training Troops & Spells
2016-01-22 04:43:52 : Checking Army Camp...
2016-01-22 04:43:53 : Total Army Camp capacity: 220/220 (100%)
2016-01-22 04:43:59 :  - No. of Archers: 132
2016-01-22 04:43:59 :  - No. of Goblins: 88
2016-01-22 04:43:59 :  - Barbarian King available
2016-01-22 04:43:59 :  - Archer Queen available
2016-01-22 04:44:00 : Barracks and Spell factory status: 
2016-01-22 04:44:00 : - Barracks detected: 4 | Available: 4 | Upgrading: 0
2016-01-22 04:44:00 : - Dark Barracks detected: 2 | Available: 1 | Upgrading: 1
2016-01-22 04:44:00 : - Spell factory detected: 1 | Available: 1 | Upgrading: 0
2016-01-22 04:44:00 : - Dark Spell factory detected: 1 | Available: 1 | Upgrading: 0
2016-01-22 04:44:01 : Your Army Camps are now Full
2016-01-22 04:44:01 : Calculating Troops before Training new Army.
