2016-02-01 03:31:47 : 03:31| 1021|     5|  65150|  31938|    652|  7|1|  1110|  1110|   0|S2||101/220|
2016-02-01 03:40:42 : 03:40| 1028|     1| 147928|  68060|      0|  6|1|   814|   814|   0|S2||101/220|
2016-02-01 03:52:07 : 03:52| 1034|     1|  52198|  18105|   1760| 11|1|   740|   740|   0|S2||100/220|
2016-02-01 04:03:14 : 04:03| 1045|     7|  23993|   8467|    429|  5|1|   333|   333|   0|S2||101/220|
2016-02-01 04:12:07 : 04:12| 1050|     7|  81074|  27234|    154|  6|1|   703|   703|   0|S2||104/220|
2016-02-01 04:22:18 : 04:22| 1056|    18|  20800|  22284|    186| 11|1|   148|   148|   0|S2||102/220|
2016-02-01 04:27:20 : 04:27| 1067|     7|  90903|    138|    349|  7|1|  1295|  1295|   0|--||112/220|
2016-02-01 04:36:03 : 04:36| 1074|     3|  41000|  43479|    139|  9|1|   148|   148|   0|S2||103/220|
2016-02-01 04:39:16 : 04:39| 1083|     3| 128472|  94468|      0|-19|0|     0|     0|   0|--||100/220|
2016-02-01 04:47:05 : 04:47| 1064|     9| 151073|   1771|     10|  7|1|   407|   407|   0|S2||102/220|
2016-02-01 04:52:31 : 04:52| 1071|    19|  10154|  13037|     60|  7|1|   814|   814|   0|S2||112/220|
2016-02-01 04:58:06 : 04:58| 1078|     8|  19294|  70000|    224|  9|1|   111|   111|   0|S2||102/220|
2016-02-01 05:04:13 : 05:04| 1087|    17| 331189| 155543|   2700|-20|0|     0|     0|   0|--||104/220|
2016-02-01 05:14:41 : 05:14| 1067|     3|  33616|   4635|      0|  7|1|   444|   444|   0|S2||107/220|
2016-02-01 05:19:30 : 05:19| 1074|     7|  89420|  52160|    309| 10|1|  1110|  1110|   0|S2||110/220|
2016-02-01 05:35:36 : 05:35| 1084|    11|  59441|  35803|    187|  7|1|   999|   999|   0|--||159/220|
2016-02-01 05:40:24 : 05:40| 1091|     4|  40484|    752|      0|-21|0|     0|     0|   0|--||100/220|
2016-02-01 05:44:39 : 05:44| 1070|     4|  92336|  46807|     15|-22|0|     0|     0|   0|--||105/220|
2016-02-01 05:51:41 : 05:51| 1048|    15|  38385|  12907|    134| 11|1|   296|   296|   0|S2||101/220|
2016-02-01 05:55:16 : 05:55| 1059|     1|  61329|  19269|      0| 10|1|   888|   888|   0|S2||110/220|
2016-02-01 06:01:22 : 06:01| 1069|     6|  24146|   8826|     56| 10|1|   296|   296|   0|S2||102/220|
2016-02-01 06:07:39 : 06:07| 1079|    18|      0|      0|      0|-18|0|     0|     0|   0|--||115/220|
2016-02-01 06:11:03 : 06:11| 1061|     1|  78996|  84676|     52|  6|1|   592|   592|   0|S2||118/220|
2016-02-01 06:16:45 : 06:16| 1067|     3|   7429|      0|    258|-29|0|     0|     0|   0|--||101/220|
2016-02-01 06:25:35 : 06:25| 1038|     6|  34854|  17896|      0|-22|0|     0|     0|   0|--||120/220|
2016-02-01 06:29:35 : 06:29| 1016|    10|  51428|  13809|     68| 10|1|   444|   444|   0|S2||111/220|
2016-02-01 06:33:11 : 06:33| 1026|     6|  27350|  43181|     31|-28|0|     0|     0|   0|--||117/220|
