2016-01-22 04:47:49 : 04:47|  747|     3|  29969|  27548|    110| 13|1|   104|   104|   0|B1||220/220|
2016-01-22 04:50:13 : 04:50|  760|     1| 490652|  44000|    645| 20|2|  1079|  1079|   0|B1||220/220|
2016-01-22 04:57:16 : 04:57|  780|    11|      0|      0|      0| 13|1|    78|    78|   0|B1||70/220|
2016-01-22 05:01:07 : 05:01|  793|     6|   1291|      0|      0|-11|0|     0|     0|   0|--||84/220|
2016-01-22 05:02:53 : 05:02|  782|     1|  16976|  10244|     48| 11|1|    78|    78|   0|B1||92/220|
2016-01-22 05:10:56 : ============================= ATTACK LOG ==============================
2016-01-22 05:10:56 :                    --------  LOOT --------       ----- BONUS ------
2016-01-22 05:10:56 :  TIME|TROP.|SEARCH|   GOLD| ELIXIR|DARK EL|TR.|S|  GOLD|ELIXIR|  DE|L.
2016-01-22 05:12:32 : ============================= ATTACK LOG ==============================
2016-01-22 05:12:32 :                    --------  LOOT --------       ----- BONUS ------
2016-01-22 05:12:32 :  TIME|TROP.|SEARCH|   GOLD| ELIXIR|DARK EL|TR.|S|  GOLD|ELIXIR|  DE|L.
2016-01-22 05:16:19 : ============================= ATTACK LOG ==============================
2016-01-22 05:16:19 :                    --------  LOOT --------       ----- BONUS ------
2016-01-22 05:16:19 :  TIME|TROP.|SEARCH|   GOLD| ELIXIR|DARK EL|TR.|S|  GOLD|ELIXIR|  DE|L.
2016-01-22 05:20:50 : 05:20|  793|    12| 177271| 110617|    309| 11|1|   936|   936|   0|B1||220/220|
2016-01-22 05:26:18 : 05:26|  804|    12|   2866|  40564|     23| 14|1|   156|   156|   0|S3||68/220|
2016-01-22 05:27:58 : 05:27|  818|     1|  31000|  47580|    143| 12|1|   208|   208|   0|S3||86/220|
2016-01-22 05:29:42 : 05:29|  830|     1|      0|   7368|      0| 12|1|   208|   208|   0|S3||87/220|
2016-01-22 05:31:29 : 05:31|  842|     3|    732|   5986|      1| 12|1|   104|   104|   0|S3||89/220|
2016-01-22 05:33:20 : 05:33|  854|     3|  11111|  15973|     58|  9|1|   104|   104|   0|S3||90/220|
2016-01-22 05:36:44 : 05:36|  863|     6|      0|      0|      0|-10|0|     0|     0|   0|--||96/220|
2016-01-22 05:38:13 : 05:38|  853|     1|  12450|  17189|    124| 11|1|   104|   104|   0|S3||111/220|
2016-01-22 05:40:39 : 05:40|  864|     6|   5568|  28266|     61| 14|1|   104|   104|   0|S3||107/220|
2016-01-22 05:42:15 : 05:42|  878|     2|     12|   3034|      6| 11|1|   156|   156|   0|S3||120/220|
2016-01-22 05:45:13 : ============================= ATTACK LOG ==============================
2016-01-22 05:45:13 :                    --------  LOOT --------       ----- BONUS ------
2016-01-22 05:45:13 :  TIME|TROP.|SEARCH|   GOLD| ELIXIR|DARK EL|TR.|S|  GOLD|ELIXIR|  DE|L.
2016-01-22 05:50:15 : ============================= ATTACK LOG ==============================
2016-01-22 05:50:15 :                    --------  LOOT --------       ----- BONUS ------
2016-01-22 05:50:15 :  TIME|TROP.|SEARCH|   GOLD| ELIXIR|DARK EL|TR.|S|  GOLD|ELIXIR|  DE|L.
2016-01-22 05:52:33 : 05:52|  889|     3|  54534|  37695|    104| 11|1|   208|   208|   0|S3||216/220|
2016-01-22 05:54:07 : 05:54|  900|     1|  33896|   7480|     48|  9|1|   104|   104|   0|S3||220/220|
2016-01-22 06:15:16 : ============================= ATTACK LOG ==============================
2016-01-22 06:15:16 :                    --------  LOOT --------       ----- BONUS ------
2016-01-22 06:15:16 :  TIME|TROP.|SEARCH|   GOLD| ELIXIR|DARK EL|TR.|S|  GOLD|ELIXIR|  DE|L.
2016-01-22 06:15:53 : ============================= ATTACK LOG ==============================
2016-01-22 06:15:53 :                    --------  LOOT --------       ----- BONUS ------
2016-01-22 06:15:53 :  TIME|TROP.|SEARCH|   GOLD| ELIXIR|DARK EL|TR.|S|  GOLD|ELIXIR|  DE|L.
2016-01-22 06:19:24 : ============================= ATTACK LOG ==============================
2016-01-22 06:19:24 :                    --------  LOOT --------       ----- BONUS ------
2016-01-22 06:19:24 :  TIME|TROP.|SEARCH|   GOLD| ELIXIR|DARK EL|TR.|S|  GOLD|ELIXIR|  DE|L.
2016-01-22 06:19:44 : ============================= ATTACK LOG ==============================
2016-01-22 06:19:44 :                    --------  LOOT --------       ----- BONUS ------
2016-01-22 06:19:44 :  TIME|TROP.|SEARCH|   GOLD| ELIXIR|DARK EL|TR.|S|  GOLD|ELIXIR|  DE|L.
2016-01-22 06:23:27 : 06:23|  939|     7|  14962|  12270|    118| 11|1|   234|   234|   0|S3||220/220|
2016-01-22 06:30:25 : ============================= ATTACK LOG ==============================
2016-01-22 06:30:25 :                    --------  LOOT --------       ----- BONUS ------
2016-01-22 06:30:25 :  TIME|TROP.|SEARCH|   GOLD| ELIXIR|DARK EL|TR.|S|  GOLD|ELIXIR|  DE|L.
2016-01-22 06:34:35 : 06:34|  960|     2|  15373|   7350|    172|  9|1|   104|   104|   0|S3||220/220|
2016-01-22 06:37:02 : ============================= ATTACK LOG ==============================
2016-01-22 06:37:02 :                    --------  LOOT --------       ----- BONUS ------
2016-01-22 06:37:02 :  TIME|TROP.|SEARCH|   GOLD| ELIXIR|DARK EL|TR.|S|  GOLD|ELIXIR|  DE|L.
2016-01-22 06:55:47 : 06:55|  691|     6|   7139|   8161|     42| 15|1|    52|    52|   0|B1||129/220|
2016-01-22 06:58:12 : 06:58|  706|     7|   7271|   7678|     38| 15|1|   104|   104|   0|B1||135/220|
2016-01-22 06:59:49 : 06:59|  721|     2|   1281|   4292|      2| 14|1|   156|   156|   0|B1||141/220|
2016-01-22 07:01:52 : 07:01|  735|     4|   5341|   1673|     18| 14|1|   104|   104|   0|B1||141/220|
2016-01-22 07:03:36 : 07:03|  749|     3|  11973|  26673|    114| 11|1|   104|   104|   0|B1||147/220|
2016-01-22 07:05:07 : 07:05|  760|     1|   4540|   4469|     26| 14|1|   104|   104|   0|B1||147/220|
2016-01-22 07:08:07 : 07:08|  774|     1|  92831|  96044|    129| 12|1|   845|   845|   0|B1||159/220|
2016-01-22 07:15:27 : ============================= ATTACK LOG ==============================
2016-01-22 07:15:27 :                    --------  LOOT --------       ----- BONUS ------
2016-01-22 07:15:27 :  TIME|TROP.|SEARCH|   GOLD| ELIXIR|DARK EL|TR.|S|  GOLD|ELIXIR|  DE|L.
2016-01-22 07:23:05 : 07:23|  786|     1| 104672|  94023|    148| 12|1|   676|   676|   0|B1||155/220|
2016-01-22 07:36:57 : 07:36|  798|     2| 380180| 443802|    254| 12|1|   767|   767|   0|B1||156/220|
2016-01-22 07:51:16 : 07:51|  810|     7|  34060|  21223|    101| 13|1|   104|   104|   0|S3||154/220|
2016-01-22 07:53:39 : 07:53|  823|     3| 164958| 150751|    432| 12|1|  1950|  1950|   0|S3||159/220|
2016-01-22 08:11:55 : 08:11|  835|     2|   2346|  58042|    711|  9|1|  1326|  1326|   0|S3||154/220|
2016-01-22 08:29:35 : 08:29|  844|     2| 288555| 212041|    445| 11|2|  2158|  2158|   0|S3||157/220|
2016-01-22 08:48:15 : 08:48|  855|    11| 218841| 178602|    205| 22|2|  2392|  2392|   0|S3||154/220|
2016-01-22 09:14:01 : 09:14|  693|     3| 225727| 251702|     50| 14|1|   728|   728|   0|--||177/220|
2016-01-22 09:31:49 : 09:31|  707|     2|  73363|  36389|      9| -7|0|     0|     0|   0|--||154/220|
2016-01-22 09:50:03 : 09:50|  700|     2| 109538| 172765|     49| 12|1|   780|   780|   0|B1||156/220|
2016-01-22 10:09:14 : 10:09|  712|     6|  87140| 157367|     81| 30|2|  1040|  1040|   0|B1||158/220|
2016-01-22 10:27:37 : 10:27|  742|     4|  91213|  82093|    145| 12|1|   624|   624|   0|B1||155/220|
2016-01-22 10:45:10 : 10:45|  754|     2|  68390|  75101|    334| 12|1|   598|   598|   0|B1||155/220|
2016-01-22 11:02:13 : 11:02|  766|     1|  39156|  30416|     92|  8|1|    39|    39|   0|B1||154/220|
2016-01-22 11:04:09 : 11:04|  774|     1|  15675|  17246|     56| 12|1|    39|    39|   0|B1||156/220|
2016-01-22 11:06:34 : 11:06|  786|     2| 194047| 116438|    180| -7|0|     0|     0|   0|--||159/220|
2016-01-22 11:25:25 : 11:25|  779|     7|  69566|  31936|     98| 14|1|  1118|  1118|   0|B1||156/220|
2016-01-22 11:44:17 : 11:44|  793|     3|  73897|  70069|    243| 12|1|   949|   949|   0|B1||156/220|
2016-01-22 12:02:46 : 12:02|  805|     8|  88998|  51178|     72| 11|1|   988|   988|   0|S3||154/220|
2016-01-22 12:20:48 : 12:20|  816|    10|  53064|  98428|     62| 10|1|  1482|  1482|   0|S3||154/220|
2016-01-22 12:38:00 : 12:38|  826|     8|  14364|  16182|    116| 10|1|    78|    78|   0|S3||155/220|
2016-01-22 12:41:16 : 12:41|  836|     2|   1072|  44129|    110|  9|1|   858|   858|   0|S3||166/220|
2016-01-22 12:58:14 : 12:58|  845|     1|  93452| 118568|     55| 10|1|  1482|  1482|   0|S3||155/220|
2016-01-24 19:28:55 : ============================= ATTACK LOG ==============================
2016-01-24 19:28:55 :                    --------  LOOT --------       ----- BONUS ------
2016-01-24 19:28:55 :  TIME|TROP.|SEARCH|   GOLD| ELIXIR|DARK EL|TR.|S|  GOLD|ELIXIR|  DE|L.
2016-01-25 00:23:12 : ============================= ATTACK LOG ==============================
2016-01-25 00:23:12 :                    --------  LOOT --------       ----- BONUS ------
2016-01-25 00:23:12 :  TIME|TROP.|SEARCH|   GOLD| ELIXIR|DARK EL|TR.|S|  GOLD|ELIXIR|  DE|L.
2016-01-26 16:08:58 : ============================= ATTACK LOG ==============================
2016-01-26 16:08:58 :                    --------  LOOT --------       ----- BONUS ------
2016-01-26 16:08:58 :  TIME|TROP.|SEARCH|   GOLD| ELIXIR|DARK EL|TR.|S|  GOLD|ELIXIR|  DE|L.
