2016-01-26 16:29:03 :  My Bot v5.0.2 860x780 (BlueStacks) Powered by MyBot.run ~
2016-01-26 16:29:03 : MyBot.run.au3 Script running on WIN_7  X64
2016-01-26 16:29:03 : =================== Bot Start ====================
2016-01-26 16:29:03 : -------------------------  Current Profile: 06 --------------------------
2016-01-26 16:29:03 :  Warning Debug Mode Enabled! Setlog: 0 OCR: 0 RedArea: 0 ImageSave: 0 BuildingPos: 1-
2016-01-26 16:29:03 : Trying to locate Main Screen
2016-01-26 16:29:04 : Main Screen Located
2016-01-26 16:29:05 : Detecting your Buildings..
2016-01-26 16:29:06 : Finding your Clan Level, wait..
2016-01-26 16:29:08 : Found Clan Level: 5
2016-01-26 16:29:10 : Detecting your Village Theme
2016-01-26 16:29:10 : Normal Theme detected
2016-01-26 16:29:11 : Language setting is English: Correct.
2016-01-26 16:29:12 : Trying to locate Main Screen
2016-01-26 16:29:12 : Main Screen Located
2016-01-26 16:29:16 : Village Report
2016-01-26 16:29:16 : No. of Free/Total Builders: 1/3
2016-01-26 16:29:16 :  [T]: 945
2016-01-26 16:29:16 :  [G]: 47 242 [E]: 66 623 [GEM]: 340
2016-01-26 16:29:16 : Switching back to normal after no gold to search ...
2016-01-26 16:29:17 : Trying to locate Main Screen
2016-01-26 16:29:17 : Main Screen Located
2016-01-26 16:29:21 : Village Report
2016-01-26 16:29:21 : No. of Free/Total Builders: 1/3
2016-01-26 16:29:21 :  [T]: 945
2016-01-26 16:29:21 :  [G]: 47 242 [E]: 66 623 [GEM]: 340
2016-01-26 16:29:23 : Training Troops & Spells
2016-01-26 16:29:24 : Checking Army Camp...
2016-01-26 16:29:25 : Total Army Camp capacity: 139/140 (99%)
2016-01-26 16:29:27 :  - No. of Barbarians: 46
2016-01-26 16:29:27 :  - No. of Archers: 46
2016-01-26 16:29:27 :  - No. of Goblins: 8
2016-01-26 16:29:27 :  - No. of Giants: 7
2016-01-26 16:29:27 :  - No. of Wallbreakers: 2
2016-01-26 16:29:28 : Barracks and Spell factory status: 
2016-01-26 16:29:28 : - Barracks detected: 3 | Available: 3 | Upgrading: 0
2016-01-26 16:29:28 : - Dark Barracks detected: 0 | Available: 0 | Upgrading: 0
2016-01-26 16:29:28 : - Spell factory detected: 1 | Available: 1 | Upgrading: 0
2016-01-26 16:29:28 : - Dark Spell factory detected: 0 | Available: 0 | Upgrading: 0
2016-01-26 16:29:28 : Skipping Train Army
2016-01-26 16:29:31 : Waiting for Main Screen
2016-01-26 16:29:41 : Skipping Collect Resources
2016-01-26 16:29:41 : Skipping Clear Tombstones
2016-01-26 16:29:41 : Skipping ReArming Village
2016-01-26 16:29:41 : Skipping Laboratory Upgrades
2016-01-26 16:29:41 : Skipping Building Upgrades
2016-01-26 16:29:41 : Skipping Upgrade Walls
2016-01-26 16:29:41 : Skipping Donate Troops
2016-01-26 16:29:41 : Trophy Count : 945
2016-01-26 16:29:41 : Dropping Trophies to 700
2016-01-26 16:29:44 : Going to Attack...
2016-01-26 16:29:50 : Identification of your troops:
2016-01-26 16:29:50 : Initiating attack for: Drop Trophy
2016-01-26 16:29:55 : -*-Barbarians 46
2016-01-26 16:29:55 : -*-Archers 46
2016-01-26 16:29:55 : -*-Goblins 8
2016-01-26 16:29:55 : -*-Giants 7
2016-01-26 16:29:55 : -*-Wall Breakers 2
2016-01-26 16:29:55 : Deploying 1 Barbarian
2016-01-26 16:29:56 :  Trophy loss = 21
2016-01-26 16:29:57 : Returning Home
2016-01-26 16:30:04 : Trophy Count : 924
2016-01-26 16:30:04 : Dropping Trophies to 700
2016-01-26 16:30:06 : Going to Attack...
2016-01-26 16:30:13 : Identification of your troops:
2016-01-26 16:30:13 : Initiating attack for: Drop Trophy
2016-01-26 16:30:18 : -*-Barbarians 45
2016-01-26 16:30:18 : -*-Archers 46
2016-01-26 16:30:18 : -*-Goblins 8
2016-01-26 16:30:18 : -*-Giants 7
2016-01-26 16:30:18 : -*-Wall Breakers 2
2016-01-26 16:30:18 : Deploying 1 Barbarian
2016-01-26 16:30:18 :  Trophy loss = 16
2016-01-26 16:30:19 : Returning Home
2016-01-26 16:30:26 : Trophy Count : 908
2016-01-26 16:30:26 : Dropping Trophies to 700
2016-01-26 16:30:28 : Going to Attack...
2016-01-26 16:30:35 : Identification of your troops:
2016-01-26 16:30:35 : Initiating attack for: Drop Trophy
2016-01-26 16:30:40 : -*-Barbarians 44
2016-01-26 16:30:40 : -*-Archers 46
2016-01-26 16:30:40 : -*-Goblins 8
2016-01-26 16:30:40 : -*-Giants 7
2016-01-26 16:30:40 : -*-Wall Breakers 2
2016-01-26 16:30:40 : Deploying 1 Barbarian
2016-01-26 16:30:40 :  Trophy loss = 14
2016-01-26 16:30:41 : Returning Home
2016-01-26 16:30:48 : Trophy Count : 894
2016-01-26 16:30:48 : Dropping Trophies to 700
2016-01-26 16:30:50 : Going to Attack...
2016-01-26 16:30:57 : Identification of your troops:
2016-01-26 16:30:57 : Initiating attack for: Drop Trophy
2016-01-26 16:31:02 : -*-Barbarians 43
2016-01-26 16:31:02 : -*-Archers 46
2016-01-26 16:31:02 : -*-Goblins 8
2016-01-26 16:31:02 : -*-Giants 7
2016-01-26 16:31:02 : -*-Wall Breakers 2
2016-01-26 16:31:02 : Deploying 1 Barbarian
2016-01-26 16:31:02 :  Trophy loss = 18
2016-01-26 16:31:03 : Returning Home
2016-01-26 16:31:11 : Trophy Count : 876
2016-01-26 16:31:11 : Dropping Trophies to 700
2016-01-26 16:31:13 : Going to Attack...
2016-01-26 16:31:19 : Identification of your troops:
2016-01-26 16:31:19 : Initiating attack for: Drop Trophy
2016-01-26 16:31:25 : -*-Barbarians 42
2016-01-26 16:31:25 : -*-Archers 46
2016-01-26 16:31:25 : -*-Goblins 8
2016-01-26 16:31:25 : -*-Giants 8
2016-01-26 16:31:25 : -*-Wall Breakers 2
2016-01-26 16:31:25 : Deploying 1 Barbarian
2016-01-26 16:31:25 :  Trophy loss = 18
2016-01-26 16:31:26 : Returning Home
2016-01-26 16:31:33 : Trophy Count : 858
2016-01-26 16:31:33 : Dropping Trophies to 700
2016-01-26 16:31:35 : Going to Attack...
2016-01-26 16:31:42 : Identification of your troops:
2016-01-26 16:31:42 : Initiating attack for: Drop Trophy
2016-01-26 16:31:47 : -*-Barbarians 41
2016-01-26 16:31:47 : -*-Archers 46
2016-01-26 16:31:47 : -*-Goblins 8
2016-01-26 16:31:47 : -*-Giants 8
2016-01-26 16:31:47 : -*-Wall Breakers 2
2016-01-26 16:31:47 : Deploying 1 Barbarian
2016-01-26 16:31:47 :  Trophy loss = 15
2016-01-26 16:31:48 : Returning Home
2016-01-26 16:31:55 : Trophy Count : 843
2016-01-26 16:31:55 : Dropping Trophies to 700
2016-01-26 16:31:57 : Going to Attack...
2016-01-26 16:32:04 : Identification of your troops:
2016-01-26 16:32:04 : Initiating attack for: Drop Trophy
2016-01-26 16:32:09 : -*-Barbarians 40
2016-01-26 16:32:09 : -*-Archers 46
2016-01-26 16:32:09 : -*-Goblins 8
2016-01-26 16:32:09 : -*-Giants 8
2016-01-26 16:32:09 : -*-Wall Breakers 2
2016-01-26 16:32:09 : Deploying 1 Barbarian
2016-01-26 16:32:09 :  Trophy loss = 13
2016-01-26 16:32:10 : Returning Home
2016-01-26 16:32:17 : Trophy Count : 830
2016-01-26 16:32:17 : Dropping Trophies to 700
2016-01-26 16:32:20 : Going to Attack...
2016-01-26 16:32:26 : Identification of your troops:
2016-01-26 16:32:26 : Initiating attack for: Drop Trophy
2016-01-26 16:32:31 : -*-Barbarians 39
2016-01-26 16:32:31 : -*-Archers 46
2016-01-26 16:32:31 : -*-Goblins 8
2016-01-26 16:32:31 : -*-Giants 8
2016-01-26 16:32:31 : -*-Wall Breakers 2
2016-01-26 16:32:31 : Deploying 1 Barbarian
2016-01-26 16:32:32 :  Trophy loss = 21
2016-01-26 16:32:33 : Returning Home
2016-01-26 16:32:40 : Trophy Count : 809
2016-01-26 16:32:40 : Dropping Trophies to 700
2016-01-26 16:32:42 : Going to Attack...
2016-01-26 16:32:49 : Identification of your troops:
2016-01-26 16:32:49 : Initiating attack for: Drop Trophy
2016-01-26 16:32:54 : -*-Barbarians 38
2016-01-26 16:32:54 : -*-Archers 46
2016-01-26 16:32:54 : -*-Goblins 8
2016-01-26 16:32:54 : -*-Giants 8
2016-01-26 16:32:54 : -*-Wall Breakers 2
2016-01-26 16:32:54 : Deploying 1 Barbarian
2016-01-26 16:32:54 :  Trophy loss = 16
2016-01-26 16:32:55 : Returning Home
2016-01-26 16:33:02 : Trophy Count : 793
2016-01-26 16:33:02 : Dropping Trophies to 700
2016-01-26 16:33:04 : Going to Attack...
2016-01-26 16:33:11 : Identification of your troops:
2016-01-26 16:33:11 : Initiating attack for: Drop Trophy
2016-01-26 16:33:16 : -*-Barbarians 37
2016-01-26 16:33:16 : -*-Archers 46
2016-01-26 16:33:16 : -*-Goblins 8
2016-01-26 16:33:16 : -*-Giants 8
2016-01-26 16:33:16 : -*-Wall Breakers 2
2016-01-26 16:33:16 : Deploying 1 Barbarian
2016-01-26 16:33:16 :  Trophy loss = 15
2016-01-26 16:33:17 : Returning Home
2016-01-26 16:33:24 : Trophy Count : 778
2016-01-26 16:33:24 : Dropping Trophies to 700
2016-01-26 16:33:27 : Going to Attack...
2016-01-26 16:33:33 : Identification of your troops:
2016-01-26 16:33:33 : Initiating attack for: Drop Trophy
2016-01-26 16:33:38 : -*-Barbarians 36
2016-01-26 16:33:38 : -*-Archers 46
2016-01-26 16:33:38 : -*-Goblins 8
2016-01-26 16:33:38 : -*-Giants 8
2016-01-26 16:33:38 : -*-Wall Breakers 2
2016-01-26 16:33:39 : Deploying 1 Barbarian
2016-01-26 16:33:39 :  Trophy loss = 18
2016-01-26 16:33:40 : Returning Home
2016-01-26 16:33:47 : Trophy Count : 760
2016-01-26 16:33:47 : Dropping Trophies to 700
2016-01-26 16:33:49 : Going to Attack...
2016-01-26 16:33:56 : Identification of your troops:
2016-01-26 16:33:56 : Initiating attack for: Drop Trophy
2016-01-26 16:34:01 : -*-Barbarians 35
2016-01-26 16:34:01 : -*-Archers 46
2016-01-26 16:34:01 : -*-Goblins 8
2016-01-26 16:34:01 : -*-Giants 8
2016-01-26 16:34:01 : -*-Wall Breakers 2
2016-01-26 16:34:01 : Deploying 1 Barbarian
2016-01-26 16:34:01 :  Trophy loss = 15
2016-01-26 16:34:02 : Returning Home
2016-01-26 16:34:09 : Trophy Count : 745
2016-01-26 16:34:09 : Dropping Trophies to 700
2016-01-26 16:34:11 : Going to Attack...
2016-01-26 16:34:18 : Identification of your troops:
2016-01-26 16:34:18 : Initiating attack for: Drop Trophy
2016-01-26 16:34:23 : -*-Barbarians 34
2016-01-26 16:34:23 : -*-Archers 46
2016-01-26 16:34:23 : -*-Goblins 8
2016-01-26 16:34:23 : -*-Giants 8
2016-01-26 16:34:23 : -*-Wall Breakers 2
2016-01-26 16:34:23 : Deploying 1 Barbarian
2016-01-26 16:34:23 :  Trophy loss = 15
2016-01-26 16:34:24 : Returning Home
2016-01-26 16:34:31 : Trophy Count : 730
2016-01-26 16:34:31 : Dropping Trophies to 700
2016-01-26 16:34:33 : Going to Attack...
2016-01-26 16:34:40 : Identification of your troops:
2016-01-26 16:34:40 : Initiating attack for: Drop Trophy
2016-01-26 16:34:45 : -*-Barbarians 33
2016-01-26 16:34:45 : -*-Archers 46
2016-01-26 16:34:45 : -*-Goblins 8
2016-01-26 16:34:45 : -*-Giants 8
2016-01-26 16:34:45 : -*-Wall Breakers 2
2016-01-26 16:34:45 : Deploying 1 Barbarian
2016-01-26 16:34:45 :  Trophy loss = 12
2016-01-26 16:34:46 : Returning Home
2016-01-26 16:34:54 : Trophy Count : 718
2016-01-26 16:34:54 : Dropping Trophies to 700
2016-01-26 16:34:56 : Going to Attack...
2016-01-26 16:35:02 : Identification of your troops:
2016-01-26 16:35:02 : Initiating attack for: Drop Trophy
2016-01-26 16:35:07 : -*-Barbarians 32
2016-01-26 16:35:07 : -*-Archers 46
2016-01-26 16:35:08 : -*-Goblins 8
2016-01-26 16:35:08 : -*-Giants 8
2016-01-26 16:35:08 : -*-Wall Breakers 2
2016-01-26 16:35:08 : Deploying 1 Barbarian
2016-01-26 16:35:08 :  Trophy loss = 12
2016-01-26 16:35:09 : Returning Home
2016-01-26 16:35:16 : Trophy Count : 706
2016-01-26 16:35:16 : Dropping Trophies to 700
2016-01-26 16:35:18 : Going to Attack...
2016-01-26 16:35:25 : Identification of your troops:
2016-01-26 16:35:25 : Initiating attack for: Drop Trophy
2016-01-26 16:35:30 : -*-Barbarians 31
2016-01-26 16:35:30 : -*-Archers 46
2016-01-26 16:35:30 : -*-Goblins 8
2016-01-26 16:35:30 : -*-Giants 8
2016-01-26 16:35:30 : -*-Wall Breakers 2
2016-01-26 16:35:30 : Deploying 1 Barbarian
2016-01-26 16:35:30 :  Trophy loss = 11
2016-01-26 16:35:31 : Returning Home
2016-01-26 16:35:38 : Trophy Count : 695
2016-01-26 16:35:38 : Trophy Drop Complete
2016-01-26 16:35:39 : Going to Attack...
2016-01-26 16:35:45 : ============== Searching For Dead Base ===============
2016-01-26 16:35:45 : ~~~~~~~~~~~~~~~ SEARCH CONDITIONS ~~~~~~~~~~~~~~~~
2016-01-26 16:35:45 : Meet: Gold and Elixir, Max TH 4-6
2016-01-26 16:35:45 : ~~~~~~~~~~~~~~ RESOURCE CONDITIONS ~~~~~~~~~~~~~~~
2016-01-26 16:35:45 : Aim: [G]: 110000 [E]: 110000 [D]:    0 [T]: 0 [TH]:4-6 for: Dead Base
2016-01-26 16:35:45 : ==================================================
2016-01-26 16:35:46 : #*# checkTownhallADV2: 
2016-01-26 16:35:46 :   - Position (418,318)
2016-01-26 16:35:46 :   - TownHall detected level 4-6
2016-01-26 16:35:46 :   - Image Match 001T75X0Y0.bmp
2016-01-26 16:35:46 :   - IsInsidediamond: True
2016-01-26 16:35:46 :   - Calculated  in: 0.41 seconds 
2016-01-26 16:35:46 :   - Images checked: 6
2016-01-26 16:35:47 :   1> [G]:  36006 [E]:  16006 [D]:  N/A [T]:15 [TH]:4-6, In
2016-01-26 16:35:50 : #*# checkTownhallADV2: 
2016-01-26 16:35:50 :   - Position (475,324)
2016-01-26 16:35:50 :   - TownHall detected level 4-6
2016-01-26 16:35:51 :   - Image Match 001T75X0Y0.bmp
2016-01-26 16:35:51 :   - IsInsidediamond: True
2016-01-26 16:35:51 :   - Calculated  in: 0.42 seconds 
2016-01-26 16:35:51 :   - Images checked: 6
2016-01-26 16:35:51 :   2> [G]:  54400 [E]:  14505 [D]:  N/A [T]:26 [TH]:4-6, In
2016-01-26 16:35:56 : #*# checkTownhallADV2: 
2016-01-26 16:35:56 :   - Position (467,306)
2016-01-26 16:35:56 :   - TownHall detected level 4-6
2016-01-26 16:35:57 :   - Image Match 001T75X0Y0.bmp
2016-01-26 16:35:57 :   - IsInsidediamond: True
2016-01-26 16:35:57 :   - Calculated  in: 0.43 seconds 
2016-01-26 16:35:57 :   - Images checked: 6
2016-01-26 16:35:57 :   3> [G]:  96814 [E]:  72268 [D]:  N/A [T]:35 [TH]:4-6, In
2016-01-26 16:36:02 : #*# checkTownhallADV2: 
2016-01-26 16:36:02 :   - Position (530,219)
2016-01-26 16:36:02 :   - TownHall detected level 4-6
2016-01-26 16:36:02 :   - Image Match 001T75X0Y0.bmp
2016-01-26 16:36:02 :   - IsInsidediamond: True
2016-01-26 16:36:03 :   - Calculated  in: 0.42 seconds 
2016-01-26 16:36:03 :   - Images checked: 6
2016-01-26 16:36:03 :   4> [G]:   2948 [E]:   3213 [D]:  N/A [T]:34 [TH]:4-6, In
2016-01-26 16:36:07 : #*# checkTownhallADV2: 
2016-01-26 16:36:07 :   - Position (483,318)
2016-01-26 16:36:07 :   - TownHall detected level 4-6
2016-01-26 16:36:07 :   - Image Match 001T75X0Y0.bmp
2016-01-26 16:36:07 :   - IsInsidediamond: True
2016-01-26 16:36:07 :   - Calculated  in: 0.43 seconds 
2016-01-26 16:36:07 :   - Images checked: 6
2016-01-26 16:36:07 :   5> [G]:   2457 [E]:   1309 [D]:  N/A [T]:21 [TH]:4-6, In
2016-01-26 16:36:13 : #*# checkTownhallADV2: 
2016-01-26 16:36:13 :   - Position (476,337)
2016-01-26 16:36:13 :   - TownHall detected level 4-6
2016-01-26 16:36:13 :   - Image Match 001T75X0Y0.bmp
2016-01-26 16:36:13 :   - IsInsidediamond: True
2016-01-26 16:36:13 :   - Calculated  in: 0.42 seconds 
2016-01-26 16:36:13 :   - Images checked: 6
2016-01-26 16:36:13 :   6> [G]:  37801 [E]:  17786 [D]:  N/A [T]:33 [TH]:4-6, In
2016-01-26 16:36:18 : #*# checkTownhallADV2: 
2016-01-26 16:36:18 :   - Position (467,343)
2016-01-26 16:36:18 :   - TownHall detected level 4-6
2016-01-26 16:36:18 :   - Image Match 001T75X0Y0.bmp
2016-01-26 16:36:18 :   - IsInsidediamond: True
2016-01-26 16:36:18 :   - Calculated  in: 0.42 seconds 
2016-01-26 16:36:19 :   - Images checked: 6
2016-01-26 16:36:19 :   7> [G]:   8252 [E]:   7428 [D]:  N/A [T]:35 [TH]:4-6, In
2016-01-26 16:36:25 : #*# checkTownhallADV2: 
2016-01-26 16:36:25 :   - Position (427,105)
2016-01-26 16:36:25 :   - TownHall detected level 4-6
2016-01-26 16:36:25 :   - Image Match 001T75X0Y0.bmp
2016-01-26 16:36:25 :   - IsInsidediamond: True
2016-01-26 16:36:25 :   - Calculated  in: 0.43 seconds 
2016-01-26 16:36:25 :   - Images checked: 6
2016-01-26 16:36:25 :   8> [G]:  60344 [E]:  58965 [D]:  N/A [T]:23 [TH]:4-6, Out
2016-01-26 16:36:31 : #*# checkTownhallADV2: 
2016-01-26 16:36:31 :   - Position (516,343)
2016-01-26 16:36:31 :   - TownHall detected level 4-6
2016-01-26 16:36:31 :   - Image Match 001T75X0Y0.bmp
2016-01-26 16:36:31 :   - IsInsidediamond: True
2016-01-26 16:36:31 :   - Calculated  in: 0.42 seconds 
2016-01-26 16:36:31 :   - Images checked: 6
2016-01-26 16:36:31 :   9> [G]:   2512 [E]:   2772 [D]:  N/A [T]:28 [TH]:4-6, In
2016-01-26 16:36:36 : #*# checkTownhallADV2: 
2016-01-26 16:36:36 :   - Position (421,417)
2016-01-26 16:36:36 :   - TownHall detected level 7
2016-01-26 16:36:36 :   - Image Match 001T70X0Y0.bmp
2016-01-26 16:36:36 :   - IsInsidediamond: True
2016-01-26 16:36:36 :   - Calculated  in: 0.4 seconds 
2016-01-26 16:36:36 :   - Images checked: 5
2016-01-26 16:36:36 :  10> [G]: 255211 [E]: 266391 [D]:  430 [T]:28 [TH]: 7, In
2016-01-26 16:36:42 : #*# checkTownhallADV2: 
2016-01-26 16:36:42 :   - Position (426,324)
2016-01-26 16:36:42 :   - TownHall detected level 4-6
2016-01-26 16:36:42 :   - Image Match 001T75X0Y0.bmp
2016-01-26 16:36:42 :   - IsInsidediamond: True
2016-01-26 16:36:42 :   - Calculated  in: 0.43 seconds 
2016-01-26 16:36:42 :   - Images checked: 6
2016-01-26 16:36:42 :  11> [G]: 107818 [E]: 216057 [D]:  N/A [T]:46 [TH]:4-6, In
2016-01-26 16:36:46 : #*# checkTownhallADV2: 
2016-01-26 16:36:46 :   - Position (429,325)
2016-01-26 16:36:46 :   - TownHall detected level 7
2016-01-26 16:36:46 :   - Image Match 001T70X0Y0.bmp
2016-01-26 16:36:46 :   - IsInsidediamond: True
2016-01-26 16:36:46 :   - Calculated  in: 0.37 seconds 
2016-01-26 16:36:46 :   - Images checked: 5
2016-01-26 16:36:46 :  12> [G]:  14285 [E]:  84015 [D]:  359 [T]:46 [TH]: 7, In
2016-01-26 16:36:50 : #*# checkTownhallADV2: 
2016-01-26 16:36:50 :   - Position (481,341)
2016-01-26 16:36:50 :   - TownHall detected level 4-6
2016-01-26 16:36:50 :   - Image Match 001T75X0Y0.bmp
2016-01-26 16:36:50 :   - IsInsidediamond: True
2016-01-26 16:36:50 :   - Calculated  in: 0.42 seconds 
2016-01-26 16:36:50 :   - Images checked: 6
2016-01-26 16:36:51 :  13> [G]:   3788 [E]:  12036 [D]:  N/A [T]:22 [TH]:4-6, In
2016-01-26 16:36:56 : #*# checkTownhallADV2: 
2016-01-26 16:36:56 :   - Position (270,268)
2016-01-26 16:36:56 :   - TownHall detected level 4-6
2016-01-26 16:36:56 :   - Image Match 001T75X0Y0.bmp
2016-01-26 16:36:56 :   - IsInsidediamond: True
2016-01-26 16:36:56 :   - Calculated  in: 0.43 seconds 
2016-01-26 16:36:56 :   - Images checked: 6
2016-01-26 16:36:58 : #*# ZombieSearch2: 
2016-01-26 16:36:58 :   - Position (432,267)
2016-01-26 16:36:58 :   - Elixir Collector 100% level 11
2016-01-26 16:36:58 :   - Image Match e11f100T65.bmp
2016-01-26 16:36:58 :   - IsInsidediamond: True
2016-01-26 16:36:58 :   - Calculated  in: 1.46 seconds 
2016-01-26 16:36:58 :   - Images checked: 27
2016-01-26 16:36:58 :  FOUND = True
2016-01-26 16:36:58 :  14> [G]: 177072 [E]: 202894 [D]:  N/A [T]:39 [TH]:4-6, In
2016-01-26 16:36:58 :       Dead Base Found! 
2016-01-26 16:37:00 : ================ Search Complete =================
2016-01-26 16:37:00 : Initiating attack for: Dead Base
2016-01-26 16:37:05 : -*-Barbarians 30
2016-01-26 16:37:05 : -*-Archers 46
2016-01-26 16:37:05 : -*-Goblins 8
2016-01-26 16:37:05 : -*-Giants 8
2016-01-26 16:37:05 : -*-Wall Breakers 2
2016-01-26 16:37:05 :  ====== Start Attack ====== 
2016-01-26 16:37:07 : Attacking on a single side
2016-01-26 16:37:07 : Calculating Smart Attack Strategy
2016-01-26 16:37:08 : Calculated  (in 1.17 seconds) :
2016-01-26 16:37:12 : Dropping 8  of Giants => on each side (side : 1)
2016-01-26 16:37:13 : Dropping 15  of Barbarians => on each side (side : 1)
2016-01-26 16:37:14 : Dropping 2  of Wall Breakers => on each side (side : 1)
2016-01-26 16:37:16 : Dropping 23  of Archers => on each side (side : 1)
2016-01-26 16:37:18 : Dropping 4  of Goblins => on each side (side : 1)
2016-01-26 16:37:19 : Dropping 15  of Barbarians => on each side (side : 1)
2016-01-26 16:37:21 : Dropping 23  of Archers => on each side (side : 1)
2016-01-26 16:37:23 : Dropping 4  of Goblins => on each side (side : 1)
2016-01-26 16:37:26 : Dropping left over troops
2016-01-26 16:37:26 : Checking remaining unused troops for: Dead Base
2016-01-26 16:37:40 : Checking remaining unused troops for: Dead Base
2016-01-26 16:37:54 : Finished Attacking, waiting for the battle to end
2016-01-26 16:37:54 : Checking if the battle has finished
2016-01-26 16:37:56 : detected [G]: 31412 [E]: 101389 [DE]:  |  Exit in 18 sec.
2016-01-26 16:37:56 : Gold & Elixir & DE change detected, waiting...
2016-01-26 16:37:58 : detected [G]: 31376 [E]: 101389 [DE]:  |  Exit in 18 sec.
2016-01-26 16:37:58 : Gold & Elixir & DE change detected, waiting...
2016-01-26 16:38:01 : detected [G]: 31376 [E]: 101389 [DE]:  |  Exit in 18 sec.
2016-01-26 16:38:02 : detected [G]: 31376 [E]: 101389 [DE]:  |  Exit in 17 sec.
2016-01-26 16:38:02 : Gold & Elixir & DE no change detected, exit
2016-01-26 16:38:02 : Returning Home
2016-01-26 16:38:06 : Loot: [G]: 145 696 [E]: 101 505 [T]: 13
2016-01-26 16:38:07 : Bonus Percentage: 80%
2016-01-26 16:38:07 : Bonus [G]: 1 040 out of 1 300 [E]: 1 040 out of 1 300
2016-01-26 16:38:08 : Your league level is: Bronze I
2016-01-26 16:38:08 : Stars earned: 1
2016-01-26 16:38:16 : Trying to locate Main Screen
2016-01-26 16:38:16 : Main Screen Located
2016-01-26 16:38:20 : Village Report
2016-01-26 16:38:20 : No. of Free/Total Builders: 1/3
2016-01-26 16:38:20 :  [T]: 708
2016-01-26 16:38:20 :  [G]: 186 478 [E]: 169 168 [GEM]: 340
2016-01-26 16:38:22 : Training Troops & Spells
2016-01-26 16:38:23 : Checking Army Camp...
2016-01-26 16:38:24 : Total Army Camp capacity: 0/140 (0%)
2016-01-26 16:38:26 : Barracks and Spell factory status: 
2016-01-26 16:38:26 : - Barracks detected: 3 | Available: 3 | Upgrading: 0
2016-01-26 16:38:26 : - Dark Barracks detected: 0 | Available: 0 | Upgrading: 0
2016-01-26 16:38:26 : - Spell factory detected: 1 | Available: 1 | Upgrading: 0
2016-01-26 16:38:26 : - Dark Spell factory detected: 0 | Available: 0 | Upgrading: 0
2016-01-26 16:38:27 : Remove previous training troops and start to train
