2016-01-26 20:42:34 : Unsupported MEmu screen size of 757 x 687 !
2016-01-26 20:42:34 : Unsupported MEmu screen size of 757 x 687 !
2016-01-26 20:42:43 :  My Bot v5.0.2 860x780 (MEmu) Powered by MyBot.run ~
2016-01-26 20:42:43 : MyBot.run.au3 Script running on WIN_7  X64
2016-01-26 20:42:43 : =================== Bot Start ====================
2016-01-26 20:42:43 : -------------------------  Current Profile: 06 --------------------------
2016-01-26 20:42:43 :  Warning Debug Mode Enabled! Setlog: 0 OCR: 0 RedArea: 0 ImageSave: 0 BuildingPos: 1-
2016-01-26 20:42:44 : Trying to locate Main Screen
2016-01-26 20:42:44 : Unsupported MEmu screen size of 757 x 687 !
2016-01-26 20:42:45 : Unsupported MEmu screen size of 757 x 687 !
2016-01-26 20:42:47 : Unsupported MEmu screen size of 757 x 687 !
2016-01-26 20:42:47 : Unsupported MEmu screen size of 757 x 687 !
2016-01-26 20:42:47 : Waiting for Main Screen
2016-01-26 20:42:48 : Unsupported MEmu screen size of 757 x 687 !
2016-01-26 20:42:48 : Unsupported MEmu screen size of 757 x 687 !
2016-01-26 20:42:51 : Unsupported MEmu screen size of 757 x 687 !
2016-01-26 20:42:51 : Unsupported MEmu screen size of 757 x 687 !
2016-01-26 20:42:52 : Unsupported MEmu screen size of 757 x 687 !
2016-01-26 20:42:53 : Unsupported MEmu screen size of 757 x 687 !
2016-01-26 20:42:55 : Unsupported MEmu screen size of 757 x 687 !
2016-01-26 20:42:56 : Unsupported MEmu screen size of 757 x 687 !
2016-01-26 20:42:56 : Unsupported MEmu screen size of 757 x 687 !
2016-01-26 20:42:57 : Unsupported MEmu screen size of 757 x 687 !
2016-01-26 20:42:59 : Unsupported MEmu screen size of 757 x 687 !
2016-01-26 20:43:00 : Unsupported MEmu screen size of 757 x 687 !
2016-01-26 20:43:00 : Unsupported MEmu screen size of 757 x 687 !
2016-01-26 20:43:01 : Unsupported MEmu screen size of 757 x 687 !
