2016-01-26 22:40:18 : Unsupported BlueStacks screen size of 807 x 732 !
2016-01-26 22:40:18 : Unsupported BlueStacks screen size of 807 x 732 !
2016-01-26 22:40:26 : Stopping BlueStacks ....
2016-01-26 22:40:33 : Please wait for full BS shutdown....
2016-01-26 22:40:41 : BS stopped succesfully
2016-01-26 22:40:42 : Set BlueStacks screen resolution to 860 x 732
2016-01-26 22:40:42 : A restart of your computer might be required for the applied changes to take effect.
2016-01-26 22:40:42 : Starting BlueStacks and Clash Of Clans
2016-01-26 22:40:44 : Please wait while BS/CoC starts....
2016-01-26 22:41:11 : BlueStacks Loaded, took 27 seconds to begin.
2016-01-26 22:41:11 : Waiting for Main Screen after BS restart
2016-01-26 22:41:26 : CoC main window took 14.57 seconds
2016-01-26 22:41:26 : Zooming Out
2016-01-26 22:41:30 :  My Bot v5.0.2 860x732 (BlueStacks) Powered by MyBot.run ~
2016-01-26 22:41:30 : MyBot.run.au3 Script running on WIN_7  X64
2016-01-26 22:41:30 : =================== Bot Start ====================
2016-01-26 22:41:30 : -------------------------  Current Profile: 06 --------------------------
2016-01-26 22:41:30 :  Warning Debug Mode Enabled! Setlog: 0 OCR: 0 RedArea: 0 ImageSave: 0 BuildingPos: 1-
2016-01-26 22:41:30 : Trying to locate Main Screen
2016-01-26 22:41:31 : Main Screen Located
2016-01-26 22:41:32 : Detecting your Buildings..
2016-01-26 22:41:33 : Finding your Clan Level, wait..
2016-01-26 22:41:39 : Found Clan Level: 5
2016-01-26 22:41:41 : Detecting your Village Theme
2016-01-26 22:41:41 : Normal Theme detected
2016-01-26 22:41:42 : Language setting is English: Correct.
2016-01-26 22:41:43 : Trying to locate Main Screen
2016-01-26 22:41:44 : Main Screen Located
2016-01-26 22:41:47 : Village Report
2016-01-26 22:41:47 : No. of Free/Total Builders: 0/3
2016-01-26 22:41:47 :  [T]: 757
2016-01-26 22:41:47 :  [G]: 773 840 [E]: 756 834 [GEM]: 340
2016-01-26 22:41:50 : Training Troops & Spells
2016-01-26 22:41:51 : Checking Army Camp...
2016-01-26 22:41:52 : Total Army Camp capacity: 140/140 (100%)
2016-01-26 22:41:58 :  - No. of Barbarians: 53
2016-01-26 22:41:58 :  - No. of Archers: 87
2016-01-26 22:41:58 : Barracks and Spell factory status: 
2016-01-26 22:41:58 : - Barracks detected: 3 | Available: 3 | Upgrading: 0
2016-01-26 22:41:58 : - Dark Barracks detected: 0 | Available: 0 | Upgrading: 0
2016-01-26 22:41:58 : - Spell factory detected: 1 | Available: 1 | Upgrading: 0
2016-01-26 22:41:58 : - Dark Spell factory detected: 0 | Available: 0 | Upgrading: 0
2016-01-26 22:41:58 : Skipping Train Army
2016-01-26 22:42:02 : Waiting for Main Screen
2016-01-26 22:42:12 : Skipping Collect Resources
2016-01-26 22:42:12 : Skipping Clear Tombstones
2016-01-26 22:42:12 : Skipping ReArming Village
2016-01-26 22:42:12 : Skipping Laboratory Upgrades
2016-01-26 22:42:12 : Skipping Building Upgrades
2016-01-26 22:42:12 : Skipping Upgrade Walls
2016-01-26 22:42:12 : Skipping Donate Troops
2016-01-26 22:42:13 : Going to Attack...
2016-01-26 22:42:19 : ============== Searching For Dead Base ===============
2016-01-26 22:42:19 : ~~~~~~~~~~~~~~~ SEARCH CONDITIONS ~~~~~~~~~~~~~~~~
2016-01-26 22:42:19 : Meet: Gold and Elixir, Max TH 4-6
2016-01-26 22:42:19 : ~~~~~~~~~~~~~~ RESOURCE CONDITIONS ~~~~~~~~~~~~~~~
2016-01-26 22:42:19 : Aim: [G]: 110000 [E]: 110000 [D]:    0 [T]: 0 [TH]:4-6 for: Dead Base
2016-01-26 22:42:19 : ==================================================
