2016-01-13 21:54:45 :  My Bot v5.0.2 860x780 (BlueStacks) Powered by MyBot.run ~
2016-01-13 21:54:45 : MyBot.run.au3 Script running on WIN_7  X64
2016-01-13 21:54:45 : =================== Bot Start ====================
2016-01-13 21:54:45 : -------------------------  Current Profile: 06 --------------------------
2016-01-13 21:54:45 : Trying to locate Main Screen
2016-01-13 21:54:46 : Main Screen Located
2016-01-13 21:54:47 : Detecting your Buildings..
2016-01-13 21:54:48 : Finding your Clan Level, wait..
2016-01-13 21:54:50 : Found Clan Level: 5
2016-01-13 21:54:52 : Detecting your Village Theme
2016-01-13 21:54:52 : Normal Theme detected
2016-01-13 21:54:53 : Language setting is English: Correct.
2016-01-13 21:54:54 : Trying to locate Main Screen
2016-01-13 21:54:55 : Main Screen Located
2016-01-13 21:54:58 : Village Report
2016-01-13 21:54:58 : No. of Free/Total Builders: 1/3
2016-01-13 21:54:58 :  [T]: 1 049
2016-01-13 21:54:58 :  [G]: 666 966 [E]: 954 849 [GEM]: 370
2016-01-13 21:55:01 : Training Troops & Spells
2016-01-13 21:55:02 : Checking Army Camp...
2016-01-13 21:55:03 : Total Army Camp capacity: 135/130 (103%)
2016-01-13 21:55:04 :  - No. of Barbarians: 45
2016-01-13 21:55:05 :  - No. of Archers: 50
2016-01-13 21:55:05 :  - No. of Giants: 8
2016-01-13 21:55:05 : Barracks and Spell factory status: 
2016-01-13 21:55:05 : - Barracks detected: 3 | Available: 3 | Upgrading: 0
2016-01-13 21:55:05 : - Dark Barracks detected: 0 | Available: 0 | Upgrading: 0
2016-01-13 21:55:05 : - Spell factory detected: 1 | Available: 0 | Upgrading: 1
2016-01-13 21:55:05 : - Dark Spell factory detected: 0 | Available: 0 | Upgrading: 0
2016-01-13 21:55:06 : Your Army Camps are now Full
2016-01-13 21:55:06 : Calculating Troops before Training new Army.
2016-01-13 21:55:06 : Remove previous training troops and start to train
2016-01-13 21:55:06 : Build troops before attacking.
2016-01-13 21:55:38 : Skipping Collect Resources
2016-01-13 21:55:38 : Skipping Clear Tombstones
2016-01-13 21:55:38 : Skipping ReArming Village
2016-01-13 21:55:38 : Skipping Laboratory Upgrades
2016-01-13 21:55:38 : Skipping Building Upgrades
2016-01-13 21:55:38 : Skipping Upgrade Walls
2016-01-13 21:55:38 : Skipping Donate Troops
2016-01-13 21:55:38 : Trophy Count : 1049
2016-01-13 21:55:38 : Dropping Trophies to 700
2016-01-13 21:55:41 : Going to Attack...
2016-01-13 21:55:47 : Identification of your troops:
2016-01-13 21:55:47 : Initiating attack for: Drop Trophy
2016-01-13 21:55:52 : -*-Barbarians 45
2016-01-13 21:55:52 : -*-Archers 50
2016-01-13 21:55:52 : -*-Giants 8
2016-01-13 21:55:52 : Deploying 1 Barbarian
2016-01-13 21:55:52 :  Trophy loss = 17
2016-01-13 21:55:54 : Returning Home
2016-01-13 21:56:03 : Trophy Count : 1032
2016-01-13 21:56:03 : Dropping Trophies to 700
2016-01-13 21:56:05 : Going to Attack...
2016-01-13 21:56:12 : Identification of your troops:
2016-01-13 21:56:12 : Initiating attack for: Drop Trophy
2016-01-13 21:56:17 : -*-Barbarians 44
2016-01-13 21:56:17 : -*-Archers 51
2016-01-13 21:56:17 : -*-Giants 8
2016-01-13 21:56:17 : Deploying 1 Barbarian
2016-01-13 21:56:17 :  Trophy loss = 20
2016-01-13 21:56:18 : Returning Home
2016-01-13 21:56:25 : Trophy Count : 1012
2016-01-13 21:56:25 : Dropping Trophies to 700
2016-01-13 21:56:27 : Going to Attack...
2016-01-13 21:56:34 : Identification of your troops:
2016-01-13 21:56:34 : Initiating attack for: Drop Trophy
2016-01-13 21:56:39 : -*-Barbarians 43
2016-01-13 21:56:39 : -*-Archers 52
2016-01-13 21:56:39 : -*-Giants 8
2016-01-13 21:56:39 : Deploying 1 Barbarian
2016-01-13 21:56:39 :  Trophy loss = 24
2016-01-13 21:56:40 : Returning Home
2016-01-13 21:56:47 : Trophy Count : 988
2016-01-13 21:56:47 : Dropping Trophies to 700
2016-01-13 21:56:49 : Going to Attack...
2016-01-13 21:56:56 : Identification of your troops:
2016-01-13 21:56:56 : Initiating attack for: Drop Trophy
2016-01-13 21:57:01 : -*-Barbarians 42
2016-01-13 21:57:01 : -*-Archers 53
2016-01-13 21:57:01 : -*-Giants 8
2016-01-13 21:57:01 : Deploying 1 Barbarian
2016-01-13 21:57:01 :  Trophy loss = 25
2016-01-13 21:57:02 : Returning Home
2016-01-13 21:57:10 : Trophy Count : 963
2016-01-13 21:57:10 : Dropping Trophies to 700
2016-01-13 21:57:12 : Going to Attack...
2016-01-13 21:57:18 : Identification of your troops:
2016-01-13 21:57:18 : Initiating attack for: Drop Trophy
2016-01-13 21:57:24 : -*-Barbarians 41
2016-01-13 21:57:24 : -*-Archers 54
2016-01-13 21:57:24 : -*-Giants 8
2016-01-13 21:57:24 : Deploying 1 Barbarian
2016-01-13 21:57:24 :  Trophy loss = 23
2016-01-13 21:57:25 : Returning Home
2016-01-13 21:57:34 : Trophy Count : 940
2016-01-13 21:57:34 : Dropping Trophies to 700
2016-01-13 21:57:36 : Going to Attack...
2016-01-13 21:57:43 : Identification of your troops:
2016-01-13 21:57:43 : Initiating attack for: Drop Trophy
2016-01-13 21:57:48 : -*-Barbarians 40
2016-01-13 21:57:48 : -*-Archers 55
2016-01-13 21:57:48 : -*-Giants 8
2016-01-13 21:57:48 : Deploying 1 Barbarian
2016-01-13 21:57:48 :  Trophy loss = 22
2016-01-13 21:57:49 : Returning Home
2016-01-13 21:57:56 : Trophy Count : 918
2016-01-13 21:57:56 : Dropping Trophies to 700
2016-01-13 21:57:58 : Going to Attack...
2016-01-13 21:58:05 : Identification of your troops:
2016-01-13 21:58:05 : Initiating attack for: Drop Trophy
2016-01-13 21:58:10 : -*-Barbarians 39
2016-01-13 21:58:10 : -*-Archers 56
2016-01-13 21:58:10 : -*-Giants 8
2016-01-13 21:58:10 : Deploying 1 Barbarian
2016-01-13 21:58:10 :  Trophy loss = 16
2016-01-13 21:58:11 : Returning Home
2016-01-13 21:58:18 : Trophy Count : 902
2016-01-13 21:58:18 : Dropping Trophies to 700
2016-01-13 21:58:21 : Going to Attack...
2016-01-13 21:58:27 : Identification of your troops:
2016-01-13 21:58:27 : Initiating attack for: Drop Trophy
2016-01-13 21:58:32 : -*-Barbarians 38
2016-01-13 21:58:32 : -*-Archers 57
2016-01-13 21:58:32 : -*-Giants 8
2016-01-13 21:58:32 : Deploying 1 Barbarian
2016-01-13 21:58:32 :  Trophy loss = 19
2016-01-13 21:58:33 : Returning Home
2016-01-13 21:58:41 : Trophy Count : 883
2016-01-13 21:58:41 : Dropping Trophies to 700
2016-01-13 21:58:43 : Going to Attack...
2016-01-13 21:58:49 : Identification of your troops:
2016-01-13 21:58:49 : Initiating attack for: Drop Trophy
2016-01-13 21:58:55 : -*-Barbarians 37
2016-01-13 21:58:55 : -*-Archers 58
2016-01-13 21:58:55 : -*-Giants 8
2016-01-13 21:58:55 : Deploying 1 Barbarian
2016-01-13 21:58:55 :  Trophy loss = 19
2016-01-13 21:58:56 : Returning Home
2016-01-13 21:59:03 : Trophy Count : 864
2016-01-13 21:59:03 : Dropping Trophies to 700
2016-01-13 21:59:05 : Going to Attack...
2016-01-13 21:59:12 : Identification of your troops:
2016-01-13 21:59:12 : Initiating attack for: Drop Trophy
2016-01-13 21:59:17 : -*-Barbarians 36
2016-01-13 21:59:17 : -*-Archers 59
2016-01-13 21:59:17 : -*-Giants 8
2016-01-13 21:59:17 : Deploying 1 Barbarian
2016-01-13 21:59:17 :  Trophy loss = 13
2016-01-13 21:59:18 : Returning Home
2016-01-13 21:59:27 : Trophy Count : 851
2016-01-13 21:59:27 : Dropping Trophies to 700
2016-01-13 21:59:29 : Going to Attack...
2016-01-13 21:59:36 : Identification of your troops:
2016-01-13 21:59:36 : Initiating attack for: Drop Trophy
2016-01-13 21:59:41 : -*-Barbarians 35
2016-01-13 21:59:41 : -*-Archers 60
2016-01-13 21:59:41 : -*-Giants 8
2016-01-13 21:59:41 : Deploying 1 Barbarian
2016-01-13 21:59:41 :  Trophy loss = 19
2016-01-13 21:59:42 : Returning Home
2016-01-13 21:59:52 : Trophy Count : 832
2016-01-13 21:59:52 : Dropping Trophies to 700
2016-01-13 21:59:54 : Going to Attack...
2016-01-13 22:00:00 : Identification of your troops:
2016-01-13 22:00:00 : Initiating attack for: Drop Trophy
2016-01-13 22:00:05 : -*-Barbarians 34
2016-01-13 22:00:05 : -*-Archers 61
2016-01-13 22:00:05 : -*-Giants 8
2016-01-13 22:00:06 : Deploying 1 Barbarian
2016-01-13 22:00:06 :  Trophy loss = 18
2016-01-13 22:00:07 : Returning Home
2016-01-13 22:00:14 : Trophy Count : 814
2016-01-13 22:00:14 : Dropping Trophies to 700
2016-01-13 22:00:16 : Going to Attack...
2016-01-13 22:00:24 : Identification of your troops:
2016-01-13 22:00:24 : Initiating attack for: Drop Trophy
2016-01-13 22:00:29 : -*-Barbarians 33
2016-01-13 22:00:29 : -*-Archers 62
2016-01-13 22:00:29 : -*-Giants 8
2016-01-13 22:00:29 : Deploying 1 Barbarian
2016-01-13 22:00:29 :  Trophy loss = 20
2016-01-13 22:00:30 : Returning Home
2016-01-13 22:00:37 : Trophy Count : 794
2016-01-13 22:00:37 : Dropping Trophies to 700
2016-01-13 22:00:39 : Going to Attack...
2016-01-13 22:00:46 : Identification of your troops:
2016-01-13 22:00:46 : Initiating attack for: Drop Trophy
2016-01-13 22:00:51 : -*-Barbarians 32
2016-01-13 22:00:51 : -*-Archers 63
2016-01-13 22:00:51 : -*-Giants 8
2016-01-13 22:00:51 : Deploying 1 Barbarian
2016-01-13 22:00:51 :  Trophy loss = 17
2016-01-13 22:00:52 : Returning Home
2016-01-13 22:00:59 : Trophy Count : 777
2016-01-13 22:00:59 : Dropping Trophies to 700
2016-01-13 22:01:01 : Going to Attack...
2016-01-13 22:01:08 : Identification of your troops:
2016-01-13 22:01:08 : Initiating attack for: Drop Trophy
2016-01-13 22:01:13 : -*-Giants 8
2016-01-13 22:01:13 : You don´t have Tier 1/2 Troops, exit of dropping Trophies
2016-01-13 22:01:14 : Returning Home
2016-01-13 22:01:27 : Trophy Count : 777
2016-01-13 22:01:27 : Dropping Trophies to 700
2016-01-13 22:01:29 : Going to Attack...
2016-01-13 22:01:37 : Identification of your troops:
2016-01-13 22:01:37 : Initiating attack for: Drop Trophy
2016-01-13 22:01:42 : -*-Barbarians 31
2016-01-13 22:01:42 : -*-Archers 64
2016-01-13 22:01:42 : -*-Giants 8
2016-01-13 22:01:42 : Deploying 1 Barbarian
2016-01-13 22:01:42 :  Trophy loss = 12
2016-01-13 22:01:43 : Returning Home
2016-01-13 22:01:50 : Trophy Count : 765
2016-01-13 22:01:50 : Dropping Trophies to 700
2016-01-13 22:01:52 : Going to Attack...
2016-01-13 22:01:59 : Identification of your troops:
2016-01-13 22:01:59 : Initiating attack for: Drop Trophy
2016-01-13 22:02:04 : -*-Barbarians 30
2016-01-13 22:02:04 : -*-Archers 65
2016-01-13 22:02:04 : -*-Giants 8
2016-01-13 22:02:04 : Deploying 1 Barbarian
2016-01-13 22:02:04 :  Trophy loss = 12
2016-01-13 22:02:05 : Returning Home
2016-01-13 22:02:12 : Trophy Count : 753
2016-01-13 22:02:12 : Dropping Trophies to 700
2016-01-13 22:02:14 : Going to Attack...
2016-01-13 22:02:21 : Identification of your troops:
2016-01-13 22:02:21 : Initiating attack for: Drop Trophy
2016-01-13 22:02:26 : -*-Barbarians 29
2016-01-13 22:02:26 : -*-Archers 66
2016-01-13 22:02:26 : -*-Giants 8
2016-01-13 22:02:26 : Deploying 1 Barbarian
2016-01-13 22:02:26 :  Trophy loss = 13
2016-01-13 22:02:27 : Returning Home
2016-01-13 22:02:34 : Trophy Count : 740
2016-01-13 22:02:34 : Dropping Trophies to 700
2016-01-13 22:02:37 : Going to Attack...
2016-01-13 22:02:45 : Identification of your troops:
2016-01-13 22:02:45 : Initiating attack for: Drop Trophy
2016-01-13 22:02:50 : -*-Barbarians 28
2016-01-13 22:02:50 : -*-Archers 67
2016-01-13 22:02:50 : -*-Giants 8
2016-01-13 22:02:50 : Deploying 1 Barbarian
2016-01-13 22:02:50 :  Trophy loss = 10
2016-01-13 22:02:51 : Returning Home
2016-01-13 22:02:58 : Trophy Count : 730
2016-01-13 22:02:58 : Dropping Trophies to 700
2016-01-13 22:03:00 : Going to Attack...
2016-01-13 22:03:08 : Identification of your troops:
2016-01-13 22:03:08 : Initiating attack for: Drop Trophy
2016-01-13 22:03:13 : -*-Barbarians 27
2016-01-13 22:03:13 : -*-Archers 68
2016-01-13 22:03:13 : -*-Giants 8
2016-01-13 22:03:13 : Deploying 1 Barbarian
2016-01-13 22:03:13 :  Trophy loss = 21
2016-01-13 22:03:14 : Returning Home
2016-01-13 22:03:21 : Trophy Count : 709
2016-01-13 22:03:21 : Dropping Trophies to 700
2016-01-13 22:03:23 : Going to Attack...
2016-01-13 22:03:30 : Identification of your troops:
2016-01-13 22:03:30 : Initiating attack for: Drop Trophy
2016-01-13 22:03:35 : -*-Barbarians 26
2016-01-13 22:03:35 : -*-Archers 69
2016-01-13 22:03:35 : -*-Giants 8
2016-01-13 22:03:35 : Deploying 1 Barbarian
2016-01-13 22:03:35 :  Trophy loss = 10
2016-01-13 22:03:36 : Returning Home
2016-01-13 22:03:46 : Trophy Count : 699
2016-01-13 22:03:46 : Trophy Drop Complete
2016-01-13 22:03:46 : Going to Attack...
2016-01-13 22:03:53 : ============== Searching For Dead Base ===============
2016-01-13 22:03:54 : ~~~~~~~~~~~~~~~ SEARCH CONDITIONS ~~~~~~~~~~~~~~~~
2016-01-13 22:03:54 : Meet: Gold and Elixir, Max TH 4-6
2016-01-13 22:03:54 : ~~~~~~~~~~~~~~ RESOURCE CONDITIONS ~~~~~~~~~~~~~~~
2016-01-13 22:03:54 : Aim: [G]: 110000 [E]: 110000 [D]:    0 [T]: 0 [TH]:4-6 for: Dead Base
2016-01-13 22:03:54 : ==================================================
2016-01-13 22:03:55 :   1> [G]:  16900 [E]:  17221 [D]:  N/A [T]:33 [TH]:4-6, Out
2016-01-13 22:04:02 :   2> [G]:   2043 [E]:   2198 [D]:  N/A [T]:22 [TH]:4-6, In
2016-01-13 22:04:08 :   3> [G]:  25418 [E]:   3917 [D]:  N/A [T]:41 [TH]:4-6, In
2016-01-13 22:04:13 :   4> [G]:   8226 [E]:  72808 [D]:  N/A [T]:40 [TH]:4-6, In
2016-01-13 22:04:17 :   5> [G]:   3243 [E]:  13976 [D]:  N/A [T]:41 [TH]:4-6, In
2016-01-13 22:04:23 :   6> [G]:  92000 [E]:  44000 [D]:  N/A [T]:41 [TH]:4-6, In
2016-01-13 22:04:29 :   7> [G]:   2505 [E]:   4124 [D]:  N/A [T]:41 [TH]:4-6, In
2016-01-13 22:04:35 :   8> [G]:   6811 [E]:  21584 [D]:  N/A [T]:41 [TH]:4-6, In
2016-01-13 22:04:40 :   9> [G]:   5506 [E]:  41964 [D]:   19 [T]:40 [TH]: 7, In
2016-01-13 22:04:46 :  10> [G]:  20218 [E]:   9257 [D]:  N/A [T]:36 [TH]:4-6, In
2016-01-13 22:04:50 :  11> [G]:   1603 [E]:   1200 [D]:  N/A [T]:41 [TH]:4-6, In
2016-01-13 22:04:54 :  12> [G]: 157791 [E]:  78709 [D]:  N/A [T]:27 [TH]:4-6, In
2016-01-13 22:05:00 :  13> [G]:  14832 [E]:   3849 [D]:  N/A [T]:41 [TH]:4-6, In
2016-01-13 22:05:04 :  14> [G]:   1673 [E]:   2798 [D]:  N/A [T]:33 [TH]:4-6, In
2016-01-13 22:05:10 :  15> [G]:  21255 [E]:  22910 [D]:  N/A [T]:38 [TH]:4-6, In
2016-01-13 22:05:14 :  16> [G]:   3799 [E]:  12655 [D]:  N/A [T]:49 [TH]:4-6, In
2016-01-13 22:05:20 :  17> [G]:   6912 [E]:   5276 [D]:  N/A [T]:41 [TH]:4-6, In
2016-01-13 22:05:24 :  18> [G]:  28447 [E]:  44363 [D]:  N/A [T]:42 [TH]:4-6, In
2016-01-13 22:05:28 :  19> [G]:  70878 [E]:  56101 [D]:  N/A [T]:27 [TH]:4-6, In
2016-01-13 22:05:32 :  20> [G]:  25926 [E]:  10764 [D]:  N/A [T]:41 [TH]:4-6, In
2016-01-13 22:05:38 :  21> [G]:   2902 [E]:   5394 [D]:  N/A [T]:23 [TH]:4-6, In
2016-01-13 22:05:47 :  22> [G]: 217908 [E]: 258356 [D]:  N/A [T]:46 [TH]:4-6, In
2016-01-13 22:05:47 :       Not a Dead Base
2016-01-13 22:05:51 :  23> [G]:  68949 [E]:  48020 [D]:  N/A [T]:50 [TH]:4-6, In
2016-01-13 22:05:55 :  24> [G]:  29447 [E]:  14211 [D]:  N/A [T]:39 [TH]:4-6, In
2016-01-13 22:06:00 :  25> [G]:  59066 [E]:  36056 [D]:  N/A [T]:47 [TH]:4-6, In
2016-01-13 22:06:04 :  26> [G]:  18559 [E]:   4743 [D]:  N/A [T]:51 [TH]:4-6, In
2016-01-13 22:06:08 :  27> [G]:   5274 [E]:   6830 [D]:  N/A [T]:39 [TH]:4-6, In
2016-01-13 22:06:12 :  28> [G]:  17909 [E]:  65234 [D]:  N/A [T]:51 [TH]:4-6, In
2016-01-13 22:06:16 :  29> [G]:  16350 [E]:  25616 [D]:  N/A [T]:27 [TH]:4-6, In
2016-01-13 22:06:21 :  30> [G]:  75993 [E]:  98729 [D]:   59 [T]:50 [TH]: 7, In
2016-01-13 22:06:25 :  31> [G]:  18926 [E]:   7693 [D]:  N/A [T]:49 [TH]:4-6, In
2016-01-13 22:06:29 :  32> [G]:  51177 [E]:  51888 [D]:   36 [T]:51 [TH]: 7, In
2016-01-13 22:06:33 :  33> [G]:   9001 [E]:   8244 [D]:  N/A [T]:33 [TH]:4-6, In
2016-01-13 22:06:37 :  34> [G]:  55316 [E]:   8860 [D]:  N/A [T]:50 [TH]:4-6, In
2016-01-13 22:06:41 :  35> [G]:  44703 [E]:  85107 [D]:  N/A [T]:30 [TH]:4-6, In
2016-01-13 22:06:45 :  36> [G]:  11250 [E]:  11250 [D]:  N/A [T]:48 [TH]:4-6, In
2016-01-13 22:06:53 :  37> [G]:  68379 [E]:  29001 [D]:    0 [T]:51 [TH]: 7, In
2016-01-13 22:06:57 :  38> [G]:   2921 [E]:   9219 [D]:  N/A [T]:34 [TH]:4-6, In
2016-01-13 22:07:01 :  39> [G]:   2308 [E]:   3470 [D]:  N/A [T]:34 [TH]:4-6, In
2016-01-13 22:07:07 :  40> [G]:   7619 [E]:   6205 [D]:  N/A [T]:41 [TH]:4-6, In
2016-01-13 22:07:12 :  41> [G]:   5281 [E]:  19409 [D]:  N/A [T]:41 [TH]:4-6, In
2016-01-13 22:07:17 :  42> [G]:  37381 [E]:  20338 [D]:  N/A [T]:48 [TH]:4-6, In
2016-01-13 22:07:21 :  43> [G]:  80240 [E]:  18458 [D]:  N/A [T]:33 [TH]:4-6, In
2016-01-13 22:07:25 :  44> [G]:  20530 [E]:  19399 [D]:   32 [T]:49 [TH]: 7, Out
2016-01-13 22:07:29 :  45> [G]:  19624 [E]:  35299 [D]:  N/A [T]:50 [TH]:4-6, In
2016-01-13 22:07:33 :  46> [G]:  58466 [E]:  57419 [D]:   75 [T]:49 [TH]: 7, Out
2016-01-13 22:07:38 :  47> [G]:  38845 [E]:  61023 [D]:  N/A [T]:41 [TH]:4-6, In
2016-01-13 22:07:42 :  48> [G]:    125 [E]:    127 [D]:  N/A [T]:15 [TH]:4-6, In
2016-01-13 22:07:46 :  49> [G]:  95015 [E]:  45332 [D]:  918 [T]:37 [TH]: 7, In
2016-01-13 22:07:50 :  50> [G]:   2185 [E]:   5028 [D]:  N/A [T]:28 [TH]:4-6, In
2016-01-13 22:07:54 :  51> [G]:  42003 [E]:  34289 [D]:   23 [T]:50 [TH]: 7, In
2016-01-13 22:07:58 :  52> [G]:  40868 [E]:   5840 [D]:  N/A [T]:41 [TH]:4-6, In
2016-01-13 22:08:02 :  53> [G]:   1379 [E]:   5571 [D]:  N/A [T]:22 [TH]:4-6, In
2016-01-13 22:08:06 :  54> [G]:  14600 [E]:  11365 [D]:  N/A [T]:41 [TH]:4-6, In
2016-01-13 22:08:10 :  55> [G]:  11548 [E]:  17910 [D]:  N/A [T]:41 [TH]:4-6, Out
2016-01-13 22:08:14 :  56> [G]:  54091 [E]:  70538 [D]:  N/A [T]:51 [TH]:4-6, In
2016-01-13 22:08:18 :  57> [G]:  36050 [E]:  49680 [D]:  N/A [T]:51 [TH]:4-6, In
2016-01-13 22:08:22 :  58> [G]:  13475 [E]:  89844 [D]:  N/A [T]:28 [TH]:4-6, In
2016-01-13 22:08:26 :  59> [G]:   1094 [E]:  21847 [D]:   46 [T]:50 [TH]: 7, In
2016-01-13 22:08:30 :  60> [G]:  19757 [E]:  22219 [D]:  N/A [T]:50 [TH]:4-6, In
2016-01-13 22:08:34 :  61> [G]:  38894 [E]:  30853 [D]:  N/A [T]:46 [TH]:4-6, Out
2016-01-13 22:08:38 :  62> [G]:   4349 [E]:   3042 [D]:  N/A [T]:39 [TH]:4-6, Out
2016-01-13 22:08:42 :  63> [G]:  56664 [E]:  41949 [D]:  124 [T]:50 [TH]: 7, Out
2016-01-13 22:08:47 :  64> [G]:  21747 [E]: 101109 [D]:  N/A [T]:51 [TH]:4-6, In
2016-01-13 22:08:51 :  65> [G]:  37789 [E]:  56072 [D]:  N/A [T]:35 [TH]:4-6, In
2016-01-13 22:08:55 :  66> [G]:  41822 [E]:  57298 [D]:  N/A [T]:50 [TH]:4-6, In
2016-01-13 22:09:13 : 2nd attempt to detect the TownHall!
2016-01-13 22:09:27 : 3rd attempt to detect the TownHall!
2016-01-13 22:09:30 :  67> [G]:  31432 [E]:  39934 [D]:    3 [T]:51 [TH]: -, -
2016-01-13 22:09:46 : Trying to locate Main Screen
2016-01-13 22:09:48 : Returning Home
2016-01-13 22:10:00 : Waiting for Main Screen
2016-01-13 22:10:00 : Main Screen Located
2016-01-13 22:10:00 : Couldn't locate Next button
2016-01-13 22:10:02 : Trying to locate Main Screen
2016-01-13 22:10:03 : Main Screen Located
2016-01-13 22:10:03 : Restarted after Out of Sync Error: Attack Now
2016-01-13 22:10:04 : Trying to locate Main Screen
2016-01-13 22:10:05 : Main Screen Located
2016-01-13 22:10:05 : Going to Attack...
2016-01-13 22:10:12 : ============== Searching For Dead Base ===============
2016-01-13 22:10:12 : ~~~~~~~~~~~~~~~ SEARCH CONDITIONS ~~~~~~~~~~~~~~~~
2016-01-13 22:10:12 : Meet: Gold and Elixir, Max TH 4-6
2016-01-13 22:10:12 : ~~~~~~~~~~~~~~ RESOURCE CONDITIONS ~~~~~~~~~~~~~~~
2016-01-13 22:10:12 : Aim: [G]: 110000 [E]: 110000 [D]:    0 [T]: 0 [TH]:4-6 for: Dead Base
2016-01-13 22:10:12 : ==================================================
2016-01-13 22:10:14 :  68> [G]:   4891 [E]:   2875 [D]:  N/A [T]:20 [TH]:4-6, In
2016-01-13 22:10:20 :  69> [G]:   1809 [E]:   1812 [D]:  N/A [T]:40 [TH]:4-6, Out
2016-01-13 22:10:26 :  70> [G]:   4195 [E]:   9962 [D]:  N/A [T]:39 [TH]:4-6, In
2016-01-13 22:10:30 :  71> [G]:  23556 [E]:   2757 [D]:  N/A [T]:37 [TH]:4-6, In
2016-01-13 22:10:36 :  72> [G]:    983 [E]:   5472 [D]:  N/A [T]:40 [TH]:4-6, In
2016-01-13 22:10:43 :  73> [G]:   4854 [E]:   3808 [D]:  N/A [T]:40 [TH]:4-6, In
2016-01-13 22:10:49 :  74> [G]:   2000 [E]:   2000 [D]:  N/A [T]:40 [TH]:4-6, In
2016-01-13 22:10:55 :  75> [G]:  15995 [E]:   8280 [D]:  N/A [T]:38 [TH]:4-6, In
2016-01-13 22:11:01 :  76> [G]:   2771 [E]:   2900 [D]:  N/A [T]:40 [TH]:4-6, In
2016-01-13 22:11:05 :  77> [G]: 278516 [E]: 137420 [D]:    1 [T]:46 [TH]: 7, In
2016-01-13 22:11:09 :  78> [G]:   8309 [E]:  62822 [D]:  N/A [T]:46 [TH]:4-6, In
2016-01-13 22:11:13 :  79> [G]:  70491 [E]:  80078 [D]:  N/A [T]:48 [TH]:4-6, In
2016-01-13 22:11:17 :  80> [G]:   6939 [E]:   3536 [D]:  N/A [T]:40 [TH]:4-6, In
2016-01-13 22:11:21 :  81> [G]:  15960 [E]:   7212 [D]:  N/A [T]:40 [TH]:4-6, In
2016-01-13 22:11:27 :  82> [G]: 274270 [E]: 283094 [D]:  414 [T]:44 [TH]: 7, In
2016-01-13 22:11:33 :  83> [G]:  40093 [E]:  58603 [D]:  212 [T]:48 [TH]: 7, Out
2016-01-13 22:11:37 :  84> [G]:  11222 [E]:  22895 [D]:   37 [T]:48 [TH]: 7, In
2016-01-13 22:11:41 :  85> [G]:   1955 [E]:   7302 [D]:  N/A [T]:31 [TH]:4-6, In
2016-01-13 22:11:45 :  86> [G]:   6690 [E]:  15840 [D]:  N/A [T]:40 [TH]:4-6, In
2016-01-13 22:11:49 :  87> [G]:  12163 [E]:  21064 [D]:  N/A [T]:31 [TH]:4-6, In
2016-01-13 22:11:53 :  88> [G]:   2200 [E]:   2200 [D]:  N/A [T]:40 [TH]:4-6, In
2016-01-13 22:11:59 :  89> [G]:    485 [E]:   4834 [D]:  N/A [T]:39 [TH]:4-6, In
2016-01-13 22:12:03 :  90> [G]:   2042 [E]:  10120 [D]:  N/A [T]:36 [TH]:4-6, In
2016-01-13 22:12:09 :  91> [G]: 104586 [E]: 119600 [D]:  N/A [T]:44 [TH]:4-6, Out
2016-01-13 22:12:13 :  92> [G]:  44869 [E]: 154569 [D]:  N/A [T]:41 [TH]:4-6, In
2016-01-13 22:12:17 :  93> [G]:   5279 [E]:   5707 [D]:  N/A [T]:40 [TH]:4-6, In
2016-01-13 22:12:22 :  94> [G]:   1095 [E]:  10506 [D]:  N/A [T]:40 [TH]:4-6, In
2016-01-13 22:12:31 :  95> [G]: 170533 [E]:  94418 [D]:  110 [T]:51 [TH]: 7, In
2016-01-13 22:12:35 :  96> [G]:  38395 [E]:  91018 [D]:  129 [T]:51 [TH]: 7, In
2016-01-13 22:12:40 :  97> [G]:  15120 [E]:   7626 [D]:  N/A [T]:37 [TH]:4-6, Out
2016-01-13 22:12:43 :  98> [G]:  51180 [E]:  57145 [D]:  N/A [T]:36 [TH]:4-6, In
2016-01-13 22:12:48 :  99> [G]:   1947 [E]:   1582 [D]:  N/A [T]:21 [TH]:4-6, In
2016-01-13 22:12:52 : 100> [G]:  75491 [E]:  35167 [D]:  N/A [T]:39 [TH]:4-6, In
2016-01-13 22:12:56 : 101> [G]:   9444 [E]:   5560 [D]:  N/A [T]:36 [TH]:4-6, In
2016-01-13 22:13:00 : 102> [G]:   1375 [E]:   1256 [D]:  N/A [T]:17 [TH]:4-6, In
2016-01-13 22:13:05 : 103> [G]: 250931 [E]:  36017 [D]:  217 [T]:50 [TH]: 7, In
2016-01-13 22:13:09 : 104> [G]: 109375 [E]: 104007 [D]:  N/A [T]:49 [TH]:4-6, In
2016-01-13 22:13:13 : 105> [G]:   7600 [E]:  10600 [D]:  N/A [T]:40 [TH]:4-6, In
2016-01-13 22:13:17 : 106> [G]:  40574 [E]:  24121 [D]:  N/A [T]:51 [TH]:4-6, In
2016-01-13 22:13:21 : 107> [G]:  66729 [E]:  38636 [D]:  N/A [T]:50 [TH]:4-6, In
2016-01-13 22:13:25 : 108> [G]:   4759 [E]:   8647 [D]:  N/A [T]:49 [TH]:4-6, In
2016-01-13 22:13:29 : 109> [G]:  18833 [E]:   2153 [D]:  N/A [T]:50 [TH]:4-6, In
2016-01-13 22:13:33 : 110> [G]:  81256 [E]:  15715 [D]:  N/A [T]:51 [TH]:4-6, In
2016-01-13 22:13:37 : 111> [G]:  11464 [E]:  27707 [D]:  N/A [T]:51 [TH]:4-6, In
2016-01-13 22:13:42 : 112> [G]:  50917 [E]:   9026 [D]:  452 [T]:50 [TH]: 7, In
2016-01-13 22:13:46 : 113> [G]:  64322 [E]:  25027 [D]:  N/A [T]:25 [TH]:4-6, In
2016-01-13 22:13:50 : 114> [G]:  19337 [E]:  66975 [D]:  N/A [T]:50 [TH]:4-6, In
2016-01-13 22:13:54 : 115> [G]:   4936 [E]:  18309 [D]:  N/A [T]:40 [TH]:4-6, In
2016-01-13 22:13:58 : 116> [G]:  15827 [E]: 190215 [D]:   10 [T]:34 [TH]: 7, In
2016-01-13 22:14:02 : 117> [G]: 133423 [E]:  60000 [D]:  N/A [T]:42 [TH]:4-6, In
2016-01-13 22:14:06 : 118> [G]:  50883 [E]:  48024 [D]:  N/A [T]:37 [TH]:4-6, In
2016-01-13 22:14:14 : 119> [G]:  10517 [E]:   6093 [D]:  133 [T]:51 [TH]: 7, Out
2016-01-13 22:14:18 : 120> [G]:  26000 [E]:  21500 [D]:  N/A [T]:44 [TH]:4-6, Out
2016-01-13 22:14:22 : 121> [G]:  92604 [E]: 133883 [D]:  N/A [T]:48 [TH]:4-6, In
2016-01-13 22:14:26 : 122> [G]:   1944 [E]:   1438 [D]:  N/A [T]:16 [TH]:4-6, In
2016-01-13 22:14:30 : 123> [G]: 222341 [E]:  69903 [D]:  295 [T]:37 [TH]: 7, In
2016-01-13 22:14:34 : 124> [G]:  19141 [E]:  65396 [D]:  N/A [T]:36 [TH]:4-6, In
2016-01-13 22:14:43 : 125> [G]:  52349 [E]:  20498 [D]:    2 [T]:50 [TH]: 7, In
2016-01-13 22:14:48 : 126> [G]:  59186 [E]:  30005 [D]:    0 [T]:50 [TH]: 7, In
2016-01-13 22:14:52 : 127> [G]:  10733 [E]:   7871 [D]:  N/A [T]:31 [TH]:4-6, In
2016-01-13 22:14:56 : 128> [G]:   4085 [E]:  10068 [D]:  N/A [T]:35 [TH]:4-6, In
2016-01-13 22:15:00 : 129> [G]:   4137 [E]:  28338 [D]:  N/A [T]:51 [TH]:4-6, In
2016-01-13 22:15:04 : 130> [G]:  70270 [E]:  54376 [D]:  416 [T]:48 [TH]: 7, In
2016-01-13 22:15:08 : 131> [G]:  16471 [E]:   8192 [D]:  N/A [T]:40 [TH]:4-6, In
2016-01-13 22:15:12 : 132> [G]:  15086 [E]:   2091 [D]:  N/A [T]:50 [TH]:4-6, In
2016-01-13 22:15:16 : 133> [G]: 138513 [E]:   5671 [D]:  300 [T]:45 [TH]: 7, In
2016-01-13 22:15:22 : 134> [G]:  15057 [E]:  26600 [D]:  N/A [T]:40 [TH]:4-6, In
2016-01-13 22:15:26 : 135> [G]: 127450 [E]: 118079 [D]:  N/A [T]:51 [TH]:4-6, In
2016-01-13 22:15:26 :       Dead Base Found! 
2016-01-13 22:15:28 : ================ Search Complete =================
2016-01-13 22:15:28 : Initiating attack for: Dead Base
2016-01-13 22:15:33 : -*-Barbarians 25
2016-01-13 22:15:33 : -*-Archers 70
2016-01-13 22:15:33 : -*-Giants 8
2016-01-13 22:15:33 :  ====== Start Attack ====== 
2016-01-13 22:15:35 : Attacking on a single side
2016-01-13 22:15:35 : Calculating Smart Attack Strategy
2016-01-13 22:15:36 : Calculated  (in 1.08 seconds) :
2016-01-13 22:15:40 : Dropping 8  of Giants => on each side (side : 1)
2016-01-13 22:15:41 : Dropping 13  of Barbarians => on each side (side : 1)
2016-01-13 22:15:43 : Dropping 35  of Archers => on each side (side : 1)
2016-01-13 22:15:46 : Dropping 13  of Barbarians => on each side (side : 1)
2016-01-13 22:15:47 : Dropping 35  of Archers => on each side (side : 1)
2016-01-13 22:15:53 : Dropping left over troops
2016-01-13 22:15:53 : Checking remaining unused troops for: Dead Base
2016-01-13 22:16:06 : Checking remaining unused troops for: Dead Base
2016-01-13 22:16:20 : Finished Attacking, waiting for the battle to end
2016-01-13 22:16:20 : Checking if the battle has finished
2016-01-13 22:16:22 : detected [G]: 89984 [E]: 20000 [DE]:  |  Exit in 18 sec.
2016-01-13 22:16:22 : Gold & Elixir & DE change detected, waiting...
2016-01-13 22:16:24 : detected [G]: 79664 [E]: 20000 [DE]:  |  Exit in 18 sec.
2016-01-13 22:16:24 : Gold & Elixir & DE change detected, waiting...
2016-01-13 22:16:27 : detected [G]: 78087 [E]: 20000 [DE]:  |  Exit in 18 sec.
2016-01-13 22:16:28 : detected [G]: 78087 [E]: 20000 [DE]:  |  Exit in 17 sec.
2016-01-13 22:16:29 : detected [G]: 78087 [E]: 20000 [DE]:  |  Exit in 16 sec.
2016-01-13 22:16:31 : detected [G]: 78087 [E]: 20000 [DE]:  |  Exit in 14 sec.
2016-01-13 22:16:32 : detected [G]: 75836 [E]: 20000 [DE]:  |  Exit in 13 sec.
2016-01-13 22:16:32 : Gold & Elixir & DE change detected, waiting...
2016-01-13 22:16:35 : detected [G]: 69504 [E]: 20000 [DE]:  |  Exit in 18 sec.
2016-01-13 22:16:35 : Gold & Elixir & DE change detected, waiting...
2016-01-13 22:16:37 : detected [G]: 64029 [E]: 20000 [DE]:  |  Exit in 18 sec.
2016-01-13 22:16:37 : Gold & Elixir & DE change detected, waiting...
2016-01-13 22:16:40 : detected [G]: 58044 [E]: 20000 [DE]:  |  Exit in 18 sec.
2016-01-13 22:16:40 : Gold & Elixir & DE change detected, waiting...
2016-01-13 22:16:42 : detected [G]: 49875 [E]: 19893 [DE]:  |  Exit in 18 sec.
2016-01-13 22:16:42 : Gold & Elixir & DE change detected, waiting...
2016-01-13 22:16:45 : detected [G]: 39700 [E]: 19679 [DE]:  |  Exit in 18 sec.
2016-01-13 22:16:45 : Gold & Elixir & DE change detected, waiting...
2016-01-13 22:16:47 : detected [G]: 38840 [E]: 17124 [DE]:  |  Exit in 18 sec.
2016-01-13 22:16:47 : Gold & Elixir & DE change detected, waiting...
2016-01-13 22:16:50 : detected [G]: 38840 [E]: 14703 [DE]:  |  Exit in 18 sec.
2016-01-13 22:16:50 : Gold & Elixir & DE change detected, waiting...
2016-01-13 22:16:52 : detected [G]: 38840 [E]: 13876 [DE]:  |  Exit in 18 sec.
2016-01-13 22:16:54 : detected [G]: 38840 [E]: 13033 [DE]:  |  Exit in 17 sec.
2016-01-13 22:16:54 : Gold & Elixir & DE change detected, waiting...
2016-01-13 22:16:56 : detected [G]: 38840 [E]: 10785 [DE]:  |  Exit in 18 sec.
2016-01-13 22:16:56 : Gold & Elixir & DE change detected, waiting...
2016-01-13 22:16:59 : detected [G]: 38840 [E]: 9661 [DE]:  |  Exit in 18 sec.
2016-01-13 22:16:59 : Gold & Elixir & DE change detected, waiting...
2016-01-13 22:17:01 : detected [G]: 38840 [E]: 9380 [DE]:  |  Exit in 18 sec.
2016-01-13 22:17:03 : detected [G]: 38840 [E]: 9380 [DE]:  |  Exit in 17 sec.
2016-01-13 22:17:04 : detected [G]: 38840 [E]: 9380 [DE]:  |  Exit in 16 sec.
2016-01-13 22:17:05 : detected [G]: 38840 [E]: 9380 [DE]:  |  Exit in 14 sec.
2016-01-13 22:17:06 : detected [G]: 38840 [E]: 9380 [DE]:  |  Exit in 13 sec.
2016-01-13 22:17:08 : detected [G]: 38840 [E]: 9380 [DE]:  |  Exit in 12 sec.
2016-01-13 22:17:09 : detected [G]: 38840 [E]: 9380 [DE]:  |  Exit in 11 sec.
2016-01-13 22:17:10 : detected [G]: 38840 [E]: 9380 [DE]:  |  Exit in  9 sec.
2016-01-13 22:17:12 : detected [G]: 38840 [E]: 9380 [DE]:  |  Exit in  8 sec.
2016-01-13 22:17:13 : detected [G]: 38840 [E]: 9380 [DE]:  |  Exit in  7 sec.
2016-01-13 22:17:14 : detected [G]: 38840 [E]: 9380 [DE]:  |  Exit in  5 sec.
2016-01-13 22:17:16 : detected [G]: 38840 [E]: 9380 [DE]:  |  Exit in  4 sec.
2016-01-13 22:17:17 : detected [G]: 38840 [E]: 9380 [DE]:  |  Exit in  3 sec.
2016-01-13 22:17:18 : detected [G]: 38840 [E]: 9380 [DE]:  |  Exit in  1 sec.
2016-01-13 22:17:20 : detected [G]: 38840 [E]: 9380 [DE]:  |  Exit in  0 sec.
2016-01-13 22:17:21 : detected [G]: 38840 [E]: 9380 [DE]:  |  Exit in  0 sec.
2016-01-13 22:17:21 : Gold & Elixir & DE no change detected, exit
2016-01-13 22:17:21 : Returning Home
2016-01-13 22:17:26 : Loot: [G]: 88 610 [E]: 108 699 [T]: 34
2016-01-13 22:17:26 : Bonus Percentage: 100%
2016-01-13 22:17:26 : Bonus [G]: 1 300 [E]: 1 300
2016-01-13 22:17:27 : Your league level is: Bronze I
2016-01-13 22:17:27 : Stars earned: 2
2016-01-13 22:17:35 : Trying to locate Main Screen
2016-01-13 22:17:35 : Main Screen Located
2016-01-13 22:17:39 : Village Report
2016-01-13 22:17:39 : No. of Free/Total Builders: 1/3
2016-01-13 22:17:39 :  [T]: 733
2016-01-13 22:17:39 :  [G]: 717 876 [E]: 1 064 248 [GEM]: 370
2016-01-13 22:17:41 : Training Troops & Spells
2016-01-13 22:17:42 : Checking Army Camp...
2016-01-13 22:17:44 : Total Army Camp capacity: 53/130 (40%)
2016-01-13 22:17:45 :  - No. of Barbarians: 8
2016-01-13 22:17:45 :  - No. of Archers: 25
2016-01-13 22:17:46 :  - No. of Giants: 4
2016-01-13 22:18:10 : Collecting Resources
2016-01-13 22:18:27 : Checking if Village needs Rearming..
2016-01-13 22:18:37 : Checking Upgrade Walls
2016-01-13 22:18:39 : Upgrading Wall using Gold
2016-01-13 22:18:39 : Searching for Wall(s) level: 4. Using Mask: Core of Base
2016-01-13 22:19:14 : Found: 4 possible Wall position(s).
2016-01-13 22:19:14 : Checking if found positions are a Wall and of desired level.
2016-01-13 22:19:18 : Position No: 1 is a Wall Level: 4.
2016-01-13 22:19:24 : Upgrade complete
2016-01-13 22:19:28 : ====== Waiting for full army ======
2016-01-13 22:19:42 : Training Troops & Spells
2016-01-13 22:19:42 : Checking Army Camp...
2016-01-13 22:19:44 : Total Army Camp capacity: 70/130 (53%)
2016-01-13 22:19:45 :  - No. of Barbarians: 20
2016-01-13 22:19:45 :  - No. of Archers: 25
2016-01-13 22:19:46 :  - No. of Giants: 5
2016-01-13 22:19:58 : Time Idle: 00:00:29
2016-01-13 22:19:58 : ====== Waiting for full army ======
2016-01-13 22:20:11 : Training Troops & Spells
2016-01-13 22:20:12 : Checking Army Camp...
2016-01-13 22:20:13 : Total Army Camp capacity: 79/130 (60%)
2016-01-13 22:20:15 :  - No. of Barbarians: 24
2016-01-13 22:20:15 :  - No. of Archers: 25
2016-01-13 22:20:15 :  - No. of Giants: 6
2016-01-13 22:20:26 : Time Idle: 00:00:57
2016-01-13 22:20:27 : ====== Waiting for full army ======
2016-01-13 22:20:40 : Training Troops & Spells
2016-01-13 22:20:41 : Checking Army Camp...
2016-01-13 22:20:42 : Total Army Camp capacity: 82/130 (63%)
2016-01-13 22:20:44 :  - No. of Barbarians: 27
2016-01-13 22:20:44 :  - No. of Archers: 25
2016-01-13 22:20:44 :  - No. of Giants: 6
2016-01-13 22:20:56 : Time Idle: 00:01:26
2016-01-13 22:20:56 : ====== Waiting for full army ======
2016-01-13 22:21:09 : Training Troops & Spells
2016-01-13 22:21:10 : Checking Army Camp...
2016-01-13 22:21:11 : Total Army Camp capacity: 88/130 (67%)
2016-01-13 22:21:13 :  - No. of Barbarians: 33
2016-01-13 22:21:13 :  - No. of Archers: 25
2016-01-13 22:21:13 :  - No. of Giants: 6
2016-01-13 22:21:25 : Time Idle: 00:01:55
2016-01-13 22:21:25 : ====== Waiting for full army ======
2016-01-13 22:21:38 : Collecting Resources
2016-01-13 22:21:50 : Training Troops & Spells
2016-01-13 22:21:51 : Checking Army Camp...
2016-01-13 22:21:52 : Total Army Camp capacity: 90/130 (69%)
2016-01-13 22:21:54 :  - No. of Barbarians: 35
2016-01-13 22:21:54 :  - No. of Archers: 25
2016-01-13 22:21:54 :  - No. of Giants: 6
2016-01-13 22:22:05 : Time Idle: 00:02:35
2016-01-13 22:22:06 : ====== Waiting for full army ======
2016-01-13 22:22:19 : Training Troops & Spells
2016-01-13 22:22:20 : Checking Army Camp...
2016-01-13 22:22:21 : Total Army Camp capacity: 91/130 (70%)
2016-01-13 22:22:22 :  - No. of Barbarians: 36
2016-01-13 22:22:23 :  - No. of Archers: 25
2016-01-13 22:22:23 :  - No. of Giants: 6
2016-01-13 22:22:34 : Time Idle: 00:03:04
2016-01-13 22:22:35 : ====== Waiting for full army ======
2016-01-13 22:22:48 : Training Troops & Spells
2016-01-13 22:22:49 : Checking Army Camp...
2016-01-13 22:22:50 : Total Army Camp capacity: 93/130 (71%)
2016-01-13 22:22:52 :  - No. of Barbarians: 38
2016-01-13 22:22:52 :  - No. of Archers: 25
2016-01-13 22:22:52 :  - No. of Giants: 6
2016-01-13 22:23:03 : Time Idle: 00:03:33
2016-01-13 22:23:04 : ====== Waiting for full army ======
2016-01-13 22:23:17 : Training Troops & Spells
2016-01-13 22:23:18 : Checking Army Camp...
2016-01-13 22:23:19 : Total Army Camp capacity: 104/130 (80%)
2016-01-13 22:23:21 :  - No. of Barbarians: 39
2016-01-13 22:23:21 :  - No. of Archers: 25
2016-01-13 22:23:21 :  - No. of Giants: 8
2016-01-13 22:23:33 : Time Idle: 00:04:02
2016-01-13 22:23:34 : ====== Waiting for full army ======
2016-01-13 22:23:47 : Training Troops & Spells
2016-01-13 22:23:48 : Checking Army Camp...
2016-01-13 22:23:49 : Total Army Camp capacity: 110/130 (84%)
2016-01-13 22:23:50 :  - No. of Barbarians: 45
2016-01-13 22:23:51 :  - No. of Archers: 25
2016-01-13 22:23:51 :  - No. of Giants: 8
2016-01-13 22:24:03 : Time Idle: 00:04:31
2016-01-13 22:24:03 : ====== Waiting for full army ======
2016-01-13 22:24:16 : Training Troops & Spells
2016-01-13 22:24:17 : Checking Army Camp...
2016-01-13 22:24:18 : Total Army Camp capacity: 113/130 (86%)
2016-01-13 22:24:20 :  - No. of Barbarians: 48
2016-01-13 22:24:20 :  - No. of Archers: 25
2016-01-13 22:24:20 :  - No. of Giants: 8
2016-01-13 22:24:33 : Time Idle: 00:05:01
2016-01-13 22:24:33 : ====== Waiting for full army ======
2016-01-13 22:24:46 : Training Troops & Spells
2016-01-13 22:24:47 : Checking Army Camp...
2016-01-13 22:24:48 : Total Army Camp capacity: 119/130 (91%)
2016-01-13 22:24:50 :  - No. of Barbarians: 54
2016-01-13 22:24:50 :  - No. of Archers: 25
2016-01-13 22:24:50 :  - No. of Giants: 8
2016-01-13 22:25:02 : Time Idle: 00:05:30
2016-01-13 22:25:02 : ====== Waiting for full army ======
2016-01-13 22:25:16 : Training Troops & Spells
2016-01-13 22:25:16 : Checking Army Camp...
2016-01-13 22:25:18 : Total Army Camp capacity: 122/130 (93%)
2016-01-13 22:25:19 :  - No. of Barbarians: 57
2016-01-13 22:25:20 :  - No. of Archers: 25
2016-01-13 22:25:20 :  - No. of Giants: 8
2016-01-13 22:25:32 : Time Idle: 00:05:59
2016-01-13 22:25:32 : ====== Waiting for full army ======
2016-01-13 22:25:45 : Training Troops & Spells
2016-01-13 22:25:46 : Checking Army Camp...
2016-01-13 22:25:47 : Total Army Camp capacity: 125/130 (96%)
2016-01-13 22:25:49 :  - No. of Barbarians: 63
2016-01-13 22:25:49 :  - No. of Archers: 25
2016-01-13 22:25:49 :  - No. of Giants: 8
2016-01-13 22:26:02 : Time Idle: 00:06:29
2016-01-13 22:26:02 : ====== Waiting for full army ======
2016-01-13 22:26:15 : Training Troops & Spells
2016-01-13 22:26:16 : Checking Army Camp...
2016-01-13 22:26:17 : Total Army Camp capacity: 130/130 (100%)
2016-01-13 22:26:19 :  - No. of Barbarians: 65
2016-01-13 22:26:19 :  - No. of Archers: 25
2016-01-13 22:26:19 :  - No. of Giants: 8
2016-01-13 22:26:21 : Your Army Camps are now Full
2016-01-13 22:26:21 : Calculating Troops before Training new Army.
2016-01-13 22:26:21 : Build troops before attacking.
2016-01-13 22:26:40 : Going to Attack...
2016-01-13 22:26:47 : ============== Searching For Dead Base ===============
2016-01-13 22:26:47 : ~~~~~~~~~~~~~~~ SEARCH CONDITIONS ~~~~~~~~~~~~~~~~
2016-01-13 22:26:47 : Meet: Gold and Elixir, Max TH 4-6
2016-01-13 22:26:47 : ~~~~~~~~~~~~~~ RESOURCE CONDITIONS ~~~~~~~~~~~~~~~
2016-01-13 22:26:47 : Aim: [G]: 110000 [E]: 110000 [D]:    0 [T]: 0 [TH]:4-6 for: Dead Base
2016-01-13 22:26:47 : ==================================================
2016-01-13 22:26:48 :   1> [G]:   3834 [E]:   3039 [D]:  N/A [T]:35 [TH]:4-6, In
2016-01-13 22:26:54 :   2> [G]:  10970 [E]:  10021 [D]:  N/A [T]:39 [TH]:4-6, In
2016-01-13 22:27:01 :   3> [G]:   3086 [E]:    751 [D]:  N/A [T]:39 [TH]:4-6, In
2016-01-13 22:27:05 :   4> [G]:  49064 [E]:  23762 [D]:  N/A [T]:32 [TH]:4-6, In
2016-01-13 22:27:10 :   5> [G]:   5338 [E]:  12687 [D]:  N/A [T]:34 [TH]:4-6, In
2016-01-13 22:27:16 :   6> [G]:   1356 [E]:   2941 [D]:  N/A [T]:34 [TH]:4-6, In
2016-01-13 22:27:23 :   7> [G]:  36600 [E]:  24600 [D]:  N/A [T]:31 [TH]:4-6, In
2016-01-13 22:27:29 :   8> [G]:  78497 [E]:  70047 [D]:  N/A [T]:39 [TH]:4-6, In
2016-01-13 22:27:33 :   9> [G]:   1039 [E]:    881 [D]:  N/A [T]:20 [TH]:4-6, In
2016-01-13 22:27:39 :  10> [G]:   5400 [E]:   2000 [D]:  N/A [T]:39 [TH]:4-6, In
2016-01-13 22:27:43 :  11> [G]:   2868 [E]:   2853 [D]:  N/A [T]:43 [TH]:4-6, Out
2016-01-13 22:27:49 :  12> [G]:  23519 [E]:   9596 [D]:  N/A [T]:37 [TH]:4-6, In
2016-01-13 22:27:53 :  13> [G]:  89679 [E]:  65916 [D]:  N/A [T]:33 [TH]:4-6, In
2016-01-13 22:27:59 :  14> [G]:   9214 [E]:   7298 [D]:  N/A [T]:39 [TH]:4-6, In
2016-01-13 22:28:03 :  15> [G]:   3402 [E]:   2980 [D]:  N/A [T]:37 [TH]:4-6, Out
2016-01-13 22:28:07 :  16> [G]: 112295 [E]:  48783 [D]:  929 [T]:48 [TH]: 8, Out
2016-01-13 22:28:13 :  17> [G]:  54126 [E]:   4200 [D]:  N/A [T]:38 [TH]:4-6, In
2016-01-13 22:28:17 :  18> [G]:   9511 [E]:  12003 [D]:  N/A [T]:49 [TH]:4-6, In
2016-01-13 22:28:21 :  19> [G]:  30106 [E]:  11011 [D]:  N/A [T]:46 [TH]:4-6, In
2016-01-13 22:28:25 :  20> [G]:   2018 [E]:  44095 [D]:  N/A [T]:50 [TH]:4-6, In
2016-01-13 22:28:29 :  21> [G]:  64725 [E]:  47395 [D]:    0 [T]:48 [TH]: 7, Out
2016-01-13 22:28:33 :  22> [G]:  22269 [E]:  49834 [D]:  N/A [T]:50 [TH]:4-6, In
2016-01-13 22:28:41 :  23> [G]:   3162 [E]:   9932 [D]:  N/A [T]:33 [TH]:4-6, In
2016-01-13 22:28:44 :  24> [G]:   6578 [E]:   8299 [D]:  643 [T]:47 [TH]: 7, In
2016-01-13 22:28:49 :  25> [G]: 181961 [E]: 117984 [D]:  632 [T]:39 [TH]: 8, In
2016-01-13 22:28:53 :  26> [G]:   4667 [E]:   4352 [D]:  N/A [T]:39 [TH]:4-6, In
2016-01-13 22:28:57 :  27> [G]:   4238 [E]:   6742 [D]:  N/A [T]:25 [TH]:4-6, In
2016-01-13 22:29:01 :  28> [G]:  47531 [E]:  72504 [D]:  N/A [T]:50 [TH]:4-6, In
2016-01-13 22:29:05 :  29> [G]:   5063 [E]:    569 [D]:  N/A [T]:33 [TH]:4-6, In
2016-01-13 22:29:11 :  30> [G]:  26691 [E]:  56395 [D]:  N/A [T]:50 [TH]:4-6, In
2016-01-13 22:29:15 :  31> [G]: 244745 [E]: 264751 [D]:  253 [T]:25 [TH]: 7, In
2016-01-13 22:29:19 :  32> [G]:  11658 [E]:   1805 [D]:  N/A [T]:38 [TH]:4-6, In
2016-01-13 22:29:23 :  33> [G]:   4036 [E]:   2842 [D]:  N/A [T]:39 [TH]:4-6, In
2016-01-13 22:29:27 :  34> [G]:   2812 [E]:   2678 [D]:  N/A [T]:33 [TH]:4-6, In
2016-01-13 22:29:31 :  35> [G]:   3351 [E]:   3083 [D]:  N/A [T]:38 [TH]:4-6, In
2016-01-13 22:29:35 :  36> [G]:  13616 [E]:   7213 [D]:  N/A [T]:38 [TH]:4-6, In
2016-01-13 22:29:39 :  37> [G]:  69029 [E]:  62796 [D]:  270 [T]:43 [TH]: 7, In
2016-01-13 22:29:45 :  38> [G]:  77463 [E]:  44473 [D]:  216 [T]:50 [TH]: 7, In
2016-01-13 22:29:49 :  39> [G]:  23807 [E]:  10236 [D]:  N/A [T]:46 [TH]:4-6, In
2016-01-13 22:29:54 :  40> [G]: 317982 [E]: 136686 [D]:  N/A [T]:36 [TH]:4-6, In
2016-01-13 22:29:54 :       Dead Base Found! 
2016-01-13 22:29:55 : ================ Search Complete =================
2016-01-13 22:29:55 : Initiating attack for: Dead Base
2016-01-13 22:30:00 : -*-Barbarians 65
2016-01-13 22:30:00 : -*-Archers 25
2016-01-13 22:30:00 : -*-Giants 8
2016-01-13 22:30:00 :  ====== Start Attack ====== 
2016-01-13 22:30:02 : Attacking on a single side
2016-01-13 22:30:02 : Calculating Smart Attack Strategy
2016-01-13 22:30:03 : Calculated  (in 0.93 seconds) :
2016-01-13 22:30:07 : Dropping 8  of Giants => on each side (side : 1)
2016-01-13 22:30:08 : Dropping 33  of Barbarians => on each side (side : 1)
2016-01-13 22:30:11 : Dropping 13  of Archers => on each side (side : 1)
2016-01-13 22:30:13 : Dropping 33  of Barbarians => on each side (side : 1)
2016-01-13 22:30:16 : Dropping 13  of Archers => on each side (side : 1)
2016-01-13 22:30:20 : Dropping left over troops
2016-01-13 22:30:20 : Checking remaining unused troops for: Dead Base
2016-01-13 22:30:33 : Checking remaining unused troops for: Dead Base
2016-01-13 22:30:47 : Finished Attacking, waiting for the battle to end
2016-01-13 22:30:47 : Checking if the battle has finished
2016-01-13 22:30:48 : detected [G]: 52942 [E]: 65968 [DE]:  |  Exit in 18 sec.
2016-01-13 22:30:48 : Gold & Elixir & DE change detected, waiting...
2016-01-13 22:30:51 : detected [G]: 52942 [E]: 50835 [DE]:  |  Exit in 18 sec.
2016-01-13 22:30:51 : Gold & Elixir & DE change detected, waiting...
2016-01-13 22:30:53 : detected [G]: 52942 [E]: 36812 [DE]:  |  Exit in 18 sec.
2016-01-13 22:30:53 : Gold & Elixir & DE change detected, waiting...
2016-01-13 22:30:56 : detected [G]: 52942 [E]: 14125 [DE]:  |  Exit in 18 sec.
2016-01-13 22:30:56 : Gold & Elixir & DE change detected, waiting...
2016-01-13 22:30:58 : detected [G]: 47196 [E]: 8195 [DE]:  |  Exit in 18 sec.
2016-01-13 22:30:59 : Gold & Elixir & DE change detected, waiting...
2016-01-13 22:31:01 : detected [G]: 34088 [E]: 0 [DE]:  |  Exit in 18 sec.
2016-01-13 22:31:01 : Gold & Elixir & DE change detected, waiting...
2016-01-13 22:31:04 : detected [G]: 18093 [E]: 0 [DE]:  |  Exit in 18 sec.
2016-01-13 22:31:04 : Gold & Elixir & DE change detected, waiting...
2016-01-13 22:31:06 : detected [G]: 3993 [E]: 0 [DE]:  |  Exit in 18 sec.
2016-01-13 22:31:06 : Gold & Elixir & DE change detected, waiting...
2016-01-13 22:31:09 : detected [G]: 0 [E]: 0 [DE]:  |  Exit in 18 sec.
2016-01-13 22:31:09 : Gold & Elixir & DE = 0, end battle 
2016-01-13 22:31:10 : Gold & Elixir & DE = 0, end battle 
2016-01-13 22:31:11 : Returning Home
2016-01-13 22:31:16 : Loot: [G]: 317 982 [E]: 136 686 [T]: 24
2016-01-13 22:31:16 : Bonus Percentage: 100%
2016-01-13 22:31:16 : Bonus [G]: 1 300 [E]: 1 300
2016-01-13 22:31:17 : Your league level is: Bronze I
2016-01-13 22:31:17 : Stars earned: 2
2016-01-13 22:31:25 : Trying to locate Main Screen
2016-01-13 22:31:26 : Main Screen Located
2016-01-13 22:31:29 : Village Report
2016-01-13 22:31:29 : No. of Free/Total Builders: 1/3
2016-01-13 22:31:29 :  [T]: 757
2016-01-13 22:31:29 :  [G]: 1 000 904 [E]: 1 187 187 [GEM]: 370
2016-01-13 22:31:32 : Training Troops & Spells
2016-01-13 22:31:33 : Checking Army Camp...
2016-01-13 22:31:34 : Total Army Camp capacity: 33/130 (25%)
2016-01-13 22:31:35 :  - No. of Archers: 33
2016-01-13 22:31:58 : Collecting Resources
2016-01-13 22:32:15 : Checking if Village needs Rearming..
2016-01-13 22:32:25 : Checking Upgrade Walls
2016-01-13 22:32:26 : Upgrading Wall using Gold
2016-01-13 22:32:27 : Searching for Wall(s) level: 4. Using Mask: Core of Base
2016-01-13 22:33:03 : Found: 4 possible Wall position(s).
2016-01-13 22:33:03 : Checking if found positions are a Wall and of desired level.
2016-01-13 22:33:07 : Position No: 1 is a Wall Level: 4.
2016-01-13 22:33:12 : Upgrade complete
2016-01-13 22:33:17 : ====== Waiting for full army ======
2016-01-13 22:33:30 : Training Troops & Spells
2016-01-13 22:33:31 : Checking Army Camp...
2016-01-13 22:33:32 : Total Army Camp capacity: 45/130 (34%)
2016-01-13 22:33:34 :  - No. of Archers: 45
2016-01-13 22:33:46 : Time Idle: 00:00:29
2016-01-13 22:33:47 : ====== Waiting for full army ======
2016-01-13 22:34:00 : Collecting Resources
2016-01-13 22:34:11 : Training Troops & Spells
2016-01-13 22:34:11 : Checking Army Camp...
2016-01-13 22:34:13 : Total Army Camp capacity: 45/130 (34%)
2016-01-13 22:34:14 :  - No. of Archers: 45
2016-01-13 22:34:25 : Time Idle: 00:01:08
2016-01-13 22:34:26 : ====== Waiting for full army ======
2016-01-13 22:34:39 : Training Troops & Spells
2016-01-13 22:34:40 : Checking Army Camp...
2016-01-13 22:34:41 : Total Army Camp capacity: 45/130 (34%)
2016-01-13 22:34:43 :  - No. of Archers: 45
2016-01-13 22:34:54 : Time Idle: 00:01:36
2016-01-13 22:34:54 : ====== Waiting for full army ======
2016-01-13 22:35:07 : Training Troops & Spells
2016-01-13 22:35:08 : Checking Army Camp...
2016-01-13 22:35:10 : Total Army Camp capacity: 55/130 (42%)
2016-01-13 22:35:11 :  - No. of Archers: 45
2016-01-13 22:35:11 :  - No. of Giants: 2
2016-01-13 22:35:22 : Time Idle: 00:02:04
2016-01-13 22:35:23 : ====== Waiting for full army ======
2016-01-13 22:35:36 : Training Troops & Spells
2016-01-13 22:35:37 : Checking Army Camp...
2016-01-13 22:35:38 : Total Army Camp capacity: 60/130 (46%)
2016-01-13 22:35:40 :  - No. of Archers: 45
2016-01-13 22:35:40 :  - No. of Giants: 3
2016-01-13 22:35:51 : Bot was Paused!
