2016-01-26 20:41:00 : Unsupported MEmu screen size of 1221 x 687 !
2016-01-26 20:41:00 : Unsupported MEmu screen size of 1221 x 687 !
2016-01-26 20:41:18 :  My Bot v5.0.2 860x780 (MEmu) Powered by MyBot.run ~
2016-01-26 20:41:18 : MyBot.run.au3 Script running on WIN_7  X64
2016-01-26 20:41:18 : =================== Bot Start ====================
2016-01-26 20:41:18 : -------------------------  Current Profile: 06 --------------------------
2016-01-26 20:41:18 :  Warning Debug Mode Enabled! Setlog: 0 OCR: 0 RedArea: 0 ImageSave: 0 BuildingPos: 1-
2016-01-26 20:41:18 : Trying to locate Main Screen
2016-01-26 20:41:19 : Unsupported MEmu screen size of 1221 x 687 !
2016-01-26 20:41:20 : Unsupported MEmu screen size of 1221 x 687 !
2016-01-26 20:41:21 : Unsupported MEmu screen size of 1221 x 687 !
2016-01-26 20:41:22 : Unsupported MEmu screen size of 1221 x 687 !
2016-01-26 20:41:23 : Unsupported MEmu screen size of 1221 x 687 !
2016-01-26 20:41:23 : Waiting for Main Screen
2016-01-26 20:41:23 : Unsupported MEmu screen size of 1221 x 687 !
2016-01-26 20:41:24 : Unsupported MEmu screen size of 1221 x 687 !
2016-01-26 20:41:26 : Unsupported MEmu screen size of 1221 x 687 !
2016-01-26 20:41:27 : Unsupported MEmu screen size of 1221 x 687 !
2016-01-26 20:41:27 : Unsupported MEmu screen size of 1221 x 687 !
2016-01-26 20:41:28 : Unsupported MEmu screen size of 1221 x 687 !
2016-01-26 20:41:28 : Unsupported MEmu screen size of 1221 x 687 !
