2016-01-26 20:02:39 : Unsupported BlueStacks screen size of 832 x 755 !
2016-01-26 20:02:39 : BlueStacks window resized to 866 x 805
2016-01-26 20:02:40 :  My Bot v5.0.2 860x780 (BlueStacks) Powered by MyBot.run ~
2016-01-26 20:02:40 : MyBot.run.au3 Script running on WIN_7  X64
2016-01-26 20:02:40 : =================== Bot Start ====================
2016-01-26 20:02:40 : -------------------------  Current Profile: 06 --------------------------
2016-01-26 20:02:40 :  Warning Debug Mode Enabled! Setlog: 0 OCR: 0 RedArea: 0 ImageSave: 0 BuildingPos: 1-
2016-01-26 20:02:40 : Trying to locate Main Screen
2016-01-26 20:02:41 : Main Screen Located
2016-01-26 20:02:42 : Detecting your Buildings..
2016-01-26 20:02:43 : Finding your Clan Level, wait..
2016-01-26 20:02:43 : Please join a Clan ...
2016-01-26 20:02:44 : Detecting your Village Theme
2016-01-26 20:02:45 : Default Theme detected
2016-01-26 20:02:51 : Language setting is English: Correct.
2016-01-26 20:02:52 : Trying to locate Main Screen
2016-01-26 20:02:52 : Main Screen Located
2016-01-26 20:02:55 : Village Report
2016-01-26 20:02:55 : No. of Free/Total Builders: 0/3
2016-01-26 20:02:56 :  [T]: 736
2016-01-26 20:02:56 :  [G]: 484 431 [E]: 503 212 [GEM]: 340
2016-01-26 20:02:58 : Training Troops & Spells
2016-01-26 20:03:12 : Cannot find train Window.
2016-01-26 20:03:12 : Checking Army Camp...
