2016-01-26 20:08:47 : Unsupported BlueStacks screen size of 832 x 755 !
2016-01-26 20:08:47 : BlueStacks window resized to 866 x 805
2016-01-26 20:08:48 :  My Bot v5.0.2 860x780 (BlueStacks) Powered by MyBot.run ~
2016-01-26 20:08:48 : MyBot.run.au3 Script running on WIN_7  X64
2016-01-26 20:08:48 : =================== Bot Start ====================
2016-01-26 20:08:48 : -------------------------  Current Profile: 06 --------------------------
2016-01-26 20:08:48 :  Warning Debug Mode Enabled! Setlog: 0 OCR: 0 RedArea: 0 ImageSave: 0 BuildingPos: 1-
2016-01-26 20:08:48 : Trying to locate Main Screen
2016-01-26 20:08:49 : Zooming Out
2016-01-26 20:08:52 : Main Screen Located
2016-01-26 20:08:54 : Detecting your Buildings..
2016-01-26 20:08:55 : Finding your Clan Level, wait..
2016-01-26 20:08:55 : Please join a Clan ...
2016-01-26 20:08:56 : Detecting your Village Theme
2016-01-26 20:08:57 : Default Theme detected
2016-01-26 20:08:58 : Language setting is English: Correct.
2016-01-26 20:08:59 : Trying to locate Main Screen
2016-01-26 20:08:59 : Main Screen Located
2016-01-26 20:09:02 : Village Report
2016-01-26 20:09:02 : No. of Free/Total Builders: 0/3
2016-01-26 20:09:02 :  [T]: 736
2016-01-26 20:09:03 :  [G]: 509 475 [E]: 519 959 [GEM]: 340
2016-01-26 20:09:05 : Training Troops & Spells
