2016-01-26 16:27:40 :  My Bot v5.0.2 860x780 (BlueStacks) Powered by MyBot.run ~
2016-01-26 16:27:40 : MyBot.run.au3 Script running on WIN_7  X64
2016-01-26 16:27:40 : =================== Bot Start ====================
2016-01-26 16:27:40 : -------------------------  Current Profile: 06 --------------------------
2016-01-26 16:27:40 :  Warning Debug Mode Enabled! Setlog: 0 OCR: 0 RedArea: 0 ImageSave: 0 BuildingPos: 1-
2016-01-26 16:27:41 : Trying to locate Main Screen
2016-01-26 16:27:41 : Main Screen Located
2016-01-26 16:27:43 : Detecting your Buildings..
2016-01-26 16:27:44 : Finding your Clan Level, wait..
2016-01-26 16:27:50 : Found Clan Level: 5
2016-01-26 16:27:51 : Detecting your Village Theme
2016-01-26 16:27:52 : Normal Theme detected
2016-01-26 16:27:53 : Language setting is English: Correct.
2016-01-26 16:27:54 : Trying to locate Main Screen
2016-01-26 16:27:54 : Main Screen Located
2016-01-26 16:27:57 : Village Report
2016-01-26 16:27:57 : No. of Free/Total Builders: 1/3
2016-01-26 16:27:57 :  [T]: 945
2016-01-26 16:27:57 :  [G]: 0 [E]: 66 623 [GEM]: 340
2016-01-26 16:28:00 : Training Troops & Spells
2016-01-26 16:28:00 : Checking Army Camp...
2016-01-26 16:28:02 : Total Army Camp capacity: 139/130 (106%)
2016-01-26 16:28:08 :  - No. of Barbarians: 46
2016-01-26 16:28:08 :  - No. of Archers: 46
2016-01-26 16:28:08 :  - No. of Goblins: 8
2016-01-26 16:28:08 :  - No. of Giants: 7
2016-01-26 16:28:08 :  - No. of Wallbreakers: 2
2016-01-26 16:28:09 : Barracks and Spell factory status: 
2016-01-26 16:28:09 : - Barracks detected: 3 | Available: 3 | Upgrading: 0
2016-01-26 16:28:09 : - Dark Barracks detected: 0 | Available: 0 | Upgrading: 0
2016-01-26 16:28:09 : - Spell factory detected: 1 | Available: 1 | Upgrading: 0
2016-01-26 16:28:09 : - Dark Spell factory detected: 0 | Available: 0 | Upgrading: 0
2016-01-26 16:28:09 : Skipping Train Army
2016-01-26 16:28:12 : Waiting for Main Screen
2016-01-26 16:28:22 : Skipping Collect Resources
2016-01-26 16:28:22 : Skipping Clear Tombstones
2016-01-26 16:28:22 : Skipping ReArming Village
2016-01-26 16:28:22 : Skipping Laboratory Upgrades
2016-01-26 16:28:22 : Skipping Building Upgrades
2016-01-26 16:28:22 : Skipping Upgrade Walls
2016-01-26 16:28:22 : Skipping Donate Troops
2016-01-26 16:28:22 : Trophy Count : 945
2016-01-26 16:28:22 : Dropping Trophies to 700
2016-01-26 16:28:25 : Going to Attack...
2016-01-26 16:28:28 :  Not enough gold to start searching.....
