2016-01-26 16:39:44 :  My Bot v5.0.2 860x780 (BlueStacks) Powered by MyBot.run ~
2016-01-26 16:39:44 : MyBot.run.au3 Script running on WIN_7  X64
2016-01-26 16:39:44 : =================== Bot Start ====================
2016-01-26 16:39:44 : -------------------------  Current Profile: 06 --------------------------
2016-01-26 16:39:44 :  Warning Debug Mode Enabled! Setlog: 0 OCR: 0 RedArea: 0 ImageSave: 0 BuildingPos: 1-
2016-01-26 16:39:44 : Trying to locate Main Screen
2016-01-26 16:39:44 : Main Screen Located
2016-01-26 16:39:46 : Detecting your Buildings..
2016-01-26 16:39:47 : Finding your Clan Level, wait..
2016-01-26 16:39:48 : Found Clan Level: 5
2016-01-26 16:39:50 : Detecting your Village Theme
2016-01-26 16:39:50 : Normal Theme detected
2016-01-26 16:39:51 : Language setting is English: Correct.
2016-01-26 16:39:53 : Trying to locate Main Screen
2016-01-26 16:39:53 : Main Screen Located
2016-01-26 16:39:56 : Village Report
2016-01-26 16:39:56 : No. of Free/Total Builders: 1/3
2016-01-26 16:39:56 :  [T]: 708
2016-01-26 16:39:56 :  [G]: 186 478 [E]: 162 208 [GEM]: 340
2016-01-26 16:39:59 : Training Troops & Spells
2016-01-26 16:39:59 : Checking Army Camp...
2016-01-26 16:40:01 : Total Army Camp capacity: 9/140 (6%)
2016-01-26 16:40:02 :  - No. of Archers: 9
2016-01-26 16:40:03 : Barracks and Spell factory status: 
2016-01-26 16:40:03 : - Barracks detected: 3 | Available: 3 | Upgrading: 0
2016-01-26 16:40:03 : - Dark Barracks detected: 0 | Available: 0 | Upgrading: 0
2016-01-26 16:40:03 : - Spell factory detected: 1 | Available: 1 | Upgrading: 0
2016-01-26 16:40:03 : - Dark Spell factory detected: 0 | Available: 0 | Upgrading: 0
