2016-01-26 22:48:33 : Unsupported MEmu screen size of 860 x 732 !
2016-01-26 22:48:33 : Unsupported MEmu screen size of 860 x 732 !
2016-01-26 22:48:39 :  My Bot v5.0.2 860x732 (MEmu) Powered by MyBot.run ~
2016-01-26 22:48:39 : MyBot.run.au3 Script running on WIN_7  X64
2016-01-26 22:48:39 : =================== Bot Start ====================
2016-01-26 22:48:39 : -------------------------  Current Profile: 06 --------------------------
2016-01-26 22:48:39 :  Warning Debug Mode Enabled! Setlog: 0 OCR: 0 RedArea: 0 ImageSave: 0 BuildingPos: 1-
2016-01-26 22:48:39 : Trying to locate Main Screen
2016-01-26 22:48:40 : Unsupported MEmu screen size of 860 x 732 !
2016-01-26 22:48:41 : Unsupported MEmu screen size of 860 x 732 !
2016-01-26 22:48:41 : Unsupported MEmu screen size of 860 x 732 !
2016-01-26 22:48:42 : Unsupported MEmu screen size of 860 x 732 !
2016-01-26 22:48:42 : Main Screen Located
2016-01-26 22:48:43 : Unsupported MEmu screen size of 860 x 732 !
2016-01-26 22:48:43 : Unsupported MEmu screen size of 860 x 732 !
2016-01-26 22:48:44 : Unsupported MEmu screen size of 860 x 732 !
2016-01-26 22:48:45 : Unsupported MEmu screen size of 860 x 732 !
2016-01-26 22:48:45 : Detecting your Buildings..
2016-01-26 22:48:46 : Finding your Clan Level, wait..
2016-01-26 22:48:47 : Unsupported MEmu screen size of 860 x 732 !
2016-01-26 22:48:47 : Unsupported MEmu screen size of 860 x 732 !
2016-01-26 22:48:48 : Unsupported MEmu screen size of 860 x 732 !
2016-01-26 22:48:48 : Unsupported MEmu screen size of 860 x 732 !
2016-01-26 22:48:49 : Unsupported MEmu screen size of 860 x 732 !
2016-01-26 22:48:49 : Unsupported MEmu screen size of 860 x 732 !
2016-01-26 22:48:50 : Unsupported MEmu screen size of 860 x 732 !
2016-01-26 22:48:50 : Unsupported MEmu screen size of 860 x 732 !
2016-01-26 22:48:51 : Unsupported MEmu screen size of 860 x 732 !
2016-01-26 22:48:51 : Unsupported MEmu screen size of 860 x 732 !
2016-01-26 22:48:52 : Unsupported MEmu screen size of 860 x 732 !
2016-01-26 22:48:52 : Unsupported MEmu screen size of 860 x 732 !
2016-01-26 22:48:53 : Unsupported MEmu screen size of 860 x 732 !
2016-01-26 22:48:53 : Unsupported MEmu screen size of 860 x 732 !
2016-01-26 22:48:54 : Unsupported MEmu screen size of 860 x 732 !
