2016-01-26 20:57:08 : Unsupported MEmu screen size of 860 x 732 !
2016-01-26 20:57:09 : Unsupported MEmu screen size of 860 x 732 !
2016-01-26 20:57:16 :  My Bot v5.0.2 860x780 (MEmu) Powered by MyBot.run ~
2016-01-26 20:57:16 : MyBot.run.au3 Script running on WIN_7  X64
2016-01-26 20:57:16 : =================== Bot Start ====================
2016-01-26 20:57:16 : -------------------------  Current Profile: 06 --------------------------
2016-01-26 20:57:16 :  Warning Debug Mode Enabled! Setlog: 0 OCR: 0 RedArea: 0 ImageSave: 0 BuildingPos: 1-
2016-01-26 20:57:17 : Trying to locate Main Screen
2016-01-26 20:57:17 : Unsupported MEmu screen size of 860 x 732 !
2016-01-26 20:57:18 : Unsupported MEmu screen size of 860 x 732 !
2016-01-26 20:57:18 : Unsupported MEmu screen size of 860 x 732 !
2016-01-26 20:57:20 : Unsupported MEmu screen size of 860 x 732 !
2016-01-26 20:57:20 : Zooming Out
2016-01-26 20:57:23 : Unsupported MEmu screen size of 860 x 732 !
2016-01-26 20:57:23 : Unsupported MEmu screen size of 860 x 732 !
2016-01-26 20:57:24 : Unsupported MEmu screen size of 860 x 732 !
2016-01-26 20:57:24 : Unsupported MEmu screen size of 860 x 732 !
2016-01-26 20:57:25 : Unsupported MEmu screen size of 860 x 732 !
2016-01-26 20:57:26 : Unsupported MEmu screen size of 860 x 732 !
2016-01-26 20:57:26 : Main Screen Located
2016-01-26 20:57:27 : Unsupported MEmu screen size of 860 x 732 !
2016-01-26 20:57:27 : Unsupported MEmu screen size of 860 x 732 !
2016-01-26 20:57:28 : Unsupported MEmu screen size of 860 x 732 !
2016-01-26 20:57:29 : Unsupported MEmu screen size of 860 x 732 !
2016-01-26 20:57:29 : Detecting your Buildings..
2016-01-26 20:57:30 : Finding your Clan Level, wait..
2016-01-26 20:57:31 : Unsupported MEmu screen size of 860 x 732 !
2016-01-26 20:57:31 : Unsupported MEmu screen size of 860 x 732 !
2016-01-26 20:57:31 : Unsupported MEmu screen size of 860 x 732 !
2016-01-26 20:57:32 : Unsupported MEmu screen size of 860 x 732 !
2016-01-26 20:57:33 : Unsupported MEmu screen size of 860 x 732 !
2016-01-26 20:57:33 : Unsupported MEmu screen size of 860 x 732 !
2016-01-26 20:57:34 : Unsupported MEmu screen size of 860 x 732 !
2016-01-26 20:57:34 : Unsupported MEmu screen size of 860 x 732 !
2016-01-26 20:57:35 : Unsupported MEmu screen size of 860 x 732 !
2016-01-26 20:57:35 : Unsupported MEmu screen size of 860 x 732 !
2016-01-26 20:57:36 : Unsupported MEmu screen size of 860 x 732 !
2016-01-26 20:57:36 : Unsupported MEmu screen size of 860 x 732 !
2016-01-26 20:57:37 : Unsupported MEmu screen size of 860 x 732 !
2016-01-26 20:57:37 : Unsupported MEmu screen size of 860 x 732 !
2016-01-26 20:57:38 : Unsupported MEmu screen size of 860 x 732 !
2016-01-26 20:57:42 : Found Clan Level: 5
2016-01-26 20:57:43 : Unsupported MEmu screen size of 860 x 732 !
2016-01-26 20:57:43 : Unsupported MEmu screen size of 860 x 732 !
2016-01-26 20:57:44 : Unsupported MEmu screen size of 860 x 732 !
2016-01-26 20:57:45 : Unsupported MEmu screen size of 860 x 732 !
2016-01-26 20:57:45 : Unsupported MEmu screen size of 860 x 732 !
2016-01-26 20:57:46 : Detecting your Village Theme
2016-01-26 20:57:47 : Unsupported MEmu screen size of 860 x 732 !
2016-01-26 20:57:47 : Unsupported MEmu screen size of 860 x 732 !
2016-01-26 20:57:48 : Unsupported MEmu screen size of 860 x 732 !
2016-01-26 20:57:48 : Unsupported MEmu screen size of 860 x 732 !
2016-01-26 20:57:49 : Unsupported MEmu screen size of 860 x 732 !
2016-01-26 20:57:49 : Normal Theme detected
2016-01-26 20:57:50 : Unsupported MEmu screen size of 860 x 732 !
2016-01-26 20:57:50 : Language setting is English: Correct.
2016-01-26 20:57:51 : Trying to locate Main Screen
2016-01-26 20:57:52 : Unsupported MEmu screen size of 860 x 732 !
2016-01-26 20:57:53 : Unsupported MEmu screen size of 860 x 732 !
2016-01-26 20:57:53 : Unsupported MEmu screen size of 860 x 732 !
2016-01-26 20:57:54 : Unsupported MEmu screen size of 860 x 732 !
2016-01-26 20:57:54 : Main Screen Located
2016-01-26 20:57:56 : Unsupported MEmu screen size of 860 x 732 !
2016-01-26 20:57:57 : Unsupported MEmu screen size of 860 x 732 !
2016-01-26 20:57:57 : Unsupported MEmu screen size of 860 x 732 !
2016-01-26 20:57:58 : Unsupported MEmu screen size of 860 x 732 !
2016-01-26 20:57:59 : Village Report
2016-01-26 20:57:59 : Unsupported MEmu screen size of 860 x 732 !
2016-01-26 20:58:00 : No. of Free/Total Builders: 0/3
2016-01-26 20:58:00 : Unsupported MEmu screen size of 860 x 732 !
2016-01-26 20:58:00 :  [T]: 739
2016-01-26 20:58:01 : Unsupported MEmu screen size of 860 x 732 !
2016-01-26 20:58:01 : Unsupported MEmu screen size of 860 x 732 !
2016-01-26 20:58:02 : Unsupported MEmu screen size of 860 x 732 !
2016-01-26 20:58:02 : Unsupported MEmu screen size of 860 x 732 !
2016-01-26 20:58:02 :  [G]: 508 975 [E]: 519 959 [GEM]: 340
2016-01-26 20:58:03 : Unsupported MEmu screen size of 860 x 732 !
2016-01-26 20:58:04 : Unsupported MEmu screen size of 860 x 732 !
2016-01-26 20:58:05 : Unsupported MEmu screen size of 860 x 732 !
2016-01-26 20:58:06 : Unsupported MEmu screen size of 860 x 732 !
2016-01-26 20:58:06 : Unsupported MEmu screen size of 860 x 732 !
2016-01-26 20:58:07 : Unsupported MEmu screen size of 860 x 732 !
2016-01-26 20:58:08 : Unsupported MEmu screen size of 860 x 732 !
2016-01-26 20:58:09 : Unsupported MEmu screen size of 860 x 732 !
2016-01-26 20:58:09 : Unsupported MEmu screen size of 860 x 732 !
2016-01-26 20:58:10 : Unsupported MEmu screen size of 860 x 732 !
2016-01-26 20:58:10 : Unsupported MEmu screen size of 860 x 732 !
2016-01-26 20:58:11 : Unsupported MEmu screen size of 860 x 732 !
2016-01-26 20:58:11 : Training Troops & Spells
2016-01-26 20:58:11 : Unsupported MEmu screen size of 860 x 732 !
2016-01-26 20:58:12 : Unsupported MEmu screen size of 860 x 732 !
2016-01-26 20:58:13 : Unsupported MEmu screen size of 860 x 732 !
2016-01-26 20:58:13 : Unsupported MEmu screen size of 860 x 732 !
2016-01-26 20:58:13 : Unsupported MEmu screen size of 860 x 732 !
2016-01-26 20:58:14 : Unsupported MEmu screen size of 860 x 732 !
2016-01-26 20:58:14 : Checking Army Camp...
2016-01-26 20:58:15 : Unsupported MEmu screen size of 860 x 732 !
2016-01-26 20:58:15 : Unsupported MEmu screen size of 860 x 732 !
2016-01-26 20:58:16 : Unsupported MEmu screen size of 860 x 732 !
2016-01-26 20:58:17 : Total Army Camp capacity: 140/140 (100%)
2016-01-26 20:58:17 : Unsupported MEmu screen size of 860 x 732 !
2016-01-26 20:58:23 :  - No. of Barbarians: 53
2016-01-26 20:58:23 :  - No. of Archers: 87
2016-01-26 20:58:24 : Unsupported MEmu screen size of 860 x 732 !
2016-01-26 20:58:24 : Unsupported MEmu screen size of 860 x 732 !
2016-01-26 20:58:25 : Unsupported MEmu screen size of 860 x 732 !
2016-01-26 20:58:26 : Unsupported MEmu screen size of 860 x 732 !
2016-01-26 20:58:26 : Unsupported MEmu screen size of 860 x 732 !
2016-01-26 20:58:27 : Unsupported MEmu screen size of 860 x 732 !
2016-01-26 20:58:27 : Unsupported MEmu screen size of 860 x 732 !
2016-01-26 20:58:28 : Unsupported MEmu screen size of 860 x 732 !
2016-01-26 20:58:28 : Unsupported MEmu screen size of 860 x 732 !
2016-01-26 20:58:29 : Unsupported MEmu screen size of 860 x 732 !
2016-01-26 20:58:29 : Unsupported MEmu screen size of 860 x 732 !
2016-01-26 20:58:30 : Unsupported MEmu screen size of 860 x 732 !
2016-01-26 20:58:30 : Unsupported MEmu screen size of 860 x 732 !
2016-01-26 20:58:31 : Unsupported MEmu screen size of 860 x 732 !
2016-01-26 20:58:32 : Unsupported MEmu screen size of 860 x 732 !
2016-01-26 20:58:32 : Barracks and Spell factory status: 
2016-01-26 20:58:32 : - Barracks detected: 3 | Available: 3 | Upgrading: 0
2016-01-26 20:58:32 : - Dark Barracks detected: 0 | Available: 0 | Upgrading: 0
2016-01-26 20:58:32 : - Spell factory detected: 1 | Available: 1 | Upgrading: 0
2016-01-26 20:58:32 : - Dark Spell factory detected: 0 | Available: 0 | Upgrading: 0
2016-01-26 20:58:32 : Skipping Train Army
2016-01-26 20:58:33 : Unsupported MEmu screen size of 860 x 732 !
2016-01-26 20:58:34 : Unsupported MEmu screen size of 860 x 732 !
2016-01-26 20:58:36 : Unsupported MEmu screen size of 860 x 732 !
2016-01-26 20:58:36 : Unsupported MEmu screen size of 860 x 732 !
2016-01-26 20:58:37 : Waiting for Main Screen
2016-01-26 20:58:38 : Unsupported MEmu screen size of 860 x 732 !
2016-01-26 20:58:38 : Unsupported MEmu screen size of 860 x 732 !
2016-01-26 20:58:39 : Unsupported MEmu screen size of 860 x 732 !
2016-01-26 20:58:39 : Unsupported MEmu screen size of 860 x 732 !
2016-01-26 20:58:40 : Unsupported MEmu screen size of 860 x 732 !
2016-01-26 20:58:42 : Unsupported MEmu screen size of 860 x 732 !
2016-01-26 20:58:43 : Unsupported MEmu screen size of 860 x 732 !
2016-01-26 20:58:43 : Unsupported MEmu screen size of 860 x 732 !
2016-01-26 20:58:44 : Unsupported MEmu screen size of 860 x 732 !
2016-01-26 20:58:46 : Unsupported MEmu screen size of 860 x 732 !
2016-01-26 20:58:47 : Unsupported MEmu screen size of 860 x 732 !
2016-01-26 20:58:47 : Unsupported MEmu screen size of 860 x 732 !
2016-01-26 20:58:48 : Unsupported MEmu screen size of 860 x 732 !
2016-01-26 20:58:50 : Unsupported MEmu screen size of 860 x 732 !
2016-01-26 20:58:51 : Unsupported MEmu screen size of 860 x 732 !
2016-01-26 20:58:51 : Unsupported MEmu screen size of 860 x 732 !
2016-01-26 20:58:52 : Unsupported MEmu screen size of 860 x 732 !
2016-01-26 20:58:53 : Unsupported MEmu screen size of 860 x 732 !
2016-01-26 20:58:54 : Unsupported MEmu screen size of 860 x 732 !
2016-01-26 20:58:55 : Unsupported MEmu screen size of 860 x 732 !
2016-01-26 20:58:55 : Unsupported MEmu screen size of 860 x 732 !
2016-01-26 20:58:57 : Unsupported MEmu screen size of 860 x 732 !
2016-01-26 20:58:58 : Unsupported MEmu screen size of 860 x 732 !
2016-01-26 20:58:59 : Unsupported MEmu screen size of 860 x 732 !
2016-01-26 20:59:00 : Unsupported MEmu screen size of 860 x 732 !
2016-01-26 20:59:00 : Skipping Collect Resources
2016-01-26 20:59:00 : Skipping Clear Tombstones
2016-01-26 20:59:00 : Skipping ReArming Village
2016-01-26 20:59:00 : Skipping Laboratory Upgrades
2016-01-26 20:59:00 : Skipping Building Upgrades
2016-01-26 20:59:00 : Skipping Upgrade Walls
2016-01-26 20:59:00 : Skipping Donate Troops
2016-01-26 20:59:01 : Going to Attack...
2016-01-26 20:59:01 : Unsupported MEmu screen size of 860 x 732 !
2016-01-26 20:59:02 : Unsupported MEmu screen size of 860 x 732 !
2016-01-26 20:59:03 : Unsupported MEmu screen size of 860 x 732 !
2016-01-26 20:59:03 : Unsupported MEmu screen size of 860 x 732 !
2016-01-26 20:59:06 : Unsupported MEmu screen size of 860 x 732 !
2016-01-26 20:59:07 : Unsupported MEmu screen size of 860 x 732 !
2016-01-26 20:59:07 : Unsupported MEmu screen size of 860 x 732 !
2016-01-26 20:59:08 : Unsupported MEmu screen size of 860 x 732 !
2016-01-26 20:59:09 : Unsupported MEmu screen size of 860 x 732 !
2016-01-26 20:59:10 : Unsupported MEmu screen size of 860 x 732 !
2016-01-26 20:59:10 : Unsupported MEmu screen size of 860 x 732 !
2016-01-26 20:59:12 : Unsupported MEmu screen size of 860 x 732 !
2016-01-26 20:59:13 : Unsupported MEmu screen size of 860 x 732 !
2016-01-26 20:59:13 : Unsupported MEmu screen size of 860 x 732 !
2016-01-26 20:59:14 : Unsupported MEmu screen size of 860 x 732 !
2016-01-26 20:59:14 : ============== Searching For Dead Base ===============
2016-01-26 20:59:14 : ~~~~~~~~~~~~~~~ SEARCH CONDITIONS ~~~~~~~~~~~~~~~~
2016-01-26 20:59:14 : Meet: Gold and Elixir, Max TH 4-6
2016-01-26 20:59:14 : ~~~~~~~~~~~~~~ RESOURCE CONDITIONS ~~~~~~~~~~~~~~~
2016-01-26 20:59:14 : Aim: [G]: 110000 [E]: 110000 [D]:    0 [T]: 0 [TH]:4-6 for: Dead Base
2016-01-26 20:59:14 : ==================================================
2016-01-26 20:59:15 : Unsupported MEmu screen size of 860 x 732 !
2016-01-26 20:59:16 : Unsupported MEmu screen size of 860 x 732 !
2016-01-26 20:59:16 : Unsupported MEmu screen size of 860 x 732 !
2016-01-26 20:59:17 : Unsupported MEmu screen size of 860 x 732 !
2016-01-26 20:59:17 : Unsupported MEmu screen size of 860 x 732 !
2016-01-26 20:59:18 : Unsupported MEmu screen size of 860 x 732 !
2016-01-26 20:59:19 : Unsupported MEmu screen size of 860 x 732 !
2016-01-26 20:59:19 : Unsupported MEmu screen size of 860 x 732 !
2016-01-26 20:59:20 : Unsupported MEmu screen size of 860 x 732 !
2016-01-26 20:59:20 : #*# checkTownhallADV2: 
2016-01-26 20:59:20 :   - Position (476,337)
2016-01-26 20:59:20 :   - TownHall detected level 4-6
2016-01-26 20:59:20 :   - Image Match 001T75X0Y0.bmp
2016-01-26 20:59:20 :   - IsInsidediamond: True
2016-01-26 20:59:20 :   - Calculated  in: 1.01 seconds 
2016-01-26 20:59:20 :   - Images checked: 6
2016-01-26 20:59:21 :   1> [G]:  23288 [E]:   2008 [D]:  N/A [T]:13 [TH]:4-6, In
2016-01-26 20:59:21 : Unsupported MEmu screen size of 860 x 732 !
2016-01-26 20:59:22 : Unsupported MEmu screen size of 860 x 732 !
2016-01-26 20:59:22 : Unsupported MEmu screen size of 860 x 732 !
2016-01-26 20:59:23 : Unsupported MEmu screen size of 860 x 732 !
2016-01-26 20:59:24 : Unsupported MEmu screen size of 860 x 732 !
2016-01-26 20:59:24 : Unsupported MEmu screen size of 860 x 732 !
2016-01-26 20:59:25 : Unsupported MEmu screen size of 860 x 732 !
2016-01-26 20:59:26 : Unsupported MEmu screen size of 860 x 732 !
2016-01-26 20:59:27 : Unsupported MEmu screen size of 860 x 732 !
2016-01-26 20:59:28 : Unsupported MEmu screen size of 860 x 732 !
2016-01-26 20:59:28 : Unsupported MEmu screen size of 860 x 732 !
2016-01-26 20:59:29 : Unsupported MEmu screen size of 860 x 732 !
2016-01-26 20:59:29 : Unsupported MEmu screen size of 860 x 732 !
2016-01-26 20:59:30 : Unsupported MEmu screen size of 860 x 732 !
2016-01-26 20:59:31 : Unsupported MEmu screen size of 860 x 732 !
2016-01-26 20:59:31 : Unsupported MEmu screen size of 860 x 732 !
2016-01-26 20:59:32 : Unsupported MEmu screen size of 860 x 732 !
2016-01-26 20:59:32 : Unsupported MEmu screen size of 860 x 732 !
2016-01-26 20:59:33 : #*# checkTownhallADV2: 
2016-01-26 20:59:33 :   - Position (435,331)
2016-01-26 20:59:33 :   - TownHall detected level 4-6
2016-01-26 20:59:33 :   - Image Match 001T75X0Y0.bmp
2016-01-26 20:59:33 :   - IsInsidediamond: True
2016-01-26 20:59:33 :   - Calculated  in: 1 seconds 
2016-01-26 20:59:33 :   - Images checked: 6
2016-01-26 20:59:33 :   2> [G]:  18217 [E]:   4865 [D]:  N/A [T]:12 [TH]:4-6, In
2016-01-26 20:59:34 : Unsupported MEmu screen size of 860 x 732 !
2016-01-26 20:59:34 : Unsupported MEmu screen size of 860 x 732 !
2016-01-26 20:59:35 : Unsupported MEmu screen size of 860 x 732 !
2016-01-26 20:59:35 : Unsupported MEmu screen size of 860 x 732 !
2016-01-26 20:59:36 : Unsupported MEmu screen size of 860 x 732 !
2016-01-26 20:59:37 : Unsupported MEmu screen size of 860 x 732 !
2016-01-26 20:59:38 : Unsupported MEmu screen size of 860 x 732 !
2016-01-26 20:59:39 : Unsupported MEmu screen size of 860 x 732 !
2016-01-26 20:59:39 : Unsupported MEmu screen size of 860 x 732 !
2016-01-26 20:59:40 : Unsupported MEmu screen size of 860 x 732 !
2016-01-26 20:59:41 : Unsupported MEmu screen size of 860 x 732 !
2016-01-26 20:59:41 : Unsupported MEmu screen size of 860 x 732 !
2016-01-26 20:59:42 : Unsupported MEmu screen size of 860 x 732 !
2016-01-26 20:59:42 : Unsupported MEmu screen size of 860 x 732 !
2016-01-26 20:59:43 : Unsupported MEmu screen size of 860 x 732 !
2016-01-26 20:59:44 : Unsupported MEmu screen size of 860 x 732 !
2016-01-26 20:59:44 : Unsupported MEmu screen size of 860 x 732 !
2016-01-26 20:59:45 : Unsupported MEmu screen size of 860 x 732 !
2016-01-26 20:59:45 : #*# checkTownhallADV2: 
2016-01-26 20:59:45 :   - Position (508,312)
2016-01-26 20:59:45 :   - TownHall detected level 4-6
2016-01-26 20:59:45 :   - Image Match 001T75X0Y0.bmp
2016-01-26 20:59:45 :   - IsInsidediamond: True
2016-01-26 20:59:45 :   - Calculated  in: 0.99 seconds 
2016-01-26 20:59:45 :   - Images checked: 6
2016-01-26 20:59:46 :   3> [G]:   1625 [E]:   1625 [D]:  N/A [T]:15 [TH]:4-6, In
2016-01-26 20:59:46 : Unsupported MEmu screen size of 860 x 732 !
2016-01-26 20:59:47 : Unsupported MEmu screen size of 860 x 732 !
2016-01-26 20:59:47 : Unsupported MEmu screen size of 860 x 732 !
2016-01-26 20:59:48 : Unsupported MEmu screen size of 860 x 732 !
2016-01-26 20:59:48 : Unsupported MEmu screen size of 860 x 732 !
2016-01-26 20:59:49 : Unsupported MEmu screen size of 860 x 732 !
2016-01-26 20:59:50 : Unsupported MEmu screen size of 860 x 732 !
2016-01-26 20:59:51 : Unsupported MEmu screen size of 860 x 732 !
2016-01-26 20:59:52 : Unsupported MEmu screen size of 860 x 732 !
2016-01-26 20:59:52 : Unsupported MEmu screen size of 860 x 732 !
2016-01-26 20:59:53 : Unsupported MEmu screen size of 860 x 732 !
2016-01-26 20:59:54 : Unsupported MEmu screen size of 860 x 732 !
2016-01-26 20:59:54 : Unsupported MEmu screen size of 860 x 732 !
2016-01-26 20:59:55 : Unsupported MEmu screen size of 860 x 732 !
2016-01-26 20:59:55 : Unsupported MEmu screen size of 860 x 732 !
2016-01-26 20:59:56 : Unsupported MEmu screen size of 860 x 732 !
2016-01-26 20:59:57 : Unsupported MEmu screen size of 860 x 732 !
2016-01-26 20:59:57 : Unsupported MEmu screen size of 860 x 732 !
2016-01-26 20:59:58 : #*# checkTownhallADV2: 
2016-01-26 20:59:58 :   - Position (452,356)
2016-01-26 20:59:58 :   - TownHall detected level 4-6
2016-01-26 20:59:58 :   - Image Match 001T75X0Y0.bmp
2016-01-26 20:59:58 :   - IsInsidediamond: True
2016-01-26 20:59:58 :   - Calculated  in: 1 seconds 
2016-01-26 20:59:58 :   - Images checked: 6
2016-01-26 20:59:58 :   4> [G]:  12614 [E]:  29580 [D]:  N/A [T]:33 [TH]:4-6, In
2016-01-26 20:59:59 : Unsupported MEmu screen size of 860 x 732 !
2016-01-26 20:59:59 : Unsupported MEmu screen size of 860 x 732 !
2016-01-26 21:00:00 : Unsupported MEmu screen size of 860 x 732 !
2016-01-26 21:00:00 : Unsupported MEmu screen size of 860 x 732 !
2016-01-26 21:00:01 : Unsupported MEmu screen size of 860 x 732 !
2016-01-26 21:00:02 : Unsupported MEmu screen size of 860 x 732 !
2016-01-26 21:00:02 : Unsupported MEmu screen size of 860 x 732 !
2016-01-26 21:00:03 : Unsupported MEmu screen size of 860 x 732 !
2016-01-26 21:00:04 : Unsupported MEmu screen size of 860 x 732 !
2016-01-26 21:00:05 : Unsupported MEmu screen size of 860 x 732 !
2016-01-26 21:00:05 : Unsupported MEmu screen size of 860 x 732 !
2016-01-26 21:00:06 : Unsupported MEmu screen size of 860 x 732 !
2016-01-26 21:00:07 : Unsupported MEmu screen size of 860 x 732 !
2016-01-26 21:00:07 : Unsupported MEmu screen size of 860 x 732 !
2016-01-26 21:00:08 : Unsupported MEmu screen size of 860 x 732 !
2016-01-26 21:00:08 : Unsupported MEmu screen size of 860 x 732 !
2016-01-26 21:00:09 : Unsupported MEmu screen size of 860 x 732 !
2016-01-26 21:00:09 : Unsupported MEmu screen size of 860 x 732 !
2016-01-26 21:00:10 : #*# checkTownhallADV2: 
2016-01-26 21:00:10 :   - Position (468,319)
2016-01-26 21:00:10 :   - TownHall detected level 4-6
2016-01-26 21:00:10 :   - Image Match 001T75X0Y0.bmp
2016-01-26 21:00:10 :   - IsInsidediamond: True
2016-01-26 21:00:10 :   - Calculated  in: 1.01 seconds 
2016-01-26 21:00:10 :   - Images checked: 6
2016-01-26 21:00:10 :   5> [G]:  17055 [E]:   1821 [D]:  N/A [T]:30 [TH]:4-6, In
2016-01-26 21:00:11 : Unsupported MEmu screen size of 860 x 732 !
