2016-01-12 19:44:19 : 19:44|  840|    44| 156003| 101754|      0| 10|1|  2184|  2184|   0|S3||130/130|
2016-01-12 23:34:38 : ============================= ATTACK LOG ==============================
2016-01-12 23:34:38 :                    --------  LOOT --------       ----- BONUS ------
2016-01-12 23:34:38 :  TIME|TROP.|SEARCH|   GOLD| ELIXIR|DARK EL|TR.|S|  GOLD|ELIXIR|  DE|L.
2016-01-12 23:39:25 : 23:39|  850|    16|      0|  64630|      0|-12|0|     0|     0|   0|--||130/130|
2016-01-13 00:01:51 : 00:01|  838|    10| 191588| 135672|      0|  8|1|  2080|  2080|   0|S3||130/130|
2016-01-13 00:25:22 : 00:25|  846|    78|  20577|      0|      0|-16|0|     0|     0|   0|--||130/130|
2016-01-13 00:47:15 : 00:47|  830|    78| 110346| 110363|      0| 24|2|  2080|  2080|   0|S3||130/130|
2016-01-13 01:04:19 : 01:04|  854|    36| 203839| 134181|      0| 11|1|  2470|  2470|   0|S3||130/130|
2016-01-13 01:21:39 : ============================= ATTACK LOG ==============================
2016-01-13 01:21:39 :                    --------  LOOT --------       ----- BONUS ------
2016-01-13 01:21:39 :  TIME|TROP.|SEARCH|   GOLD| ELIXIR|DARK EL|TR.|S|  GOLD|ELIXIR|  DE|L.
2016-01-13 18:24:44 : 18:24|  902|     6| 110000|  52000|      0| 33|3|  2600|  2600|   0|S3||130/130|
2016-01-13 18:45:11 : 18:45|  935|    24| 180866| 110068|      0| 11|1|  2314|  2314|   0|S3||130/130|
2016-01-13 19:04:14 : 19:04|  946|    17| 140938| 125106|      0| 11|1|  2080|  2080|   0|S3||130/130|
2016-01-13 19:24:55 : 19:24|  957|    38| 138824|  94473|      0| 23|2|  2314|  2314|   0|S3||130/130|
2016-01-13 19:43:23 : 19:43|  980|    31| 162501| 118289|      0|  9|1|  2210|  2210|   0|S3||130/130|
2016-01-13 20:08:33 : 20:08|  989|   120| 158797| 112799|      0|  8|1|  2158|  2158|   0|S3||129/130|
2016-01-13 20:23:32 : 20:23|  997|    68| 195654| 138167|      0| 10|1|  2392|  2392|   0|S3||130/130|
2016-01-13 20:56:02 : 20:56| 1007|   261| 160293|  57534|      0| 20|2|  3145|  3145|   0|S2||129/130|
2016-01-13 21:03:52 : 21:03| 1027|    16| 205879| 191787|      0| 22|3|  3700|  3700|   0|S2||131/130|
2016-01-13 22:17:27 : 22:17|  699|   135|  88610| 108699|      0| 34|2|  1300|  1300|   0|B1||135/130|
2016-01-13 22:31:17 : 22:31|  733|    40| 317982| 136686|      0| 24|2|  1300|  1300|   0|B1||130/130|
2016-01-18 20:17:23 : ============================= ATTACK LOG ==============================
2016-01-18 20:17:23 :                    --------  LOOT --------       ----- BONUS ------
2016-01-18 20:17:23 :  TIME|TROP.|SEARCH|   GOLD| ELIXIR|DARK EL|TR.|S|  GOLD|ELIXIR|  DE|L.
2016-01-22 04:32:22 : ============================= ATTACK LOG ==============================
2016-01-22 04:32:22 :                    --------  LOOT --------       ----- BONUS ------
2016-01-22 04:32:22 :  TIME|TROP.|SEARCH|   GOLD| ELIXIR|DARK EL|TR.|S|  GOLD|ELIXIR|  DE|L.
2016-01-22 04:35:49 : ============================= ATTACK LOG ==============================
2016-01-22 04:35:49 :                    --------  LOOT --------       ----- BONUS ------
2016-01-22 04:35:49 :  TIME|TROP.|SEARCH|   GOLD| ELIXIR|DARK EL|TR.|S|  GOLD|ELIXIR|  DE|L.
2016-01-26 16:38:08 : 16:38|  695|    14| 145696| 101505|      0| 13|1|  1040|  1040|   0|B1||139/140|
2016-01-26 17:02:51 : 17:02|  708|    47| 145339| 124990|      0| 16|1|  1300|  1300|   0|B1||140/140|
2016-01-26 17:19:28 : 17:19|  724|    21| 128678| 144819|      0| 22|2|  1300|  1300|   0|B1||140/140|
2016-01-26 17:41:48 : 17:41|  746|    74| 121527| 140379|      0| -5|0|     0|     0|   0|--||140/140|
2016-01-26 20:01:02 : ============================= ATTACK LOG ==============================
2016-01-26 20:01:02 :                    --------  LOOT --------       ----- BONUS ------
2016-01-26 20:01:02 :  TIME|TROP.|SEARCH|   GOLD| ELIXIR|DARK EL|TR.|S|  GOLD|ELIXIR|  DE|L.
2016-01-26 20:36:06 : ============================= ATTACK LOG ==============================
2016-01-26 20:36:06 :                    --------  LOOT --------       ----- BONUS ------
2016-01-26 20:36:06 :  TIME|TROP.|SEARCH|   GOLD| ELIXIR|DARK EL|TR.|S|  GOLD|ELIXIR|  DE|L.
2016-01-26 20:48:56 : ============================= ATTACK LOG ==============================
2016-01-26 20:48:56 :                    --------  LOOT --------       ----- BONUS ------
2016-01-26 20:48:56 :  TIME|TROP.|SEARCH|   GOLD| ELIXIR|DARK EL|TR.|S|  GOLD|ELIXIR|  DE|L.
2016-01-26 20:57:04 : ============================= ATTACK LOG ==============================
2016-01-26 20:57:04 :                    --------  LOOT --------       ----- BONUS ------
2016-01-26 20:57:04 :  TIME|TROP.|SEARCH|   GOLD| ELIXIR|DARK EL|TR.|S|  GOLD|ELIXIR|  DE|L.
2016-01-26 22:38:50 : ============================= ATTACK LOG ==============================
2016-01-26 22:38:50 :                    --------  LOOT --------       ----- BONUS ------
2016-01-26 22:38:50 :  TIME|TROP.|SEARCH|   GOLD| ELIXIR|DARK EL|TR.|S|  GOLD|ELIXIR|  DE|L.
2016-01-26 22:40:15 : ============================= ATTACK LOG ==============================
2016-01-26 22:40:15 :                    --------  LOOT --------       ----- BONUS ------
2016-01-26 22:40:15 :  TIME|TROP.|SEARCH|   GOLD| ELIXIR|DARK EL|TR.|S|  GOLD|ELIXIR|  DE|L.
2016-01-26 22:48:11 : ============================= ATTACK LOG ==============================
2016-01-26 22:48:11 :                    --------  LOOT --------       ----- BONUS ------
2016-01-26 22:48:11 :  TIME|TROP.|SEARCH|   GOLD| ELIXIR|DARK EL|TR.|S|  GOLD|ELIXIR|  DE|L.
2016-01-26 23:26:20 : ============================= ATTACK LOG ==============================
2016-01-26 23:26:20 :                    --------  LOOT --------       ----- BONUS ------
2016-01-26 23:26:20 :  TIME|TROP.|SEARCH|   GOLD| ELIXIR|DARK EL|TR.|S|  GOLD|ELIXIR|  DE|L.
2016-01-26 23:30:54 : ============================= ATTACK LOG ==============================
2016-01-26 23:30:54 :                    --------  LOOT --------       ----- BONUS ------
2016-01-26 23:30:54 :  TIME|TROP.|SEARCH|   GOLD| ELIXIR|DARK EL|TR.|S|  GOLD|ELIXIR|  DE|L.
2016-01-27 20:33:58 : ============================= ATTACK LOG ==============================
2016-01-27 20:33:58 :                    --------  LOOT --------       ----- BONUS ------
2016-01-27 20:33:58 :  TIME|TROP.|SEARCH|   GOLD| ELIXIR|DARK EL|TR.|S|  GOLD|ELIXIR|  DE|L.
