2016-01-12 15:34:19 :  My Bot v5.0.2 860x780 (BlueStacks) Powered by MyBot.run ~
2016-01-12 15:34:19 : MyBot.run.au3 Script running on WIN_7  X64
2016-01-12 15:34:19 : =================== Bot Start ====================
2016-01-12 15:34:19 : -------------------------  Current Profile: 01 --------------------------
2016-01-12 15:34:19 : Trying to locate Main Screen
2016-01-12 15:34:19 : Main Screen Located
2016-01-12 15:34:21 : Detecting your Buildings..
2016-01-12 15:34:22 : Finding your Clan Level, wait..
2016-01-12 15:34:28 : Found Clan Level: 5
2016-01-12 15:34:30 : Detecting your Village Theme
2016-01-12 15:34:30 : Normal Theme detected
2016-01-12 15:34:31 : Language setting is English: Correct.
2016-01-12 15:34:32 : Trying to locate Main Screen
2016-01-12 15:34:32 : Main Screen Located
2016-01-12 15:34:36 : Village Report
2016-01-12 15:34:36 : No. of Free/Total Builders: 0/5
2016-01-12 15:34:36 :  [T]: 976
2016-01-12 15:34:36 :  [G]: 3 078 604 [E]: 3 623 250 [D]: 102 321 [GEM]: 113
2016-01-12 15:34:38 : Training Troops & Spells
2016-01-12 15:34:39 : Checking Army Camp...
2016-01-12 15:34:40 : Total Army Camp capacity: 198/220 (90%)
2016-01-12 15:34:46 :  - No. of Archers: 27
2016-01-12 15:34:46 :  - No. of Goblins: 171
2016-01-12 15:34:46 :  - Archer Queen available
2016-01-12 15:34:47 : Total Spell(s) Capacity: 5/9
2016-01-12 15:34:47 :  - No. of LightningSpell: 2
2016-01-12 15:34:47 :  - No. of EarthquakeSpell: 1
2016-01-12 15:34:47 : Barracks and Spell factory status: 
2016-01-12 15:34:47 : - Barracks detected: 4 | Available: 4 | Upgrading: 0
2016-01-12 15:34:47 : - Dark Barracks detected: 2 | Available: 2 | Upgrading: 0
2016-01-12 15:34:47 : - Spell factory detected: 1 | Available: 1 | Upgrading: 0
2016-01-12 15:34:47 : - Dark Spell factory detected: 1 | Available: 1 | Upgrading: 0
2016-01-12 15:34:48 : Your Army Camps are now Full
2016-01-12 15:34:48 : Calculating Troops before Training new Army.
2016-01-12 15:35:25 : Already done Lightning Spell(s)
2016-01-12 15:35:25 : Spell Factory is full ...
2016-01-12 15:35:36 : Requesting Clan Castle Troops
2016-01-12 15:35:44 : Skipping Collect Resources
2016-01-12 15:35:44 : Skipping Clear Tombstones
2016-01-12 15:35:44 : Skipping ReArming Village
2016-01-12 15:35:44 : Skipping Laboratory Upgrades
2016-01-12 15:35:44 : Skipping Building Upgrades
2016-01-12 15:35:44 : Skipping Upgrade Walls
2016-01-12 15:35:44 : Skipping Donate Troops
2016-01-12 15:35:44 : Going to Attack...
2016-01-12 15:35:51 : ============== Searching For Dead Base ===============
2016-01-12 15:35:51 : ~~~~~~~~~~~~~~~ SEARCH CONDITIONS ~~~~~~~~~~~~~~~~
2016-01-12 15:35:51 : Meet: Gold or Elixir
2016-01-12 15:35:51 : ~~~~~~~~~~~~~~ RESOURCE CONDITIONS ~~~~~~~~~~~~~~~
2016-01-12 15:35:51 : Aim: [G]: 250000 [E]: 250000 [D]:    0 [T]: 0 for: Dead Base
2016-01-12 15:35:51 : ~~~~~~~~~~~~~~~ ADVANCED SETTINGS ~~~~~~~~~~~~~~~~
2016-01-12 15:35:51 : THSnipe Combo for Both Dead & LiveBasesSmartBarch-v1.0
2016-01-12 15:35:51 : ==================================================
2016-01-12 15:35:53 :   1> [G]:  65682 [E]:  62089 [D]: 1329 [T]:26 [TH]: 9, Out
2016-01-12 15:35:59 :   2> [G]:  84724 [E]:  73540 [D]:  154 [T]:34 [TH]: 8, In
2016-01-12 15:36:08 :   3> [G]:  83165 [E]: 258723 [D]:  229 [T]:37 [TH]: 8, In
2016-01-12 15:36:08 :       Not a Dead Base
2016-01-12 15:36:17 :   4> [G]: 361320 [E]: 361236 [D]:  860 [T]:23 [TH]: 9, In
2016-01-12 15:36:17 :       Not a Dead Base
2016-01-12 15:36:27 :   5> [G]: 289936 [E]: 363306 [D]: 1694 [T]:26 [TH]: 9, Out
2016-01-12 15:36:27 :       TH Outside Found! 
2016-01-12 15:36:28 : ================ Search Complete =================
2016-01-12 15:36:28 : Initiating attack for: TH Snipe
2016-01-12 15:36:34 : -*-Archers 29
2016-01-12 15:36:34 : -*-Goblins 176
2016-01-12 15:36:34 : -*-Queen 
2016-01-12 15:36:34 : -*-Lightning Spells 3
2016-01-12 15:36:34 : -*-Earthquake Spells 1
2016-01-12 15:36:34 : -*-Poison Spells 1
2016-01-12 15:36:36 :  ====== Start Attack ====== 
2016-01-12 15:36:39 : Sniping TH with Smartsaving Goblin    
2016-01-12 15:36:39 : Dropping Only wave of 5 Goblins
2016-01-12 15:36:40 : Deployment of 5 Goblins was Successful!
2016-01-12 15:36:41 :                                       
2016-01-12 15:36:41 :                                       
2016-01-12 15:36:41 : Dropping Only wave of 10 Archers
2016-01-12 15:36:43 : Deployment of 10 Archers was Successful!
2016-01-12 15:36:44 :                                       
2016-01-12 15:36:44 : Wait for 20 Second                    
2016-01-12 15:36:44 :                                       
2016-01-12 15:36:44 : TH Not Destroy??                      
2016-01-12 15:36:44 : We Try Again                          
2016-01-12 15:36:44 : Dropping Only wave of 5 Goblins
2016-01-12 15:36:45 : Deployment of 5 Goblins was Successful!
2016-01-12 15:36:46 :                                       
2016-01-12 15:36:46 :                                       
2016-01-12 15:36:46 : Dropping Only wave of 10 Archers
2016-01-12 15:36:48 : Deployment of 10 Archers was Successful!
2016-01-12 15:36:49 :                                       
2016-01-12 15:36:49 : Wait for 10 Second                    
2016-01-12 15:36:49 :                                       
2016-01-12 15:36:49 : TH Not Destroy??                      
2016-01-12 15:36:49 : We Try Again                          
2016-01-12 15:36:49 : Dropping Only wave of 5 Goblins
2016-01-12 15:36:51 : Deployment of 5 Goblins was Successful!
2016-01-12 15:36:51 :                                       
2016-01-12 15:36:51 :                                       
