2016-01-13 01:41:54 :  My Bot v5.0.2 860x780 (BlueStacks) Powered by MyBot.run ~
2016-01-13 01:41:54 : MyBot.run.au3 Script running on WIN_7  X64
2016-01-13 01:41:54 : =================== Bot Start ====================
2016-01-13 01:41:54 : -------------------------  Current Profile: 01 --------------------------
2016-01-13 01:41:54 : Trying to locate Main Screen
2016-01-13 01:41:57 : Waiting for Main Screen
2016-01-13 01:41:57 : Main Screen Located
2016-01-13 01:41:58 : Detecting your Buildings..
2016-01-13 01:41:59 : Finding your Clan Level, wait..
2016-01-13 01:42:01 : Found Clan Level: 5
2016-01-13 01:42:02 : Detecting your Village Theme
2016-01-13 01:42:03 : Normal Theme detected
2016-01-13 01:42:04 : Language setting is English: Correct.
2016-01-13 01:42:05 : Trying to locate Main Screen
2016-01-13 01:42:05 : Main Screen Located
2016-01-13 01:42:09 : Village Report
2016-01-13 01:42:09 : No. of Free/Total Builders: 0/5
2016-01-13 01:42:09 :  [T]: 788
2016-01-13 01:42:09 :  [G]: 1 230 191 [E]: 4 441 526 [D]: 109 295 [GEM]: 113
2016-01-13 01:42:11 : Training Troops & Spells
2016-01-13 01:42:12 : Checking Army Camp...
2016-01-13 01:42:13 : Total Army Camp capacity: 73/220 (33%)
2016-01-13 01:42:15 :  - No. of Archers: 22
2016-01-13 01:42:15 :  - No. of Goblins: 51
2016-01-13 01:42:15 :  - Archer Queen available
2016-01-13 01:42:15 : Total Spell(s) Capacity: 8/9
2016-01-13 01:42:15 :  - No. of RageSpell: 2
2016-01-13 01:42:15 :  - No. of EarthquakeSpell: 4
2016-01-13 01:42:15 : Barracks and Spell factory status: 
2016-01-13 01:42:15 : - Barracks detected: 4 | Available: 4 | Upgrading: 0
2016-01-13 01:42:15 : - Dark Barracks detected: 2 | Available: 2 | Upgrading: 0
2016-01-13 01:42:15 : - Spell factory detected: 1 | Available: 1 | Upgrading: 0
2016-01-13 01:42:15 : - Dark Spell factory detected: 1 | Available: 1 | Upgrading: 0
2016-01-13 01:42:16 : Remove previous training troops and start to train
2016-01-13 01:42:41 : Already done Lightning Spell(s)
2016-01-13 01:42:41 : Spell Factory is full ...
2016-01-13 01:42:54 : Skipping Collect Resources
2016-01-13 01:42:54 : Skipping Clear Tombstones
2016-01-13 01:42:54 : Skipping ReArming Village
2016-01-13 01:42:54 : Skipping Laboratory Upgrades
2016-01-13 01:42:54 : Skipping Building Upgrades
2016-01-13 01:42:54 : Skipping Upgrade Walls
2016-01-13 01:42:54 : Skipping Donate Troops
2016-01-13 01:42:55 : ====== Waiting for full army ======
2016-01-13 01:43:08 : Training Troops & Spells
2016-01-13 01:43:09 : Checking Army Camp...
2016-01-13 01:43:10 : Total Army Camp capacity: 77/220 (35%)
2016-01-13 01:43:11 :  - No. of Archers: 22
2016-01-13 01:43:12 :  - No. of Goblins: 55
2016-01-13 01:43:12 :  - Archer Queen available
2016-01-13 01:43:12 : Total Spell(s) Capacity: 8/9
2016-01-13 01:43:12 :  - No. of RageSpell: 2
2016-01-13 01:43:12 :  - No. of EarthquakeSpell: 4
2016-01-13 01:43:25 : Already done Lightning Spell(s)
2016-01-13 01:43:25 : Spell Factory is full ...
2016-01-13 01:43:30 : Time Idle: 00:00:35
2016-01-13 01:43:30 : ====== Waiting for full army ======
2016-01-13 01:43:43 : Training Troops & Spells
2016-01-13 01:43:44 : Checking Army Camp...
2016-01-13 01:43:45 : Total Army Camp capacity: 81/220 (36%)
2016-01-13 01:43:47 :  - No. of Archers: 22
2016-01-13 01:43:47 :  - No. of Goblins: 59
2016-01-13 01:43:47 :  - Archer Queen available
2016-01-13 01:43:47 : Total Spell(s) Capacity: 8/9
2016-01-13 01:43:47 :  - No. of RageSpell: 2
2016-01-13 01:43:47 :  - No. of EarthquakeSpell: 4
2016-01-13 01:43:58 : Already done Lightning Spell(s)
2016-01-13 01:43:58 : Spell Factory is full ...
2016-01-13 01:44:03 : Time Idle: 00:01:08
2016-01-13 01:44:03 : ====== Waiting for full army ======
2016-01-13 01:44:16 : Training Troops & Spells
2016-01-13 01:44:17 : Checking Army Camp...
2016-01-13 01:44:19 : Total Army Camp capacity: 85/220 (38%)
2016-01-13 01:44:20 :  - No. of Archers: 22
2016-01-13 01:44:20 :  - No. of Goblins: 63
2016-01-13 01:44:20 :  - Archer Queen available
2016-01-13 01:44:20 : Total Spell(s) Capacity: 8/9
2016-01-13 01:44:20 :  - No. of RageSpell: 2
2016-01-13 01:44:20 :  - No. of EarthquakeSpell: 4
2016-01-13 01:44:32 : Already done Lightning Spell(s)
2016-01-13 01:44:32 : Spell Factory is full ...
2016-01-13 01:44:37 : Time Idle: 00:01:41
2016-01-13 01:44:37 : ====== Waiting for full army ======
2016-01-13 01:44:50 : Training Troops & Spells
2016-01-13 01:44:51 : Checking Army Camp...
2016-01-13 01:44:52 : Total Army Camp capacity: 90/220 (40%)
2016-01-13 01:44:54 :  - No. of Archers: 22
2016-01-13 01:44:54 :  - No. of Goblins: 68
2016-01-13 01:44:54 :  - Archer Queen available
2016-01-13 01:44:54 : Total Spell(s) Capacity: 8/9
2016-01-13 01:44:54 :  - No. of RageSpell: 2
2016-01-13 01:44:54 :  - No. of EarthquakeSpell: 4
2016-01-13 01:45:05 : Already done Lightning Spell(s)
2016-01-13 01:45:05 : Spell Factory is full ...
2016-01-13 01:45:10 : Time Idle: 00:02:14
2016-01-13 01:45:11 : ====== Waiting for full army ======
2016-01-13 01:45:24 : Training Troops & Spells
2016-01-13 01:45:24 : Checking Army Camp...
2016-01-13 01:45:26 : Total Army Camp capacity: 95/220 (43%)
2016-01-13 01:45:27 :  - No. of Archers: 22
2016-01-13 01:45:27 :  - No. of Goblins: 73
2016-01-13 01:45:27 :  - Archer Queen available
2016-01-13 01:45:28 : Total Spell(s) Capacity: 8/9
2016-01-13 01:45:28 :  - No. of RageSpell: 2
2016-01-13 01:45:28 :  - No. of EarthquakeSpell: 4
2016-01-13 01:45:39 : Already done Lightning Spell(s)
2016-01-13 01:45:39 : Spell Factory is full ...
2016-01-13 01:45:44 : Time Idle: 00:02:48
2016-01-13 01:45:45 : ====== Waiting for full army ======
2016-01-13 01:45:58 : Training Troops & Spells
2016-01-13 01:45:59 : Checking Army Camp...
2016-01-13 01:46:00 : Total Army Camp capacity: 100/220 (45%)
2016-01-13 01:46:01 :  - No. of Archers: 22
2016-01-13 01:46:02 :  - No. of Goblins: 78
2016-01-13 01:46:02 :  - Archer Queen available
2016-01-13 01:46:02 : Total Spell(s) Capacity: 8/9
2016-01-13 01:46:02 :  - No. of RageSpell: 2
2016-01-13 01:46:02 :  - No. of EarthquakeSpell: 4
2016-01-13 01:46:13 : Already done Lightning Spell(s)
2016-01-13 01:46:13 : Spell Factory is full ...
2016-01-13 01:46:18 : Time Idle: 00:03:22
2016-01-13 01:46:18 : ====== Waiting for full army ======
2016-01-13 01:46:32 : Training Troops & Spells
2016-01-13 01:46:32 : Checking Army Camp...
2016-01-13 01:46:34 : Total Army Camp capacity: 104/220 (47%)
2016-01-13 01:46:35 :  - No. of Archers: 22
2016-01-13 01:46:35 :  - No. of Goblins: 82
2016-01-13 01:46:35 :  - Archer Queen available
2016-01-13 01:46:36 : Total Spell(s) Capacity: 8/9
2016-01-13 01:46:36 :  - No. of RageSpell: 2
2016-01-13 01:46:36 :  - No. of EarthquakeSpell: 4
2016-01-13 01:46:47 : Already done Lightning Spell(s)
2016-01-13 01:46:47 : Spell Factory is full ...
2016-01-13 01:46:52 : Time Idle: 00:03:55
2016-01-13 01:46:52 : ====== Waiting for full army ======
2016-01-13 01:47:06 : Training Troops & Spells
2016-01-13 01:47:06 : Checking Army Camp...
2016-01-13 01:47:08 : Total Army Camp capacity: 109/220 (49%)
2016-01-13 01:47:09 :  - No. of Archers: 22
2016-01-13 01:47:10 :  - No. of Goblins: 87
2016-01-13 01:47:10 :  - Archer Queen available
2016-01-13 01:47:10 : Total Spell(s) Capacity: 8/9
2016-01-13 01:47:10 :  - No. of RageSpell: 2
2016-01-13 01:47:10 :  - No. of EarthquakeSpell: 4
2016-01-13 01:47:21 : Already done Lightning Spell(s)
2016-01-13 01:47:21 : Spell Factory is full ...
2016-01-13 01:47:26 : Time Idle: 00:04:29
2016-01-13 01:47:27 : ====== Waiting for full army ======
2016-01-13 01:47:40 : Training Troops & Spells
2016-01-13 01:47:41 : Checking Army Camp...
2016-01-13 01:47:42 : Total Army Camp capacity: 113/220 (51%)
2016-01-13 01:47:43 :  - No. of Archers: 22
2016-01-13 01:47:44 :  - No. of Goblins: 91
2016-01-13 01:47:44 :  - Archer Queen available
2016-01-13 01:47:44 : Total Spell(s) Capacity: 8/9
2016-01-13 01:47:44 :  - No. of RageSpell: 2
2016-01-13 01:47:44 :  - No. of EarthquakeSpell: 4
2016-01-13 01:47:45 : Your Army Camps are now Full
2016-01-13 01:47:45 : Calculating Troops before Training new Army.
2016-01-13 01:47:45 : Too few Gobl, train first.
2016-01-13 01:47:45 : Build troops before attacking.
2016-01-13 01:48:15 : Already done Lightning Spell(s)
2016-01-13 01:48:15 : Spell Factory is full ...
2016-01-13 01:48:19 : Going to Attack...
2016-01-13 01:48:26 : ============== Searching For Dead Base ===============
2016-01-13 01:48:26 : ~~~~~~~~~~~~~~~ SEARCH CONDITIONS ~~~~~~~~~~~~~~~~
2016-01-13 01:48:26 : Meet: Gold or Elixir
2016-01-13 01:48:26 : ~~~~~~~~~~~~~~ RESOURCE CONDITIONS ~~~~~~~~~~~~~~~
2016-01-13 01:48:26 : Aim: [G]: 250000 [E]: 250000 [D]:    0 [T]: 0 for: Dead Base
2016-01-13 01:48:26 : ~~~~~~~~~~~~~~~ ADVANCED SETTINGS ~~~~~~~~~~~~~~~~
2016-01-13 01:48:26 : THSnipe Combo for Both Dead & LiveBasesSmartBarch-v1.0
2016-01-13 01:48:26 : ==================================================
2016-01-13 01:48:32 :   1> [G]:  53404 [E]:  56400 [D]:  297 [T]:32 [TH]: 7, In
2016-01-13 01:48:39 :   2> [G]:  50849 [E]:  18943 [D]:  162 [T]:41 [TH]: 8, In
2016-01-13 01:48:47 :   3> [G]:  51496 [E]:  27012 [D]:  872 [T]:43 [TH]: 8, In
2016-01-13 01:48:54 :   4> [G]:  54600 [E]:  44628 [D]:  364 [T]:48 [TH]: 8, In
2016-01-13 01:49:03 :   5> [G]: 155269 [E]: 167755 [D]: 1232 [T]:41 [TH]: 9, Out
2016-01-13 01:49:03 :       TH Outside Found! 
2016-01-13 01:49:05 : ================ Search Complete =================
2016-01-13 01:49:05 : Initiating attack for: TH Snipe
2016-01-13 01:49:10 : -*-Archers 22
2016-01-13 01:49:10 : -*-Goblins 94
2016-01-13 01:49:10 : -*-Queen 
2016-01-13 01:49:10 : -*-Rage Spells 2
2016-01-13 01:49:10 : -*-Earthquake Spells 4
2016-01-13 01:49:10 : -*-Poison Spells 1
2016-01-13 01:49:13 :  ====== Start Attack ====== 
2016-01-13 01:49:15 : Sniping TH with Smartsaving Goblin    
2016-01-13 01:49:15 : Dropping Only wave of 5 Goblins
2016-01-13 01:49:17 : Deployment of 5 Goblins was Successful!
2016-01-13 01:49:17 :                                       
2016-01-13 01:49:17 :                                       
2016-01-13 01:49:18 : Dropping Only wave of 10 Archers
2016-01-13 01:49:20 : Deployment of 10 Archers was Successful!
2016-01-13 01:49:20 :                                       
2016-01-13 01:49:20 : Wait for 20 Second                    
2016-01-13 01:49:30 : Townhall has been destroyed!
2016-01-13 01:49:40 : Total No. of Dark Elixir Drills = 1
2016-01-13 01:49:44 :                                       
2016-01-13 01:49:44 : Semi-DeadBase Gold Level  = 18
2016-01-13 01:49:44 : Semi-DeadBase Elixir Level = 9
2016-01-13 01:49:44 : Attacking!!.....
2016-01-13 01:49:44 : Initiating attack for: Dead Base
2016-01-13 01:49:49 : -*-Archers 12
2016-01-13 01:49:49 : -*-Goblins 89
2016-01-13 01:49:49 : -*-Queen 
2016-01-13 01:49:49 : -*-Rage Spells 2
2016-01-13 01:49:49 : -*-Earthquake Spells 4
2016-01-13 01:49:49 : -*-Poison Spells 1
2016-01-13 01:49:52 :  ====== Start Attack ====== 
2016-01-13 01:49:54 : Attacking on all sides
2016-01-13 01:49:54 : Calculating Smart Attack Strategy
2016-01-13 01:49:54 : Calculated  (in 0.42 seconds) :
2016-01-13 01:49:54 : Locating Mines, Collectors & Drills
2016-01-13 01:50:02 : Located  (in 7.86 seconds) :
2016-01-13 01:50:02 : [9] Gold Mines
2016-01-13 01:50:02 : [6] Elixir Collectors
2016-01-13 01:50:02 : [0] Dark Elixir Drill/s
2016-01-13 01:50:04 : Dropping 1  of Archers => on each side (side : 1)
2016-01-13 01:50:05 : Dropping 3  of Goblins => on each side (side : 1)
2016-01-13 01:50:06 : Dropping 1  of Archers => on each side (side : 2)
2016-01-13 01:50:07 : Dropping 3  of Goblins => on each side (side : 2)
2016-01-13 01:50:07 : Dropping 1  of Archers => on each side (side : 3)
2016-01-13 01:50:08 : Dropping 3  of Goblins => on each side (side : 3)
2016-01-13 01:50:09 : Dropping 1  of Archers => on each side (side : 4)
2016-01-13 01:50:10 : Dropping 3  of Goblins => on each side (side : 4)
2016-01-13 01:50:11 : Dropping 1  of Archers => on each side (side : 5)
2016-01-13 01:50:11 : Dropping 3  of Goblins => on each side (side : 5)
2016-01-13 01:50:12 : Dropping 1  of Archers => on each side (side : 6)
2016-01-13 01:50:13 : Dropping 3  of Goblins => on each side (side : 6)
2016-01-13 01:50:13 : Dropping 1  of Archers => on each side (side : 7)
2016-01-13 01:50:14 : Dropping 3  of Goblins => on each side (side : 7)
2016-01-13 01:50:15 : Dropping 1  of Archers => on each side (side : 8)
2016-01-13 01:50:16 : Dropping 3  of Goblins => on each side (side : 8)
2016-01-13 01:50:17 : Dropping 1  of Archers => on each side (side : 9)
2016-01-13 01:50:17 : Dropping 3  of Goblins => on each side (side : 9)
2016-01-13 01:50:18 : Dropping 1  of Archers => on each side (side : 10)
2016-01-13 01:50:19 : Dropping 3  of Goblins => on each side (side : 10)
2016-01-13 01:50:20 : Dropping 1  of Archers => on each side (side : 11)
2016-01-13 01:50:20 : Dropping 3  of Goblins => on each side (side : 11)
2016-01-13 01:50:21 : Dropping 1  of Archers => on each side (side : 12)
2016-01-13 01:50:22 : Dropping 3  of Goblins => on each side (side : 12)
2016-01-13 01:50:23 : Dropping 1  of Archers => on each side (side : 13)
2016-01-13 01:50:23 : Dropping 3  of Goblins => on each side (side : 13)
2016-01-13 01:50:24 : Dropping 1  of Archers => on each side (side : 14)
2016-01-13 01:50:25 : Dropping 3  of Goblins => on each side (side : 14)
2016-01-13 01:50:25 : Dropping 1  of Archers => on each side (side : 15)
2016-01-13 01:50:26 : Dropping 3  of Goblins => on each side (side : 15)
2016-01-13 01:50:27 : Dropping 1  of Archers => on each side (side : 1)
2016-01-13 01:50:28 : Dropping 3  of Goblins => on each side (side : 1)
2016-01-13 01:50:29 : Dropping 1  of Archers => on each side (side : 2)
2016-01-13 01:50:29 : Dropping 3  of Goblins => on each side (side : 2)
2016-01-13 01:50:30 : Dropping 1  of Archers => on each side (side : 3)
2016-01-13 01:50:31 : Dropping 3  of Goblins => on each side (side : 3)
2016-01-13 01:50:32 : Dropping 1  of Archers => on each side (side : 4)
2016-01-13 01:50:32 : Dropping 3  of Goblins => on each side (side : 4)
2016-01-13 01:50:33 : Dropping 1  of Archers => on each side (side : 5)
2016-01-13 01:50:34 : Dropping 3  of Goblins => on each side (side : 5)
2016-01-13 01:50:35 : Dropping 1  of Archers => on each side (side : 6)
2016-01-13 01:50:35 : Dropping 3  of Goblins => on each side (side : 6)
2016-01-13 01:50:36 : Dropping 1  of Archers => on each side (side : 7)
2016-01-13 01:50:37 : Dropping 3  of Goblins => on each side (side : 7)
2016-01-13 01:50:38 : Dropping 1  of Archers => on each side (side : 8)
2016-01-13 01:50:39 : Dropping 3  of Goblins => on each side (side : 8)
2016-01-13 01:50:39 : Dropping 1  of Archers => on each side (side : 9)
2016-01-13 01:50:40 : Dropping 3  of Goblins => on each side (side : 9)
2016-01-13 01:50:41 : Dropping 1  of Archers => on each side (side : 10)
2016-01-13 01:50:42 : Dropping 3  of Goblins => on each side (side : 10)
2016-01-13 01:50:42 : Dropping 1  of Archers => on each side (side : 11)
2016-01-13 01:50:43 : Dropping 3  of Goblins => on each side (side : 11)
2016-01-13 01:50:44 : Dropping 1  of Archers => on each side (side : 12)
2016-01-13 01:50:44 : Dropping 3  of Goblins => on each side (side : 12)
2016-01-13 01:50:45 : Dropping 1  of Archers => on each side (side : 13)
2016-01-13 01:50:46 : Dropping 3  of Goblins => on each side (side : 13)
2016-01-13 01:50:47 : Dropping 1  of Archers => on each side (side : 14)
2016-01-13 01:50:47 : Dropping 3  of Goblins => on each side (side : 14)
2016-01-13 01:50:48 : Dropping 1  of Archers => on each side (side : 15)
2016-01-13 01:50:49 : Dropping 3  of Goblins => on each side (side : 15)
2016-01-13 01:50:52 : Dropping last 29  of Goblins
2016-01-13 01:50:56 : Dropping last 9  of Goblins
2016-01-13 01:50:58 : Dropping left over troops
2016-01-13 01:50:58 : Checking remaining unused troops for: Dead Base
2016-01-13 01:51:03 : -*-Queen 
2016-01-13 01:51:03 : -*-Rage Spells 2
2016-01-13 01:51:03 : -*-Earthquake Spells 4
2016-01-13 01:51:03 : -*-Poison Spells 1
2016-01-13 01:51:14 : Checking remaining unused troops for: Dead Base
2016-01-13 01:51:20 : -*-Queen 
2016-01-13 01:51:20 : -*-Rage Spells 2
2016-01-13 01:51:20 : -*-Earthquake Spells 4
2016-01-13 01:51:20 : -*-Poison Spells 1
2016-01-13 01:51:31 : Finished Attacking, waiting for the battle to end
2016-01-13 01:51:31 : Checking if the battle has finished
2016-01-13 01:51:33 : detected [G]: 73145 [E]: 128066 [DE]: 1140 |  Exit in  8 sec.
2016-01-13 01:51:35 : detected [G]: 73145 [E]: 128066 [DE]: 1140 |  Exit in  6 sec.
2016-01-13 01:51:37 : detected [G]: 73145 [E]: 128066 [DE]: 1140 |  Exit in  4 sec.
2016-01-13 01:51:39 : detected [G]: 73145 [E]: 128066 [DE]: 1140 |  Exit in  2 sec.
2016-01-13 01:51:41 : detected [G]: 73145 [E]: 128066 [DE]: 1140 |  Exit in  0 sec.
2016-01-13 01:51:43 : detected [G]: 73145 [E]: 128066 [DE]: 1140 |  Exit in  0 sec.
2016-01-13 01:51:43 : Gold & Elixir & DE no change detected, exit
2016-01-13 01:51:53 : Total No. of Dark Elixir Drills = 1
2016-01-13 01:51:53 : Returning Home
2016-01-13 01:51:58 : Loot: [G]: 82 124 [E]: 39 689 [DE]: 92 [T]: 13
2016-01-13 01:51:58 : Bonus Percentage: 25%
2016-01-13 01:51:58 : Bonus [G]: 650 out of 2 600 [E]: 650 out of 2 600
2016-01-13 01:51:59 : Your league level is: Silver III
2016-01-13 01:51:59 : Stars earned: 1
