2016-01-13 01:53:33 :  My Bot v5.0.2 860x780 (BlueStacks) Powered by MyBot.run ~
2016-01-13 01:53:33 : MyBot.run.au3 Script running on WIN_7  X64
2016-01-13 01:53:33 : =================== Bot Start ====================
2016-01-13 01:53:33 : -------------------------  Current Profile: 01 --------------------------
2016-01-13 01:53:33 : Trying to locate Main Screen
2016-01-13 01:53:34 : Main Screen Located
2016-01-13 01:53:35 : Detecting your Buildings..
2016-01-13 01:53:37 : Finding your Clan Level, wait..
2016-01-13 01:53:38 : Found Clan Level: 5
2016-01-13 01:53:40 : Detecting your Village Theme
2016-01-13 01:53:40 : Normal Theme detected
2016-01-13 01:53:41 : Language setting is English: Correct.
2016-01-13 01:53:42 : Trying to locate Main Screen
2016-01-13 01:53:42 : Main Screen Located
2016-01-13 01:53:45 : Village Report
2016-01-13 01:53:45 : No. of Free/Total Builders: 0/5
2016-01-13 01:53:45 :  [T]: 801
2016-01-13 01:53:46 :  [G]: 1 309 215 [E]: 4 462 865 [D]: 109 387 [GEM]: 113
2016-01-13 01:53:48 : Training Troops & Spells
2016-01-13 01:53:49 : Checking Army Camp...
2016-01-13 01:53:50 : Total Army Camp capacity: 39/220 (17%)
2016-01-13 01:53:52 :  - No. of Goblins: 39
2016-01-13 01:53:52 :  - Archer Queen available
2016-01-13 01:53:52 : Total Spell(s) Capacity: 8/9
2016-01-13 01:53:52 :  - No. of RageSpell: 2
2016-01-13 01:53:52 :  - No. of EarthquakeSpell: 4
2016-01-13 01:53:52 : Barracks and Spell factory status: 
2016-01-13 01:53:52 : - Barracks detected: 4 | Available: 4 | Upgrading: 0
2016-01-13 01:53:52 : - Dark Barracks detected: 2 | Available: 2 | Upgrading: 0
2016-01-13 01:53:52 : - Spell factory detected: 1 | Available: 1 | Upgrading: 0
2016-01-13 01:53:52 : - Dark Spell factory detected: 1 | Available: 1 | Upgrading: 0
2016-01-13 01:53:53 : Remove previous training troops and start to train
2016-01-13 01:54:22 : Already done Lightning Spell(s)
2016-01-13 01:54:22 : Spell Factory is full ...
2016-01-13 01:54:36 : Collecting Resources
2016-01-13 01:54:49 : Checking if Village needs Rearming..
2016-01-13 01:55:09 : Spell Factory Full
2016-01-13 01:55:10 : ====== Waiting for full army ======
2016-01-13 01:55:23 : Training Troops & Spells
2016-01-13 01:55:24 : Checking Army Camp...
2016-01-13 01:55:25 : Total Army Camp capacity: 54/220 (24%)
2016-01-13 01:55:27 :  - No. of Archers: 11
2016-01-13 01:55:27 :  - No. of Goblins: 43
2016-01-13 01:55:27 :  - Archer Queen available
2016-01-13 01:55:27 : Total Spell(s) Capacity: 8/9
2016-01-13 01:55:27 :  - No. of RageSpell: 2
2016-01-13 01:55:27 :  - No. of EarthquakeSpell: 4
2016-01-13 01:55:40 : Already done Lightning Spell(s)
2016-01-13 01:55:40 : Spell Factory is full ...
2016-01-13 01:55:45 : Time Idle: 00:00:35
2016-01-13 01:55:46 : ====== Waiting for full army ======
2016-01-13 01:55:59 : Collecting Resources
2016-01-13 01:56:11 : Training Troops & Spells
2016-01-13 01:56:12 : Checking Army Camp...
2016-01-13 01:56:13 : Total Army Camp capacity: 61/220 (27%)
2016-01-13 01:56:14 :  - No. of Archers: 18
2016-01-13 01:56:14 :  - No. of Goblins: 43
2016-01-13 01:56:15 :  - Archer Queen available
2016-01-13 01:56:15 : Total Spell(s) Capacity: 8/9
2016-01-13 01:56:15 :  - No. of RageSpell: 2
2016-01-13 01:56:15 :  - No. of EarthquakeSpell: 4
2016-01-13 01:56:25 : Already done Lightning Spell(s)
2016-01-13 01:56:25 : Spell Factory is full ...
2016-01-13 01:56:30 : Time Idle: 00:01:19
2016-01-13 01:56:31 : ====== Waiting for full army ======
2016-01-13 01:56:44 : Training Troops & Spells
2016-01-13 01:56:44 : Checking Army Camp...
2016-01-13 01:56:46 : Total Army Camp capacity: 66/220 (30%)
2016-01-13 01:56:47 :  - No. of Archers: 20
2016-01-13 01:56:47 :  - No. of Goblins: 46
2016-01-13 01:56:47 :  - Archer Queen available
2016-01-13 01:56:48 : Total Spell(s) Capacity: 8/9
2016-01-13 01:56:48 :  - No. of RageSpell: 2
2016-01-13 01:56:48 :  - No. of EarthquakeSpell: 4
2016-01-13 01:56:58 : Already done Lightning Spell(s)
2016-01-13 01:56:58 : Spell Factory is full ...
2016-01-13 01:57:03 : Time Idle: 00:01:52
2016-01-13 01:57:04 : ====== Waiting for full army ======
2016-01-13 01:57:17 : Training Troops & Spells
2016-01-13 01:57:17 : Checking Army Camp...
2016-01-13 01:57:19 : Total Army Camp capacity: 70/220 (31%)
2016-01-13 01:57:20 :  - No. of Archers: 20
2016-01-13 01:57:20 :  - No. of Goblins: 50
2016-01-13 01:57:20 :  - Archer Queen available
2016-01-13 01:57:20 : Total Spell(s) Capacity: 8/9
2016-01-13 01:57:21 :  - No. of RageSpell: 2
2016-01-13 01:57:21 :  - No. of EarthquakeSpell: 4
