2016-01-31 23:09:31 :  My Bot v5.0.2 860x732 (BlueStacks) Powered by MyBot.run ~
2016-01-31 23:09:31 : MyBot.run.au3 Script running on WIN_7  X64
2016-01-31 23:09:31 : =================== Bot Start ====================
2016-01-31 23:09:31 : -------------------------  Current Profile: 01 --------------------------
2016-01-31 23:09:31 :  Warning Debug Mode Enabled! Setlog: 0 OCR: 0 RedArea: 0 ImageSave: 0 BuildingPos: 1-
2016-01-31 23:09:31 : Trying to locate Main Screen
2016-01-31 23:09:32 : Main Screen Located
2016-01-31 23:09:33 : Detecting your Buildings..
2016-01-31 23:09:34 : Finding your Clan Level, wait..
2016-01-31 23:09:40 : Found Clan Level: 5
2016-01-31 23:09:42 : Detecting your Village Theme
2016-01-31 23:09:43 : Normal Theme detected
2016-01-31 23:09:44 : Language setting is English: Correct.
2016-01-31 23:09:45 : Trying to locate Main Screen
2016-01-31 23:09:45 : Main Screen Located
2016-01-31 23:09:48 : Village Report
2016-01-31 23:09:48 : No. of Free/Total Builders: 0/5
2016-01-31 23:09:48 :  [T]: 1 018
2016-01-31 23:09:49 :  [G]: 5 833 223 [E]: 7 919 063 [D]: 33 817 [GEM]: 199
2016-01-31 23:09:51 : Training Troops & Spells
2016-01-31 23:09:52 : Checking Army Camp...
2016-01-31 23:09:53 : Total Army Camp capacity: 220/220 (100%)
2016-01-31 23:09:59 :  - No. of Archers: 43
2016-01-31 23:09:59 :  - No. of Goblins: 177
2016-01-31 23:09:59 :  - Barbarian King available
2016-01-31 23:09:59 : Total Spell(s) Capacity: 5/9
2016-01-31 23:09:59 :  - No. of LightningSpell: 2
2016-01-31 23:09:59 :  - No. of EarthquakeSpell: 1
2016-01-31 23:10:00 : Barracks and Spell factory status: 
2016-01-31 23:10:00 : - Barracks detected: 4 | Available: 4 | Upgrading: 0
2016-01-31 23:10:00 : - Dark Barracks detected: 2 | Available: 1 | Upgrading: 1
2016-01-31 23:10:00 : - Spell factory detected: 1 | Available: 1 | Upgrading: 0
2016-01-31 23:10:00 : - Dark Spell factory detected: 1 | Available: 1 | Upgrading: 0
2016-01-31 23:10:00 : Skipping Train Army
2016-01-31 23:10:03 : Waiting for Main Screen
2016-01-31 23:10:13 : Skipping Collect Resources
2016-01-31 23:10:13 : Skipping Clear Tombstones
2016-01-31 23:10:13 : Skipping ReArming Village
2016-01-31 23:10:13 : Skipping Laboratory Upgrades
2016-01-31 23:10:13 : Skipping Building Upgrades
2016-01-31 23:10:13 : Skipping Upgrade Walls
2016-01-31 23:10:13 : Skipping Donate Troops
2016-01-31 23:10:14 : Going to Attack...
2016-01-31 23:10:20 : ============== Searching For Dead Base ===============
2016-01-31 23:10:20 : ~~~~~~~~~~~~~~~ SEARCH CONDITIONS ~~~~~~~~~~~~~~~~
2016-01-31 23:10:20 : Meet: Gold and Elixir
2016-01-31 23:10:20 : ~~~~~~~~~~~~~~ RESOURCE CONDITIONS ~~~~~~~~~~~~~~~
2016-01-31 23:10:20 : Aim: [G]: 150000 [E]: 150000 [D]:    0 [T]: 0 for: Dead Base
2016-01-31 23:10:20 : ~~~~~~~~~~~~~~~ ADVANCED SETTINGS ~~~~~~~~~~~~~~~~
2016-01-31 23:10:20 : THSnipe Combo for Both Dead & LiveBasesAGM - Snipe v1.0
2016-01-31 23:10:20 : ==================================================
2016-01-31 23:10:21 : #*# checkTownhallADV2: 
2016-01-31 23:10:21 :   - Position (136,323)
2016-01-31 23:10:21 :   - TownHall detected level 8
2016-01-31 23:10:21 :   - Image Match 001T75X0Y0.bmp
2016-01-31 23:10:21 :   - IsInsidediamond: True
2016-01-31 23:10:21 :   - Calculated  in: 0.43 seconds 
2016-01-31 23:10:21 :   - Images checked: 4
2016-01-31 23:10:22 :   1> [G]:  67208 [E]:  81589 [D]:  199 [T]:28 [TH]: 8, Out
2016-01-31 23:10:30 : #*# checkTownhallADV2: 
2016-01-31 23:10:30 :   - Position (427,511)
2016-01-31 23:10:30 :   - TownHall detected level 9
2016-01-31 23:10:30 :   - Image Match 015T70X0Y0.bmp
2016-01-31 23:10:30 :   - IsInsidediamond: True
2016-01-31 23:10:30 :   - Calculated  in: 4.75 seconds 
2016-01-31 23:10:30 :   - Images checked: 75
2016-01-31 23:10:30 :   2> [G]:  65642 [E]: 172161 [D]:  363 [T]:25 [TH]: 9, Out
