2016-01-12 14:49:06 :  My Bot v5.0.2 860x780 (BlueStacks) Powered by MyBot.run ~
2016-01-12 14:49:06 : MyBot.run.au3 Script running on WIN_7  X64
2016-01-12 14:49:06 : =================== Bot Start ====================
2016-01-12 14:49:06 : -------------------------  Current Profile: 01 --------------------------
2016-01-12 14:49:07 : Trying to locate Main Screen
2016-01-12 14:49:07 : Main Screen Located
2016-01-12 14:49:09 : Detecting your Buildings..
2016-01-12 14:49:10 : Finding your Clan Level, wait..
2016-01-12 14:49:15 : Found Clan Level: 5
2016-01-12 14:49:17 : Detecting your Village Theme
2016-01-12 14:49:17 : Normal Theme detected
2016-01-12 14:49:18 : Language setting is English: Correct.
2016-01-12 14:49:19 : Trying to locate Main Screen
2016-01-12 14:49:20 : Main Screen Located
2016-01-12 14:49:23 : Village Report
2016-01-12 14:49:23 : No. of Free/Total Builders: 0/5
2016-01-12 14:49:23 :  [T]: 926
2016-01-12 14:49:23 :  [G]: 2 912 129 [E]: 3 248 282 [D]: 100 766 [GEM]: 113
2016-01-12 14:49:26 : Training Troops & Spells
2016-01-12 14:49:26 : Checking Army Camp...
2016-01-12 14:49:28 : Total Army Camp capacity: 220/220 (100%)
2016-01-12 14:49:33 :  - No. of Archers: 63
2016-01-12 14:49:34 :  - No. of Goblins: 157
2016-01-12 14:49:34 : Total Spell(s) Capacity: 5/9
2016-01-12 14:49:34 :  - No. of LightningSpell: 2
2016-01-12 14:49:34 :  - No. of EarthquakeSpell: 1
2016-01-12 14:49:34 : Barracks and Spell factory status: 
2016-01-12 14:49:34 : - Barracks detected: 4 | Available: 4 | Upgrading: 0
2016-01-12 14:49:34 : - Dark Barracks detected: 2 | Available: 2 | Upgrading: 0
2016-01-12 14:49:34 : - Spell factory detected: 1 | Available: 1 | Upgrading: 0
2016-01-12 14:49:34 : - Dark Spell factory detected: 1 | Available: 1 | Upgrading: 0
2016-01-12 14:49:35 : Your Army Camps are now Full
2016-01-12 14:49:35 : Calculating Troops before Training new Army.
2016-01-12 14:50:14 : Already done Lightning Spell(s)
2016-01-12 14:50:14 : Spell Factory is full ...
