2016-02-01 03:17:29 :  My Bot v5.0.2  | MOD Rizor Compilation V2.2 Powered by MyBot.run 
2016-02-01 03:17:29 : MyBot.run.au3 Script running on WIN_7  X64
2016-02-01 03:17:29 : =================== Bot Start ====================
2016-02-01 03:17:29 : -------------------------  Current Profile: 01 --------------------------
2016-02-01 03:17:29 :  Warning Debug Mode Enabled! Setlog: 0 OCR: 0 RedArea: 0 ImageSave: 0 BuildingPos: 1-
2016-02-01 03:17:29 : Trying to locate Main Screen
2016-02-01 03:17:29 : Main Screen Located
2016-02-01 03:17:32 : Detecting your Buildings..
2016-02-01 03:17:33 : Finding your Clan Level, wait..
2016-02-01 03:17:34 : Found Clan Level: 5
2016-02-01 03:17:36 : Detecting your Village Theme
2016-02-01 03:17:36 : Normal Theme detected
2016-02-01 03:17:37 : Language setting is English: Correct.
2016-02-01 03:17:39 : Trying to locate Main Screen
2016-02-01 03:17:39 : Main Screen Located
2016-02-01 03:17:43 : Village Report
2016-02-01 03:17:43 : No. of Free/Total Builders: 0/5
2016-02-01 03:17:44 :  [T]: 1 028
2016-02-01 03:17:44 :  [G]: 6 024 708 [E]: 7 965 221 [D]: 34 595 [GEM]: 199
2016-02-01 03:17:44 : Village Gold detected Above Elixir Profile Switch Conditions
