2016-02-01 03:11:43 :  My Bot v5.0.2  | MOD Rizor Compilation V2.2 Powered by MyBot.run 
2016-02-01 03:11:43 : MyBot.run.au3 Script running on WIN_7  X64
2016-02-01 03:11:43 : =================== Bot Start ====================
2016-02-01 03:11:43 : -------------------------  Current Profile: 01 --------------------------
2016-02-01 03:11:43 :  Warning Debug Mode Enabled! Setlog: 0 OCR: 0 RedArea: 0 ImageSave: 0 BuildingPos: 1-
2016-02-01 03:11:43 : Trying to locate Main Screen
2016-02-01 03:11:46 : Waiting for Main Screen
2016-02-01 03:11:46 : Main Screen Located
2016-02-01 03:11:48 : Detecting your Buildings..
2016-02-01 03:11:49 : Finding your Clan Level, wait..
2016-02-01 03:11:51 : Found Clan Level: 5
2016-02-01 03:11:52 : Detecting your Village Theme
2016-02-01 03:11:53 : Normal Theme detected
2016-02-01 03:11:54 : Language setting is English: Correct.
2016-02-01 03:11:55 : Trying to locate Main Screen
2016-02-01 03:11:55 : Main Screen Located
2016-02-01 03:12:00 : Village Report
2016-02-01 03:12:00 : No. of Free/Total Builders: 0/5
2016-02-01 03:12:00 :  [T]: 1 051
2016-02-01 03:12:00 :  [G]: 6 011 248 [E]: 7 989 000 [D]: 34 595 [GEM]: 199
2016-02-01 03:12:00 : Village Gold detected Above Elixir Profile Switch Conditions
