2016-02-01 03:09:24 :  My Bot v5.0.2  | MOD Rizor Compilation V2.2 Powered by MyBot.run 
2016-02-01 03:09:24 : MyBot.run.au3 Script running on WIN_7  X64
2016-02-01 03:09:24 : =================== Bot Start ====================
2016-02-01 03:09:24 : -------------------------  Current Profile: 01 --------------------------
2016-02-01 03:09:24 :  Warning Debug Mode Enabled! Setlog: 0 OCR: 0 RedArea: 0 ImageSave: 0 BuildingPos: 1-
2016-02-01 03:09:24 : Trying to locate Main Screen
2016-02-01 03:09:28 : Please wait for CoC restart......
2016-02-01 03:09:28 : Waiting for Main Screen
2016-02-01 03:09:34 : Main Screen Located
2016-02-01 03:09:36 : Detecting your Buildings..
2016-02-01 03:09:37 : Finding your Clan Level, wait..
2016-02-01 03:09:39 : Found Clan Level: 5
2016-02-01 03:09:41 : Detecting your Village Theme
2016-02-01 03:09:41 : Normal Theme detected
2016-02-01 03:09:42 : Language setting is English: Correct.
2016-02-01 03:09:43 : Trying to locate Main Screen
2016-02-01 03:09:44 : Main Screen Located
2016-02-01 03:09:48 : Village Report
2016-02-01 03:09:48 : No. of Free/Total Builders: 0/5
2016-02-01 03:09:48 :  [T]: 1 051
2016-02-01 03:09:48 :  [G]: 6 011 248 [E]: 7 989 000 [D]: 34 595 [GEM]: 199
2016-02-01 03:09:48 : Village Gold detected Above Elixir Profile Switch Conditions
