2016-01-12 14:45:45 :  My Bot v5.0.2 860x780 (BlueStacks) Powered by MyBot.run ~
2016-01-12 14:45:45 : MyBot.run.au3 Script running on WIN_7  X64
2016-01-12 14:45:45 : =================== Bot Start ====================
2016-01-12 14:45:45 : -------------------------  Current Profile: 01 --------------------------
2016-01-12 14:45:45 : Trying to locate Main Screen
2016-01-12 14:45:45 : Main Screen Located
2016-01-12 14:45:47 : Detecting your Buildings..
2016-01-12 14:45:48 : Finding your Clan Level, wait..
2016-01-12 14:45:54 : Found Clan Level: 5
2016-01-12 14:45:55 : Detecting your Village Theme
2016-01-12 14:45:56 : Normal Theme detected
2016-01-12 14:45:57 : Language setting is English: Correct.
2016-01-12 14:45:58 : Trying to locate Main Screen
2016-01-12 14:45:58 : Main Screen Located
2016-01-12 14:46:01 : Village Report
2016-01-12 14:46:01 : No. of Free/Total Builders: 0/5
2016-01-12 14:46:01 :  [T]: 926
2016-01-12 14:46:02 :  [G]: 2 912 129 [E]: 3 280 582 [D]: 100 766 [GEM]: 113
2016-01-12 14:46:04 : Training Troops & Spells
2016-01-12 14:46:05 : Checking Army Camp...
2016-01-12 14:46:06 : Total Army Camp capacity: 220/220 (100%)
2016-01-12 14:46:12 :  - No. of Archers: 63
2016-01-12 14:46:12 :  - No. of Goblins: 157
2016-01-12 14:46:12 : Total Spell(s) Capacity: 5/9
2016-01-12 14:46:12 :  - No. of LightningSpell: 2
2016-01-12 14:46:12 :  - No. of EarthquakeSpell: 1
2016-01-12 14:46:12 : Barracks and Spell factory status: 
2016-01-12 14:46:12 : - Barracks detected: 4 | Available: 4 | Upgrading: 0
2016-01-12 14:46:12 : - Dark Barracks detected: 2 | Available: 2 | Upgrading: 0
2016-01-12 14:46:12 : - Spell factory detected: 1 | Available: 1 | Upgrading: 0
2016-01-12 14:46:12 : - Dark Spell factory detected: 1 | Available: 1 | Upgrading: 0
2016-01-12 14:46:13 : Your Army Camps are now Full
2016-01-12 14:46:14 : Calculating Troops before Training new Army.
2016-01-12 14:46:48 : Already done Lightning Spell(s)
2016-01-12 14:46:48 : Spell Factory is full ...
