2016-01-13 01:41:02 :  My Bot v5.0.2 860x780 (BlueStacks) Powered by MyBot.run ~
2016-01-13 01:41:02 : MyBot.run.au3 Script running on WIN_7  X64
2016-01-13 01:41:02 : =================== Bot Start ====================
2016-01-13 01:41:02 : -------------------------  Current Profile: 01 --------------------------
2016-01-13 01:41:02 : Trying to locate Main Screen
2016-01-13 01:41:02 : Main Screen Located
2016-01-13 01:41:04 : Detecting your Buildings..
2016-01-13 01:41:05 : Finding your Clan Level, wait..
2016-01-13 01:41:06 : Found Clan Level: 5
2016-01-13 01:41:08 : Detecting your Village Theme
2016-01-13 01:41:08 : Normal Theme detected
2016-01-13 01:41:09 : Language setting is English: Correct.
2016-01-13 01:41:10 : Trying to locate Main Screen
2016-01-13 01:41:11 : Main Screen Located
2016-01-13 01:41:14 : Village Report
2016-01-13 01:41:14 : No. of Free/Total Builders: 0/5
2016-01-13 01:41:14 :  [T]: 788
2016-01-13 01:41:14 :  [G]: 1 230 191 [E]: 4 440 226 [D]: 109 295 [GEM]: 113
2016-01-13 01:41:17 : Training Troops & Spells
2016-01-13 01:41:17 : Checking Army Camp...
2016-01-13 01:41:19 : Total Army Camp capacity: 65/220 (29%)
2016-01-13 01:41:20 :  - No. of Archers: 21
2016-01-13 01:41:20 :  - No. of Goblins: 44
2016-01-13 01:41:20 :  - Archer Queen available
2016-01-13 01:41:20 : Total Spell(s) Capacity: 8/9
2016-01-13 01:41:20 :  - No. of RageSpell: 2
2016-01-13 01:41:20 :  - No. of EarthquakeSpell: 4
2016-01-13 01:41:21 : Barracks and Spell factory status: 
2016-01-13 01:41:21 : - Barracks detected: 4 | Available: 4 | Upgrading: 0
2016-01-13 01:41:21 : - Dark Barracks detected: 2 | Available: 2 | Upgrading: 0
2016-01-13 01:41:21 : - Spell factory detected: 1 | Available: 1 | Upgrading: 0
2016-01-13 01:41:21 : - Dark Spell factory detected: 1 | Available: 1 | Upgrading: 0
2016-01-13 01:41:22 : Remove previous training troops and start to train
