2016-01-13 01:39:39 :  My Bot v5.0.2 860x780 (BlueStacks) Powered by MyBot.run ~
2016-01-13 01:39:39 : MyBot.run.au3 Script running on WIN_7  X64
2016-01-13 01:39:39 : =================== Bot Start ====================
2016-01-13 01:39:39 : -------------------------  Current Profile: 01 --------------------------
2016-01-13 01:39:40 : Trying to locate Main Screen
2016-01-13 01:39:40 : Main Screen Located
2016-01-13 01:39:42 : Detecting your Buildings..
2016-01-13 01:39:43 : Finding your Clan Level, wait..
2016-01-13 01:39:44 : Found Clan Level: 5
2016-01-13 01:39:46 : Detecting your Village Theme
2016-01-13 01:39:46 : Normal Theme detected
2016-01-13 01:39:47 : Language setting is English: Correct.
2016-01-13 01:39:48 : Trying to locate Main Screen
2016-01-13 01:39:48 : Main Screen Located
2016-01-13 01:39:52 : Village Report
2016-01-13 01:39:52 : No. of Free/Total Builders: 0/5
2016-01-13 01:39:52 :  [T]: 788
2016-01-13 01:39:52 :  [G]: 1 230 191 [E]: 4 443 626 [D]: 109 283 [GEM]: 113
2016-01-13 01:39:54 : Training Troops & Spells
2016-01-13 01:39:55 : Checking Army Camp...
2016-01-13 01:39:56 : Total Army Camp capacity: 54/220 (24%)
2016-01-13 01:39:58 :  - No. of Archers: 13
2016-01-13 01:39:58 :  - No. of Goblins: 41
2016-01-13 01:39:58 :  - Archer Queen available
2016-01-13 01:39:58 : Total Spell(s) Capacity: 8/9
2016-01-13 01:39:58 :  - No. of RageSpell: 2
2016-01-13 01:39:58 :  - No. of EarthquakeSpell: 4
2016-01-13 01:39:59 : Barracks and Spell factory status: 
2016-01-13 01:39:59 : - Barracks detected: 4 | Available: 4 | Upgrading: 0
2016-01-13 01:39:59 : - Dark Barracks detected: 2 | Available: 2 | Upgrading: 0
2016-01-13 01:39:59 : - Spell factory detected: 1 | Available: 1 | Upgrading: 0
2016-01-13 01:39:59 : - Dark Spell factory detected: 1 | Available: 1 | Upgrading: 0
2016-01-13 01:40:00 : Remove previous training troops and start to train
2016-01-13 01:40:28 : Already done Lightning Spell(s)
2016-01-13 01:40:28 : Spell Factory is full ...
2016-01-13 01:40:42 : Collecting Resources
