2016-01-11 23:20:24 : ============================= ATTACK LOG ==============================
2016-01-11 23:20:24 :                    --------  LOOT --------       ----- BONUS ------
2016-01-11 23:20:24 :  TIME|TROP.|SEARCH|   GOLD| ELIXIR|DARK EL|TR.|S|  GOLD|ELIXIR|  DE|L.
2016-01-11 23:45:15 : ============================= ATTACK LOG ==============================
2016-01-11 23:45:15 :                    --------  LOOT --------       ----- BONUS ------
2016-01-11 23:45:15 :  TIME|TROP.|SEARCH|   GOLD| ELIXIR|DARK EL|TR.|S|  GOLD|ELIXIR|  DE|L.
2016-01-12 00:13:52 : 00:13|  947|     1|  19487|  25073|    902|  8|1|   234|   234|   0|S3||160/220|
2016-01-12 00:22:00 : 00:22|  955|     6|  43130|  16976|   1049| 12|1|    78|    78|   0|S3||195/220|
2016-01-12 00:39:00 : ============================= ATTACK LOG ==============================
2016-01-12 00:39:00 :                    --------  LOOT --------       ----- BONUS ------
2016-01-12 00:39:00 :  TIME|TROP.|SEARCH|   GOLD| ELIXIR|DARK EL|TR.|S|  GOLD|ELIXIR|  DE|L.
2016-01-12 00:46:33 : 00:46|  978|    10|  79012|  68102|    160|  7|1|   780|   780|   0|S3||220/220|
2016-01-12 00:47:48 : ============================= ATTACK LOG ==============================
2016-01-12 00:47:48 :                    --------  LOOT --------       ----- BONUS ------
2016-01-12 00:47:48 :  TIME|TROP.|SEARCH|   GOLD| ELIXIR|DARK EL|TR.|S|  GOLD|ELIXIR|  DE|L.
2016-01-12 00:54:37 : 00:54|  985|     9|  51619|   3520|     87|  9|1|   104|   104|   0|S3||80/220|
2016-01-12 00:57:26 : 00:57|  994|     9|  47687|  54992|     64|  8|1|   208|   208|   0|S3||88/220|
2016-01-12 01:03:32 : 01:03| 1002|     5|   6955|    624|     15|  7|1|   333|   333|   0|S2||121/220|
2016-01-12 01:09:51 : 01:09| 1009|     9|  17745|  57371|     95|  5|1|   444|   444|   0|S2||152/220|
2016-01-12 01:11:57 : 01:11| 1014|     1|   7071|    670|    446|  8|1|   444|   444|   0|S2||157/220|
2016-01-12 01:23:12 : 01:23| 1022|     9|    236|  11826|     20|  7|1|   296|   296|   0|S2||215/220|
2016-01-12 01:29:24 : 01:29| 1029|    21|      0|      0|      0|-21|0|     0|     0|   0|--||220/220|
2016-01-12 01:33:47 : 01:33| 1008|     3|   2422|  37559|     94|  7|1|   148|   148|   0|S2||220/220|
2016-01-12 01:38:06 : 01:38| 1015|    18|  37968|  28415|    190|  9|1|   222|   222|   0|S2||218/220|
2016-01-12 02:09:52 : ============================= ATTACK LOG ==============================
2016-01-12 02:09:52 :                    --------  LOOT --------       ----- BONUS ------
2016-01-12 02:09:52 :  TIME|TROP.|SEARCH|   GOLD| ELIXIR|DARK EL|TR.|S|  GOLD|ELIXIR|  DE|L.
2016-01-12 02:15:24 : 02:15|  987|     4|   8714|  22726|     11|  8|1|   444|   444|   0|S2||155/220|
2016-01-12 02:18:50 : 02:18|  995|     5|   6148|  28083|     61|  9|1|   296|   296|   0|S2||164/220|
2016-01-12 02:21:04 : 02:21| 1004|     2|  11162|  12100|    103|  9|1|   407|   407|   0|S2||168/220|
2016-01-12 02:24:27 : 02:24| 1013|     9|  35315|  32208|    354|  5|1|   333|   333|   0|S2||170/220|
2016-01-12 02:28:05 : 02:28| 1018|     4|  29814|  93357|     67| 10|1|  1591|  1591|   0|S2||180/220|
2016-01-12 02:33:49 : 02:33|  990|    10|   2565|    126|     15| 11|1|   222|   222|   0|S2||44/220|
2016-01-12 02:36:09 : 02:36|  982|     1|   6714|  59285|     92|  5|1|   222|   222|   0|S2||51/220|
2016-01-12 02:38:04 : 02:38|  987|     2|   3686|   4241|     89|  7|1|   296|   296|   0|S2||53/220|
2016-01-12 02:42:18 : 02:42|  994|     3|  18513|  20108|     72|  9|1|   111|   111|   0|S2||73/220|
2016-01-12 02:44:38 : 02:44|  985|     1|  20762|  16384|    105|  7|1|   148|   148|   0|S2||75/220|
2016-01-12 02:47:42 : 02:47|  992|     3|      0|      0|      0|-16|0|     0|     0|   0|--||81/220|
2016-01-12 02:50:32 : 02:50|  976|     9|     74|   2590|      9| 10|1|   148|   148|   0|S2||85/220|
2016-01-12 02:54:50 : 02:54|  986|     1|    115|     75|     27|  8|1|   148|   148|   0|S2||113/220|
2016-01-12 02:56:49 : 02:56|  994|     2|  21004|  13456|     33|  7|1|   111|   111|   0|S2||112/220|
2016-01-12 02:59:47 : 02:59|  981|     3|   1940|  18223|     27| 10|1|   407|   407|   0|S2||117/220|
2016-01-12 03:04:16 : 03:04|  991|     4|  14601|  21858|    274|  9|1|   296|   296|   0|S2||137/220|
2016-01-12 03:08:39 : 03:08| 1000|     3|   2151|   1657|     12|-23|0|     0|     0|   0|--||156/220|
2016-01-12 03:13:01 : 03:13|  977|     1|  17239|  10984|      2|  5|1|   148|   148|   0|S2||36/220|
2016-01-12 03:15:04 : 03:15|  982|     2|    477|  16982|     49| 11|1|   148|   148|   0|S2||35/220|
2016-01-12 03:17:52 : 03:17|  993|     1|  14430|  20208|   1788|  7|1|   407|   407|   0|S2||42/220|
2016-01-12 03:20:40 : 03:20| 1000|     1|   5465|  11404|     81| 11|1|   111|   111|   0|S2||52/220|
2016-01-12 03:26:09 : 03:26|  994|     1|   1069|   3922|     12|  9|1|   592|   592|   0|S2||88/220|
2016-01-12 03:28:54 : 03:28|  984|     3|  65062|  59312|    198| 10|1|   222|   222|   0|S2||86/220|
2016-01-12 03:31:41 : 03:31|  994|     6|  44290|  27991|    112| 12|1|   148|   148|   0|S2||92/220|
2016-01-12 03:34:02 : 03:34|  990|     1|  34002|  17458|    141| 10|1|   222|   222|   0|S2||99/220|
2016-01-12 03:42:48 : 03:42| 1089|     9|   1004|  22956|     80| 10|1|   333|   333|   0|S2||154/220|
2016-01-12 03:46:48 : 03:46| 1099|     1|  98764|  99516|     48| 11|1|  1332|  1332|   0|S2||164/220|
2016-01-12 03:53:06 : 03:53|  983|     1|   2874|  30331|     80|  9|1|   333|   333|   0|S2||54/220|
2016-01-12 03:56:07 : 03:56|  992|     9|     12|  28178|     88| 10|1|   148|   148|   0|S2||55/220|
2016-01-12 03:58:47 : 03:58|  984|     1|    630|  31552|     69|  7|1|   222|   222|   0|S2||58/220|
2016-01-12 04:00:55 : 04:00|  991|     3|   4066|  17933|     72|  7|1|   222|   222|   0|S2||63/220|
2016-01-12 04:03:31 : 04:03|  998|     5|    345|  17879|     66|  7|1|   222|   222|   0|S2||69/220|
2016-01-12 04:06:25 : 04:06|  990|     2|  40747|  22238|    996|  7|1|   222|   222|   0|S2||80/220|
2016-01-12 04:08:40 : 04:08|  997|     3|   9176|  12423|    105|  9|1|   148|   148|   0|S2||89/220|
2016-01-12 04:13:21 : 04:13|  985|     2|  17140|  20124|    151|  9|1|   296|   296|   0|S2||116/220|
2016-01-12 04:15:56 : 04:15|  994|     4|   6866|   8062|     15|  9|1|   148|   148|   0|S2||115/220|
2016-01-12 04:18:37 : 04:18|  980|     3|     24|     30|    115| 11|1|   222|   222|   0|S2||125/220|
2016-01-12 04:20:50 : 04:20|  991|     4|   8271|      0|      2|  7|1|   111|   111|   0|S2||132/220|
2016-01-12 04:22:47 : 04:22|  998|     2|   4376|     30|      1| 12|1|   296|   296|   0|S2||140/220|
2016-01-12 04:25:34 : 04:25|  987|     1|   8741|  47988|    187| 10|1|   111|   111|   0|S2||146/220|
2016-01-12 04:28:20 : 04:28|  997|     2|  46509|  69466|    153|  8|1|   111|   111|   0|S2||154/220|
2016-01-12 04:32:31 : 04:32| 1005|     9|  81894|  88327|    460|  8|1|  1036|  1036|   0|--||155/220|
2016-01-12 04:36:56 : 04:36|  994|     8|   7269|     12|     17| 10|1|   444|   444|   0|S2||38/220|
2016-01-12 04:39:19 : 04:39|  987|     1|  16370|  40560|     55|  6|1|   148|   148|   0|S2||46/220|
2016-01-12 04:41:50 : 04:41|  993|     6|  17626|  14957|     95| 11|1|   222|   222|   0|S2||48/220|
2016-01-12 04:46:32 : 04:46|  974|     4|   6343|   1116|     97| 10|1|   407|   407|   0|S2||75/220|
2016-01-12 04:49:05 : 04:49|  984|     3|  23722|  22509|     96| 10|1|   296|   296|   0|S2||77/220|
2016-01-12 04:51:46 : 04:51|  994|     3|    111|     95|     29|  9|1|   148|   148|   0|S2||82/220|
2016-01-12 04:55:46 : 04:55|  982|     1|   6321|  53081|    104|  7|1|   333|   333|   0|S2||106/220|
2016-01-12 05:00:02 : 05:00|  989|     2|    712|  64000|    190|  8|1|   296|   296|   0|S2||122/220|
2016-01-12 05:04:17 : 05:04|  997|     2|  30727|  26390|    737| 10|1|   222|   222|   0|S2||122/220|
2016-01-12 05:06:45 : 05:06|  982|     2|  21256|  70000|     90| 10|1|   148|   148|   0|S2||141/220|
2016-01-12 05:09:30 : 05:09|  992|     9|   6700|   4605|     96|  9|1|   111|   111|   0|S2||143/220|
2016-01-12 05:13:24 : 05:13|  982|     4|  26746|  77152|    197| 10|1|   703|   703|   0|S2||154/220|
2016-01-12 05:18:21 : 05:18|  992|     5|  37800|  70000|    283| 10|1|   111|   111|   0|S2||38/220|
2016-01-12 05:21:54 : 05:21|  978|     4|  29284|  20732|    386| 11|1|   111|   111|   0|S2||42/220|
2016-01-12 05:24:56 : 05:24|  989|     6|   2548|  21109|     15| 12|1|   148|   148|   0|S2||46/220|
2016-01-12 05:27:41 : 05:27|  978|     4|      0|   7897|      0| 11|1|   222|   222|   0|S2||55/220|
2016-01-12 05:30:48 : 05:30|  989|     2|      0|      0|      0|-18|0|     0|     0|   0|--||61/220|
2016-01-12 05:33:14 : 05:33|  971|     6|  12060|  22255|     58| 11|1|   296|   296|   0|S2||65/220|
2016-01-12 05:35:08 : 05:35|  982|     1|  23293|  10811|     53|  7|1|   333|   333|   0|S2||71/220|
2016-01-12 05:37:03 : 05:37|  989|     1|  39782|  26729|    234|  9|1|   333|   333|   0|S2||75/220|
2016-01-12 05:39:27 : 05:39|  998|     2|   2839|      1|      2| 10|1|   148|   148|   0|S2||80/220|
2016-01-12 05:44:11 : 05:44|  986|     1|   7410|   7928|    170|  8|1|   111|   111|   0|S2||108/220|
2016-01-12 05:46:10 : 05:46|  994|     2|  16282|  11575|     68|  7|1|   444|   444|   0|S2||110/220|
2016-01-12 05:50:40 : 05:50|  984|    10|      0|      0|      0|-20|0|     0|     0|   0|--||113/220|
2016-01-12 05:52:57 : 05:52|  964|     4|  20231|  14935|    106|  7|1|   222|   222|   0|S2||126/220|
2016-01-12 05:55:28 : 05:55|  971|     1|     51|   2949|   1069|  8|1|   222|   222|   0|S2||132/220|
2016-01-12 05:58:10 : 05:58|  979|     7|    408|   5735|     24| 10|1|   222|   222|   0|S2||139/220|
2016-01-12 06:00:09 : 06:00|  989|     1|  39783|  21592|     42|  6|1|   111|   111|   0|S2||149/220|
2016-01-12 06:02:10 : 06:02|  995|     2|  24152|   8980|     50|  7|1|   111|   111|   0|S2||152/220|
2016-01-12 06:05:25 : 06:05|  983|     7|  14515|  19588|     38| 12|1|   148|   148|   0|S2||159/220|
2016-01-12 06:08:44 : 06:08|  995|     1|  66913|  43349|    102|  7|1|   925|   925|   0|S2||171/220|
2016-01-12 06:13:52 : 06:13|  986|     8|   1632|   1796|     21| 11|1|   407|   407|   0|S2||39/220|
2016-01-12 06:16:38 : 06:16|  997|     7|  20475|  13330|     57|  9|1|   148|   148|   0|S2||44/220|
2016-01-12 06:19:58 : 06:19|  987|     9|  17812|  19493|     48|  9|1|   296|   296|   0|S2||52/220|
2016-01-12 06:22:16 : 06:22|  996|     2|  25450|  25098|    424|  5|1|   333|   333|   0|S2||64/220|
2016-01-12 06:25:17 : 06:25|  979|     7|  17188|  14948|     36| 10|1|   222|   222|   0|S2||71/220|
2016-01-12 06:28:05 : 06:28|  989|     7|   8931|      0|     10|  7|1|   222|   222|   0|S2||83/220|
2016-01-12 06:30:39 : 06:30|  996|     8|  14514|   3331|     28|  9|1|   407|   407|   0|S2||92/220|
2016-01-12 06:34:10 : 06:34|  988|     4|  19370|  26894|    464| 11|1|   111|   111|   0|S2||100/220|
2016-01-12 06:38:14 : 06:38|  999|     2|      0|  14273|      1|  9|1|   333|   333|   0|S2||119/220|
2016-01-12 06:44:52 : 06:44|  988|     4|   1511|   9109|     87|  9|1|   296|   296|   0|S2||151/220|
2016-01-12 06:47:56 : 06:47|  997|     8|  12869|   9428|     15|  9|1|   518|   518|   0|--||154/220|
2016-01-12 06:50:16 : 06:50| 1006|     4|  37319|  10951|     14|  9|1|   296|   296|   0|S2||161/220|
2016-01-12 06:53:48 : 06:53| 1015|     3|  60758|  85326|     89|  8|1|  1110|  1110|   0|S2||167/220|
2016-01-12 07:00:00 : 07:00|  985|     9|  11196|      0|      0|  6|1|   222|   222|   0|S2||44/220|
2016-01-12 07:02:33 : 07:02|  991|     5|  33889|   7087|     26|  9|1|   222|   222|   0|S2||56/220|
2016-01-12 07:05:59 : 07:05| 1000|     5|      0|      0|      0|-18|0|     0|     0|   0|--||59/220|
2016-01-12 07:08:39 : 07:08|  982|     5|      0|   9769|      4|  6|1|   296|   296|   0|S2||62/220|
2016-01-12 07:10:54 : 07:10|  988|     1|   9282|  44274|     66|  9|1|   111|   111|   0|S2||70/220|
2016-01-12 07:13:16 : 07:13|  997|     3|  12691|  12902|    130| 10|1|   148|   148|   0|S2||71/220|
2016-01-12 07:16:07 : 07:16|  989|     2|  40234|  24237|    131|  9|1|   222|   222|   0|S2||79/220|
2016-01-12 07:19:00 : 07:19|  998|     2|   5286|  13776|    940|  8|1|   111|   111|   0|S2||88/220|
2016-01-12 07:22:05 : 07:22|  982|     7|  11391|  11851|     96| 12|1|   296|   296|   0|S2||96/220|
2016-01-12 07:24:19 : 07:24|  994|     4|  22350|  33792|     64| 10|1|   111|   111|   0|S2||105/220|
2016-01-12 07:27:49 : 07:27|  980|     1|      0|      0|      0|-16|0|     0|     0|   0|--||111/220|
2016-01-12 07:30:23 : 07:30|  964|     6|   5246|  17680|     32|  9|1|   111|   111|   0|S2||116/220|
2016-01-12 07:35:22 : 07:35|  973|     8|  17368|   1749|     38| 11|1|   296|   296|   0|S2||139/220|
2016-01-12 07:37:23 : 07:37|  984|     2|   7313|     87|      9|  9|1|   148|   148|   0|S2||146/220|
2016-01-12 07:40:22 : 07:40|  993|     1|      0|     89|      0|-21|0|     0|     0|   0|--||149/220|
2016-01-12 07:43:19 : 07:43|  972|    10|  11530|  26659|    124| 10|1|   222|   222|   0|S2||153/220|
2016-01-12 07:48:12 : 07:48|  982|    15|  53869|  63349|    385|  9|1|  1110|  1110|   0|S2||163/220|
2016-01-12 07:59:02 : 07:59|  991|     3|  16667|  11389|    103| 10|1|   296|   296|   0|S2||96/220|
2016-01-12 08:01:22 : 08:01|  983|     2|   6637|  24699|     84| 11|1|   222|   222|   0|S2||95/220|
2016-01-12 08:05:46 : 08:05|  994|     5|  32720|  20204|     60|  7|1|   296|   296|   0|S2||114/220|
2016-01-12 08:08:03 : 08:08|  984|     1|  12504|  23493|     52| 10|1|   444|   444|   0|S2||116/220|
2016-01-12 08:10:29 : 08:10|  994|     4|   2193|  27468|     70| 10|1|   222|   222|   0|S2||119/220|
2016-01-12 08:13:36 : 08:13|  985|     8|   1216|  21889|    120| 10|1|   222|   222|   0|S2||120/220|
2016-01-12 08:16:35 : 08:16|  995|     1|      0|      0|      0|-19|0|     0|     0|   0|--||129/220|
2016-01-12 08:18:55 : 08:18|  976|     4|  17078|  19599|     87| 11|1|   111|   111|   0|S2||130/220|
2016-01-12 08:20:49 : 08:20|  987|     1|      0|   2030|     44| 11|1|   296|   296|   0|S2||138/220|
2016-01-12 08:23:48 : 08:23|  998|     1|      0|      0|      0|-16|0|     0|     0|   0|--||141/220|
2016-01-12 08:25:48 : 08:25|  982|     1|      0|     85|      6| 10|1|   222|   222|   0|S2||144/220|
2016-01-12 08:37:11 : 08:37|  990|     4|  48835|   9535|    418| 10|1|   148|   148|   0|S2||201/220|
2016-01-12 08:39:50 : 08:39| 1000|     2|   4474|  28994|    146| 10|1|   333|   333|   0|S2||206/220|
2016-01-12 08:43:49 : 08:43| 1010|     7|  44695|  31761|     38| 10|1|   703|   703|   0|S2||200/220|
2016-01-12 08:48:04 : 08:48|  983|     3|  16003|  17076|     80| 10|1|   296|   296|   0|S2||37/220|
2016-01-12 08:50:22 : 08:50|  993|     2|  19950|  14161|    413|  5|1|   222|   222|   0|S2||41/220|
2016-01-12 08:53:34 : 08:53|  998|     1|      0|      0|      0|-16|0|     0|     0|   0|--||49/220|
2016-01-12 08:56:10 : 08:56|  982|     4|   2856|  26992|     78| 11|1|   444|   444|   0|S2||51/220|
2016-01-12 08:58:16 : 08:58|  993|     2|  24395|  19282|     91|  7|1|   148|   148|   0|S2||58/220|
2016-01-12 09:01:51 : 09:01| 1000|     2|  20748|  42971|    496| 10|1|   148|   148|   0|S2||75/220|
2016-01-12 09:05:25 : 09:05|  990|     2|      0|      0|      0|-14|0|     0|     0|   0|--||78/220|
2016-01-12 09:08:42 : 09:08|  976|     9|  10063|  33692|     39| 11|1|   296|   296|   0|S2||84/220|
2016-01-12 09:11:56 : 09:11|  987|     3|      0|      0|      0|-16|0|     0|     0|   0|--||92/220|
2016-01-12 09:14:08 : 09:14|  971|     2|   6769|  22360|     84| 10|1|   296|   296|   0|S2||94/220|
2016-01-12 09:16:39 : 09:16|  981|     4|   4070|     41|      3|  8|1|   111|   111|   0|S2||99/220|
2016-01-12 09:24:51 : 09:24|  989|     7|   4141|   2358|     22| 10|1|   222|   222|   0|S2||148/220|
2016-01-12 09:27:16 : 09:27|  999|     2|   8558|   5274|     31| 10|1|   296|   296|   0|S2||153/220|
2016-01-12 09:30:52 : 09:30|  992|     1|  46979|  67100|      1|  8|1|   925|   925|   0|S2||156/220|
2016-01-12 09:34:57 : 09:34| 1000|     3|  19103|   5161|      8| 11|1|   222|   222|   0|S2||36/220|
2016-01-12 09:37:30 : 09:37|  988|     1|   9788|  12544|     64| 10|1|   148|   148|   0|S2||37/220|
2016-01-12 09:40:39 : 09:40|  998|     2|      0|      0|      0|-21|0|     0|     0|   0|--||43/220|
2016-01-12 09:42:52 : 09:42|  977|     3|   1259|   2280|     23| 10|1|   740|   740|   0|S2||48/220|
2016-01-12 09:46:06 : 09:46|  987|     6|  23523|  19045|     39| 11|1|   296|   296|   0|S2||53/220|
2016-01-12 09:48:13 : 09:48|  998|     2|   6118|   2322|     39| 11|1|   111|   111|   0|S2||62/220|
2016-01-12 09:51:27 : 09:51|  990|     5|   2910|   7017|    306|  7|1|   148|   148|   0|S2||65/220|
2016-01-12 09:54:12 : 09:54|  997|    10|   1854|  30296|     34|  8|1|   111|   111|   0|S2||79/220|
2016-01-12 09:57:15 : 09:57|  985|     3|  38183|  25418|    111|  7|1|   148|   148|   0|S2||91/220|
2016-01-12 10:00:13 : 10:00|  992|     8|    432|  67846|    325|  6|1|   148|   148|   0|S2||99/220|
2016-01-12 10:02:20 : 10:02|  998|     1|  24793|  26113|    120| 10|1|   111|   111|   0|S2||110/220|
2016-01-12 10:05:37 : 10:05|  990|     5|   4282|  40927|    260|  8|1|   148|   148|   0|S2||116/220|
2016-01-12 10:08:29 : 10:08|  998|     9|   4678|   3959|    131|  8|1|   148|   148|   0|S2||128/220|
2016-01-12 10:10:51 : 10:10|  986|     1|  28632|  26810|     82|  5|1|   222|   222|   0|S2||139/220|
2016-01-12 10:13:57 : 10:13|  991|     5|   4382|  61355|    351|  9|1|   111|   111|   0|S2||144/220|
2016-01-12 10:16:47 : 10:16| 1000|     7|  23033|  16397|     48| 10|1|   222|   222|   0|S2||149/220|
2016-01-12 10:20:45 : 10:20|  993|     6|  69257| 133616|   1153| 10|1|   814|   814|   0|S2||159/220|
2016-01-12 10:24:34 : 10:24|  986|     3|  19310|  11270|     64|  9|1|   296|   296|   0|S2||34/220|
2016-01-12 10:29:48 : 10:29|  995|     1|  23501|  23250|     76| 10|1|   407|   407|   0|S2||63/220|
2016-01-12 10:32:30 : 10:32|  984|     3|   9524|   9831|     19| 10|1|   296|   296|   0|S2||62/220|
2016-01-12 10:34:28 : 10:34|  994|     2|  16909|  11855|     55|  7|1|   111|   111|   0|S2||68/220|
2016-01-12 10:38:05 : 10:38|  980|     3|      0|      0|      0|-16|0|     0|     0|   0|--||72/220|
2016-01-12 10:40:06 : 10:40|  964|     2|  23247|  12223|     52| 10|1|   407|   407|   0|S2||79/220|
2016-01-12 10:42:46 : 10:42|  974|     6|  16417|  12865|    111| 10|1|   111|   111|   0|S2||82/220|
2016-01-12 10:44:36 : 10:44|  984|     1|  21281|  27020|    195|  8|1|   222|   222|   0|S2||93/220|
2016-01-12 10:46:37 : 10:46|  992|     1|    873|  31324|    156|  8|1|   111|   111|   0|S2||96/220|
2016-01-12 10:49:13 : 10:49| 1000|     3|  17370|  25376|    659|  9|1|   296|   296|   0|S2||103/220|
2016-01-12 10:52:16 : 10:52|  991|     5|   1523|  42553|    208|  9|1|   222|   222|   0|S2||112/220|
2016-01-12 10:57:43 : 10:57| 1000|     5|      0|      0|      0|-16|0|     0|     0|   0|--||134/220|
2016-01-12 11:00:02 : 11:00|  984|     4|  45128|  38708|    171|  9|1|   222|   222|   0|S2||138/220|
2016-01-12 11:02:20 : 11:02|  993|     5|      0|      0|      0|  8|1|   222|   222|   0|S2||143/220|
2016-01-12 11:04:40 : 11:04|  981|     1|      0|   2856|      0| 11|1|   407|   407|   0|S2||150/220|
2016-01-12 11:07:36 : 11:07|  992|     1|      0|      0|      0|-16|0|     0|     0|   0|--||156/220|
2016-01-12 11:10:52 : 11:10|  976|     5|  11041|  49146|     14| 12|1|   592|   592|   0|S2||158/220|
2016-01-12 11:17:03 : 11:17|  988|     3|      0|   3321|      1| 12|1|   296|   296|   0|S2||52/220|
2016-01-12 11:20:07 : 11:20| 1000|     8|   9435|  18954|    415|  9|1|   148|   148|   0|S2||53/220|
2016-01-12 11:22:27 : 11:22|  992|     2|   1391|  18688|     77| 11|1|   296|   296|   0|S2||61/220|
2016-01-12 11:24:49 : 11:24|  981|     2|  10085|  31198|     41|  9|1|   296|   296|   0|S2||64/220|
2016-01-12 11:26:52 : 11:26|  990|     1|   5667|    136|     25|  9|1|   296|   296|   0|S2||74/220|
2016-01-12 11:28:59 : 11:28|  999|     3|  12482|  18585|    169|  8|1|   111|   111|   0|S2||78/220|
2016-01-12 11:31:56 : 11:31|  990|     2|  12512|   2333|    296|  9|1|   222|   222|   0|S2||85/220|
2016-01-12 11:36:04 : 11:36|  999|     1|  15361|   8796|    375| 10|1|   333|   333|   0|S2||105/220|
2016-01-12 11:40:25 : 11:40|  991|     2|  24216|     12|      3|  9|1|   407|   407|   0|S2||125/220|
2016-01-12 11:42:21 : 11:42| 1000|     1|  16644|  36462|     83|  7|1|   444|   444|   0|S2||124/220|
2016-01-12 11:50:34 : 11:50|  990|     2|  92234|  72640|     58|  9|1|   888|   888|   0|S2||166/220|
2016-01-12 11:54:03 : 11:54|  999|     2|  20013|   4099|     37|  6|1|   333|   333|   0|S2||34/220|
2016-01-12 11:57:36 : 11:57|  987|     4|  14280|  27648|    126|  9|1|   111|   111|   0|S2||42/220|
2016-01-12 12:00:20 : 12:00|  996|     6|  14400|   4221|     25|  9|1|   222|   222|   0|S2||47/220|
2016-01-12 12:02:58 : 12:02|  987|     1|   4200|  17655|    570|  8|1|   333|   333|   0|S2||57/220|
2016-01-12 12:08:00 : 12:08|  995|     6|   3028|   4445|     43|  7|1|   222|   222|   0|S2||81/220|
2016-01-12 12:11:41 : 12:11|  981|     2|      0|      0|      0|-14|0|     0|     0|   0|--||83/220|
2016-01-12 12:18:06 : 12:18|  967|     3|   9264|      0|      2| 10|1|   407|   407|   0|S2||120/220|
2016-01-12 12:20:40 : 12:20|  977|     2|    486|   8958|     42| 10|1|   222|   222|   0|S2||123/220|
2016-01-12 12:23:05 : 12:23|  987|     6|  11006|   7556|     39| 10|1|   444|   444|   0|S2||125/220|
2016-01-12 12:25:42 : 12:25|  997|     2|  32416|  41371|     62|  6|1|   111|   111|   0|S2||131/220|
2016-01-12 12:28:16 : 12:28|  985|     1|      0|      0|      2|  9|1|   111|   111|   0|S2||131/220|
2016-01-12 12:32:12 : 12:32|  994|     1|   1341|  26142|     85| 11|1|   333|   333|   0|S2||153/220|
2016-01-12 12:36:16 : 12:36|  988|     4|   9415|      0|      0|-17|0|     0|     0|   0|--||153/220|
2016-01-12 12:40:39 : 12:40|  971|     6|  38461|  73400|    357|  7|1|   999|   999|   0|--||163/220|
2016-01-12 12:44:25 : 12:44|  978|     6|  14105|  12423|     37| 11|1|   222|   222|   0|S2||37/220|
2016-01-12 12:46:17 : 12:46|  989|     1|  13714|   7333|     56|  8|0|   444|   444|   0|S2||40/220|
2016-01-12 12:54:26 : 12:54|  998|     1|   7033|  12969|    547|  9|1|   148|   148|   0|S2||75/220|
2016-01-12 12:56:49 : 12:56|  989|     1|  12132|  18853|     44| 11|1|   296|   296|   0|S2||84/220|
2016-01-12 13:01:12 : 13:01| 1000|     3|   1741|  24608|     86|  8|1|   333|   333|   0|S2||103/220|
2016-01-12 13:04:52 : 13:04|  987|     9|    703|     18|     19| 10|1|   222|   222|   0|S2||105/220|
2016-01-12 13:08:49 : 13:08|  997|     1|   3275|   9075|     20|  5|1|   148|   148|   0|S2||136/220|
2016-01-12 13:11:26 : 13:11|  986|     1|   8751|      0|      0|  9|1|   333|   333|   0|S2||135/220|
2016-01-12 13:13:43 : 13:13|  995|     2|  35664|  33014|    497|  7|1|   333|   333|   0|S2||144/220|
2016-01-12 13:20:00 : 13:20|  985|    10| 101116|  82239|      0|  9|1|  1110|  1110|   0|S2||161/220|
2016-01-12 13:29:08 : 13:29|  996|     1|   4865|  29600|    132| 11|1|   148|   148|   0|S2||73/220|
2016-01-12 13:31:51 : 13:31|  982|     2|  19519|  17516|     57| 11|1|   222|   222|   0|S2||77/220|
2016-01-12 13:34:32 : 13:34|  993|     6|  12989|  12925|    143|  9|1|   518|   518|   0|--||80/220|
2016-01-12 13:44:09 : ============================= ATTACK LOG ==============================
2016-01-12 13:44:09 :                    --------  LOOT --------       ----- BONUS ------
2016-01-12 13:44:09 :  TIME|TROP.|SEARCH|   GOLD| ELIXIR|DARK EL|TR.|S|  GOLD|ELIXIR|  DE|L.
2016-01-12 13:50:22 : 13:50|  986|     3|  33584|  91545|    956|  6|1|  1628|  1628|   0|S2||176/220|
2016-01-12 14:11:51 : 14:11|  879|     1|  57407| 109190|    308| 11|1|  1482|  1482|   0|S3||159/220|
2016-01-12 14:44:15 : ============================= ATTACK LOG ==============================
2016-01-12 14:44:15 :                    --------  LOOT --------       ----- BONUS ------
2016-01-12 14:44:15 :  TIME|TROP.|SEARCH|   GOLD| ELIXIR|DARK EL|TR.|S|  GOLD|ELIXIR|  DE|L.
2016-01-12 14:48:54 : ============================= ATTACK LOG ==============================
2016-01-12 14:48:54 :                    --------  LOOT --------       ----- BONUS ------
2016-01-12 14:48:54 :  TIME|TROP.|SEARCH|   GOLD| ELIXIR|DARK EL|TR.|S|  GOLD|ELIXIR|  DE|L.
2016-01-12 14:52:36 : ============================= ATTACK LOG ==============================
2016-01-12 14:52:36 :                    --------  LOOT --------       ----- BONUS ------
2016-01-12 14:52:36 :  TIME|TROP.|SEARCH|   GOLD| ELIXIR|DARK EL|TR.|S|  GOLD|ELIXIR|  DE|L.
2016-01-12 14:55:32 : 14:55|  926|     2|   7388|  34984|    179| 10|1|   208|   208|   0|S3||220/220|
2016-01-12 15:00:26 : 15:00|  936|    15|  28840|  57605|     41|  9|1|  1352|  1352|   0|S3||218/220|
2016-01-12 15:07:04 : 15:07|  945|     7|  14046|  75800|    233|  9|1|    78|    78|   0|S3||68/220|
2016-01-12 15:09:59 : 15:09|  954|     9|  40403|  47989|    229| 13|1|   104|   104|   0|S3||74/220|
2016-01-12 15:12:35 : 15:12|  967|     4|  20269|  25019|     53|  9|1|    78|    78|   0|S3||82/220|
2016-01-12 15:16:45 : 15:16|  976|     5|  40494|  36081|     54|  9|1|   208|   208|   0|S3||101/220|
2016-01-12 15:18:55 : 15:18|  985|     1|   8127|  36894|     80|  9|1|   156|   156|   0|S3||102/220|
2016-01-12 15:20:44 : 15:20|  994|     1|   5333|  80281|     41|  6|1|   208|   208|   0|S3||101/220|
2016-01-12 15:23:54 : 15:23| 1000|     6|  36093|  27899|    545|  7|1|   222|   222|   0|S2||107/220|
2016-01-12 15:34:04 : ============================= ATTACK LOG ==============================
2016-01-12 15:34:04 :                    --------  LOOT --------       ----- BONUS ------
2016-01-12 15:34:04 :  TIME|TROP.|SEARCH|   GOLD| ELIXIR|DARK EL|TR.|S|  GOLD|ELIXIR|  DE|L.
2016-01-12 15:48:45 : ============================= ATTACK LOG ==============================
2016-01-12 15:48:45 :                    --------  LOOT --------       ----- BONUS ------
2016-01-12 15:48:45 :  TIME|TROP.|SEARCH|   GOLD| ELIXIR|DARK EL|TR.|S|  GOLD|ELIXIR|  DE|L.
2016-01-12 16:01:02 : 16:01| 1021|     4|  67721|  54229|     76| 10|1|  1924|  1924|   0|S2||220/220|
2016-01-12 16:17:12 : 16:17|  696|     2|  64656|  41850|    301| 13|1|    78|    78|   0|B1||113/220|
2016-01-12 16:22:06 : 16:22|  709|     5|  22080|  10085|     20| 14|1|   104|   104|   0|B1||135/220|
2016-01-12 16:24:50 : 16:24|  723|     6|  15834|   3486|      6| 15|1|   143|   143|   0|B1||141/220|
2016-01-12 16:27:45 : 16:27|  738|     9|   1832|  17554|     50| 13|1|    52|    52|   0|B1||147/220|
2016-01-12 16:30:02 : 16:30|  751|     3|  14720|  15633|     30| 15|1|   117|   117|   0|B1||154/220|
2016-01-12 16:34:51 : 16:34|  766|     6|   3086|  15506|     92| 15|1|    52|    52|   0|B1||156/220|
2016-01-12 16:41:18 : 16:41|  781|     4|  37567|   8887|     63| 11|1|   143|   143|   0|B1||68/220|
2016-01-12 16:44:06 : 16:44|  792|     6|  23662|  19969|    275| 13|1|    78|    78|   0|B1||70/220|
2016-01-12 16:46:23 : 16:46|  805|     1|   6189|   1677|    324| 10|1|   104|   104|   0|S3||76/220|
2016-01-12 16:48:46 : 16:48|  815|     1|    609|   6886|    747| 12|1|   234|   234|   0|S3||78/220|
2016-01-12 16:51:13 : 16:51|  827|     6|     21|     19|      6| 14|1|    78|    78|   0|S3||86/220|
2016-01-12 16:53:17 : 16:53|  841|     2|   7143|      0|      9| 11|1|   312|   312|   0|S3||94/220|
2016-01-12 16:55:34 : 16:55|  852|     3|   4528|  58824|    176| 11|1|    78|    78|   0|S3||100/220|
2016-01-12 16:57:50 : 16:57|  863|     4|   6240|    451|     16| 11|1|   104|   104|   0|S3||108/220|
2016-01-12 17:00:03 : 17:00|  874|     4|   3286|    345|      7| 10|1|   104|   104|   0|S3||114/220|
2016-01-12 17:02:26 : 17:02|  884|     5|  12172|   7872|     56| 11|1|   286|   286|   0|S3||121/220|
2016-01-12 17:06:43 : 17:06|  895|     1|   8671|  32681|    204| 11|1|   208|   208|   0|S3||148/220|
2016-01-12 17:08:46 : 17:08|  906|     2|  13953|  16225|     62| 11|1|   208|   208|   0|S3||147/220|
2016-01-12 17:13:07 : 17:13|  917|    10|      0|      0|      0|-22|0|     0|     0|   0|--||153/220|
2016-01-12 17:17:32 : 17:17|  895|     5|  71698|  80991|     14| 11|1|   728|   728|   0|--||168/220|
2016-01-12 17:24:04 : 17:24|  906|     1|   7417|   7343|     55| 11|1|   156|   156|   0|S3||67/220|
2016-01-12 17:27:52 : 17:27|  917|     8|  28133|  50326|     36| 10|1|   208|   208|   0|S3||68/220|
2016-01-12 17:30:20 : 17:30|  927|     5|   3188|  47080|    131| 10|1|   286|   286|   0|S3||75/220|
2016-01-12 17:32:14 : 17:32|  937|     1|  25028|  18648|     65|  8|1|   286|   286|   0|S3||82/220|
2016-01-12 17:34:54 : 17:34|  945|     5|  19783|  15567|     14|  8|1|    78|    78|   0|S3||85/220|
2016-01-12 17:37:04 : 17:37|  953|     1|   9404|   8224|     20| 10|1|   234|   234|   0|S3||97/220|
2016-01-12 17:39:14 : 17:39|  963|     3|   3183|      0|      1|  9|1|   104|   104|   0|S3||98/220|
2016-01-12 17:44:04 : 17:44|  972|     7|  20215|  36140|      0| 12|1|   156|   156|   0|S3||120/220|
2016-01-12 17:46:20 : 17:46|  984|     2|  24629|  11745|    293|  9|1|   208|   208|   0|S3||128/220|
2016-01-12 17:48:44 : 17:48|  993|     2|  14690|  51367|     90| 11|1|   234|   234|   0|S3||134/220|
2016-01-12 18:03:09 : 18:03|  699|     4|  60304|  23899|    151| 14|1|    52|    52|   0|B1||142/220|
2016-01-12 18:05:42 : 18:05|  713|     2|  37993|  43410|     78| 15|1|    78|    78|   0|B1||220/220|
2016-01-12 18:09:06 : 18:09|  728|     4|  63878|  36299|   1644| 15|1|    39|    39|   0|B1||207/220|
2016-01-12 18:11:11 : 18:11|  743|     1|  30305|  68175|    243| 11|1|   104|   104|   0|B1||220/220|
2016-01-12 18:15:57 : 18:15|  754|    13|  39240|  74359|    122| 15|1|   364|   364|   0|--||220/220|
2016-01-12 18:23:18 : 18:23|  769|     4|  14786|  10086|     96| 11|1|   104|   104|   0|B1||74/220|
2016-01-12 18:25:16 : 18:25|  780|     2|  12999|  22659|     97| 14|1|   208|   208|   0|B1||76/220|
2016-01-12 18:28:31 : 18:28|  794|    10|  23000|      0|      1| 12|1|   117|   117|   0|B1||74/220|
2016-01-12 18:30:45 : 18:30|  806|     1|   1833|   2471|     36| 12|1|   156|   156|   0|S3||91/220|
2016-01-12 18:32:52 : 18:32|  818|     2|  11378|  19452|     61| 14|1|   156|   156|   0|S3||95/220|
2016-01-12 18:35:15 : 18:35|  832|     5|   9898|  64000|     74| 13|1|   208|   208|   0|S3||98/220|
2016-01-12 18:37:28 : 18:37|  845|     4|  18220|  18446|     16| 10|1|   156|   156|   0|S3||110/220|
2016-01-12 18:42:13 : 18:42|  855|     6|   7631|  30723|    193| 10|1|   286|   286|   0|S3||133/220|
2016-01-12 18:45:01 : 18:45|  865|     7|  32390|  29184|     15| 12|1|    78|    78|   0|S3||139/220|
2016-01-12 19:34:11 : ============================= ATTACK LOG ==============================
2016-01-12 19:34:11 :                    --------  LOOT --------       ----- BONUS ------
2016-01-12 19:34:11 :  TIME|TROP.|SEARCH|   GOLD| ELIXIR|DARK EL|TR.|S|  GOLD|ELIXIR|  DE|L.
2016-01-13 01:51:59 : 01:51|  788|     5|  82124|  39689|     92| 13|1|   650|   650|   0|S3||113/220|
2016-01-13 01:59:35 : ============================= ATTACK LOG ==============================
2016-01-13 01:59:35 :                    --------  LOOT --------       ----- BONUS ------
2016-01-13 01:59:35 :  TIME|TROP.|SEARCH|   GOLD| ELIXIR|DARK EL|TR.|S|  GOLD|ELIXIR|  DE|L.
2016-01-13 02:08:27 : 02:08|  801|    11| 127902| 123704|    147| 13|1|  1144|  1144|   0|S3||122/220|
2016-01-13 02:13:59 : 02:13|  814|     6|  28114|  15077|     81| 14|1|    78|    78|   0|S3||54/220|
2016-01-13 02:16:38 : 02:16|  828|     5|      0|   6504|      3| 10|1|    78|    78|   0|S3||68/220|
2016-01-13 02:24:39 : 02:24|  838|     4|  20774|  17254|     25| 11|1|    78|    78|   0|S3||116/220|
2016-01-13 02:30:05 : 02:30|  849|    15|  17613|  33274|    174| 11|1|   572|   572|   0|S3||125/220|
2016-01-13 04:26:06 : ============================= ATTACK LOG ==============================
2016-01-13 04:26:06 :                    --------  LOOT --------       ----- BONUS ------
2016-01-13 04:26:06 :  TIME|TROP.|SEARCH|   GOLD| ELIXIR|DARK EL|TR.|S|  GOLD|ELIXIR|  DE|L.
2016-01-13 04:34:25 : 04:34|  976|     3|     82|   5624|     74| 12|1|   148|   148|   0|S2||78/220|
2016-01-13 04:37:46 : 04:37|  988|     4|   3839|  18513|    255|  7|1|   148|   148|   0|S2||81/220|
2016-01-13 04:40:19 : 04:40|  995|     2|  10594|  30984|    292|  6|1|   148|   148|   0|S2||81/220|
2016-01-13 04:43:21 : 04:43| 1001|     1|  26748|  19805|    138| 11|1|   333|   333|   0|S2||81/220|
2016-01-13 04:46:59 : 04:46| 1012|     5|    132|  33106|     26|  8|1|   148|   148|   0|S2||81/220|
2016-01-13 04:49:47 : 04:49| 1020|     4|   8800|  34652|    121|  8|1|   296|   296|   0|S2||81/220|
2016-01-13 04:52:33 : 04:52| 1028|     3|  20153|   7684|     34| 11|1|   148|   148|   0|S2||81/220|
2016-01-13 04:55:03 : 04:55| 1039|     1|  27062|  28898|     20|  8|1|   111|   111|   0|S2||79/220|
2016-01-13 04:58:14 : 04:58| 1047|     1|   4395|  42354|    136|  8|1|   296|   296|   0|S2||80/220|
2016-01-13 05:02:26 : 05:02| 1055|    12|  23620|  13814|     56|  7|1|   148|   148|   0|S2||79/220|
2016-01-13 05:05:12 : 05:05| 1062|     7|  13841|  24503|     15|  5|1|   222|   222|   0|S2||80/220|
2016-01-13 05:09:49 : 05:09| 1067|    20|  11906|  28429|     44|  8|1|   296|   296|   0|S2||79/220|
2016-01-13 05:11:58 : 05:11| 1075|     3|  57385|  51028|    175|  7|1|   111|   111|   0|S2||85/220|
2016-01-13 05:14:26 : 05:14| 1082|     6|  13514|  20353|     85|  5|1|   407|   407|   0|S2||80/220|
2016-01-13 05:17:50 : 05:17| 1087|     8|  28738|  11289|     45|  7|1|   333|   333|   0|S2||79/220|
2016-01-13 05:22:09 : 05:22| 1094|    21|  11709|  25332|     48|  8|1|   148|   148|   0|S2||78/220|
2016-01-13 05:24:04 : 05:24| 1102|     1|  50426|   8636|      4| 11|1|   222|   222|   0|S2||85/220|
2016-01-13 05:26:48 : 05:26| 1113|     3|  12551|  14352|      0| 10|1|   148|   148|   0|S2||83/220|
2016-01-13 05:29:42 : 05:29| 1123|     4|  49953|      0|     18| 10|1|   296|   296|   0|S2||79/220|
2016-01-13 05:32:19 : 05:32| 1133|     3|   7743|   6826|      8| 11|1|   296|   296|   0|S2||79/220|
2016-01-13 05:35:21 : 05:35| 1144|     1|  18294|  20957|    116|  6|1|   111|   111|   0|S2||79/220|
2016-01-13 05:39:48 : 05:39| 1150|    12|  18915|  37654|     69|  8|1|   407|   407|   0|S2||79/220|
2016-01-13 05:44:16 : 05:44| 1158|    22|  21790|    139|     33|  5|1|   296|   296|   0|S2||80/220|
2016-01-13 05:48:24 : 05:48| 1163|    20|   1019|  24554|     10|  8|1|   148|   148|   0|S2||88/220|
2016-01-13 05:54:49 : 05:54| 1171|     3|  27587|   1011|     40|  8|1|   111|   111|   0|S2||124/220|
2016-01-13 05:57:53 : 05:57| 1179|     8|     18|  26366|     29|  7|1|   296|   296|   0|S2||117/220|
2016-01-13 06:00:51 : 06:00| 1186|    10|  16429|  13108|    336|  7|1|   111|   111|   0|S2||118/220|
2016-01-13 06:06:11 : 06:06| 1193|     7|  32854|  13655|      2|  4|1|   296|   296|   0|S2||136/220|
2016-01-13 06:09:20 : 06:09| 1197|    11|   7651|  21748|     87|  7|1|   148|   148|   0|S2||133/220|
2016-01-13 06:12:09 : 06:12| 1204|     8|  20549|  11492|     13|  7|1|   288|   288|   0|S1||135/220|
2016-01-13 06:14:34 : 06:14| 1211|     4|  14824|      0|     13|  8|1|   192|   192|   0|S1||132/220|
2016-01-13 06:17:35 : 06:17| 1219|    10|   4159|   7739|     42| 11|1|   144|   144|   0|S1||125/220|
2016-01-13 06:20:24 : 06:20| 1230|     6|   5307|  10540|    178|  8|1|   432|   432|   0|S1||125/220|
2016-01-13 07:03:02 : 07:03| 1191|   130| 290660| 301577|   1292|  5|1|  3264|  3264|   0|S1||220/220|
2016-01-13 07:05:47 : 07:05| 1196|     1|  24533|   6811|    186|  5|1|   192|   192|   0|S1||88/220|
2016-01-13 07:13:16 : 07:13| 1201|     7|  37607|  38421|    166|  6|1|   192|   192|   0|S1||115/220|
2016-01-13 07:15:07 : 07:15| 1207|     1|      0|  24000|      0|  7|1|   432|   432|   0|S1||112/220|
2016-01-13 07:18:08 : 07:18| 1214|     8|   2233|  45976|    283|  5|1|   384|   384|   0|S1||101/220|
2016-01-13 07:20:12 : 07:20| 1219|     2|   1707|   6175|     73|  7|1|   144|   144|   0|S1||101/220|
2016-01-13 07:23:24 : 07:23| 1226|     9|  14030|   7808|    231|  7|1|   192|   192|   0|S1||95/220|
2016-01-13 07:25:42 : 07:25| 1233|     4|  52264|   7451|     21| 10|1|   384|   384|   0|S1||96/220|
2016-01-13 07:27:44 : 07:27| 1243|     2|  39436|  13866|     28|  8|1|   192|   192|   0|S1||88/220|
2016-01-13 07:29:39 : 07:29| 1251|     1|  22125|  41868|      3|  8|1|   432|   432|   0|S1||83/220|
2016-01-13 07:33:12 : 07:33| 1259|    10|  14952|  12319|     50|  6|1|   384|   384|   0|S1||79/220|
2016-01-13 07:37:19 : 07:37| 1265|    16|  13594|  15071|    305|  9|1|   192|   192|   0|S1||80/220|
2016-01-13 07:39:38 : 07:39| 1274|     4|  12893|  13827|      3|  6|1|   384|   384|   0|S1||84/220|
2016-01-13 07:42:42 : 07:42| 1280|     7|      0|  57575|      0|  9|1|   288|   288|   0|S1||83/220|
2016-01-13 07:44:50 : 07:44| 1289|     2|      0|      0|    170|  7|1|   192|   192|   0|S1||79/220|
2016-01-13 07:50:30 : 07:50| 1296|    24|  26355|     21|     21|  6|1|   192|   192|   0|S1||79/220|
2016-01-13 07:52:41 : 07:52| 1302|     3|  17312|    374|      8|  5|1|   144|   144|   0|S1||89/220|
2016-01-13 07:54:59 : 07:54| 1307|     4|  36004|    679|     11|  6|1|   288|   288|   0|S1||84/220|
2016-01-13 08:10:35 : 08:10| 1290|     2|  29913|  16350|    237|  5|1|   192|   192|   0|S1||132/220|
2016-01-13 08:13:00 : 08:13| 1295|     6|  53779|  48422|    139|  7|1|   192|   192|   0|S1||126/220|
2016-01-13 08:16:12 : 08:16| 1302|    10|  19337|  26345|      8|  5|1|   432|   432|   0|S1||121/220|
2016-01-13 08:18:58 : 08:18| 1307|     6|      0|  54539|      0|  6|1|   432|   432|   0|S1||124/220|
2016-01-13 08:20:50 : 08:20| 1313|     1|   9564|  18716|     63| 10|1|   144|   144|   0|S1||120/220|
2016-01-13 08:24:16 : 08:24| 1323|    14|  27871|   7600|    157|  5|1|   288|   288|   0|S1||109/220|
2016-01-13 08:26:36 : 08:26| 1328|     5|   1064|   1268|      0|  7|1|   288|   288|   0|S1||112/220|
2016-01-13 08:34:27 : 08:34| 1335|    26|  22310|  21152|    193|  7|1|   192|   192|   0|S1||106/220|
2016-01-13 08:36:22 : 08:36| 1342|     2|  26363|   3607|    121|  8|1|   144|   144|   0|S1||122/220|
2016-01-13 08:41:08 : 08:41| 1350|     1|      0|  24980|      4|  8|1|   288|   288|   0|S1||114/220|
2016-01-13 08:57:41 : 08:57| 1335|    13|    171|  47210|     30|  6|1|   432|   432|   0|S1||134/220|
2016-01-13 08:59:46 : 08:59| 1341|     2|   4160|  66816|     42|  8|1|   144|   144|   0|S1||138/220|
2016-01-13 09:06:22 : 09:06| 1349|     2|  39185|  19701|      8|  6|1|   432|   432|   0|S1||162/220|
2016-01-13 09:08:23 : 09:08| 1355|     2|  19971|   1425|     27|  6|1|   192|   192|   0|S1||156/220|
2016-01-13 09:10:41 : 09:10| 1361|     3|  79772|  59608|      8|  8|1|   528|   528|   0|S1||148/220|
2016-01-13 09:24:03 : 09:24| 1347|     7|  27986|   9920|    107|  6|1|   288|   288|   0|S1||175/220|
2016-01-13 09:28:59 : 09:28| 1353|     4|   8465|  48000|     92|  6|1|   144|   144|   0|S1||163/220|
2016-01-13 09:42:25 : 09:42| 1336|     4|  18642|      0|      8|  4|1|   384|   384|   0|S1||183/220|
2016-01-13 09:55:39 : 09:55| 1314|     5|  19460|  41781|     57|  5|1|   288|   288|   0|S1||195/220|
2016-01-13 09:58:03 : 09:58| 1319|     4|   2364|  25518|     49|  9|1|   192|   192|   0|S1||191/220|
2016-01-13 09:59:54 : 09:59| 1328|     1|   8598|  32246|     89|  7|1|   144|   144|   0|S1||184/220|
2016-01-13 10:02:09 : 10:02| 1335|     5|   2504|  16326|    152|  6|1|   144|   144|   0|S1||176/220|
2016-01-13 10:18:01 : 10:18| 1323|    14|  29177|  32833|    211|  8|1|   288|   288|   0|S1||211/220|
2016-01-13 10:26:38 : 10:26| 1331|     8| 299444| 294297|     18|-17|0|     0|     0|   0|--||220/220|
2016-01-13 10:39:47 : 10:39| 1314|    27|  39933|  42063|     72|  8|1|   192|   192|   0|S1||81/220|
2016-01-13 10:42:09 : 10:42| 1322|     4|  12613|  14200|     64|  6|0|   192|   192|   0|S1||98/220|
2016-01-13 10:53:07 : 10:53| 1328|     5|    249|     89|     21|  6|1|   144|   144|   0|S1||152/220|
2016-01-13 10:56:05 : 10:56| 1334|     9|  10262|  17459|    210|  9|1|   144|   144|   0|S1||148/220|
2016-01-13 11:01:10 : 11:01| 1343|     4|  35840|  11923|    158| 11|1|   144|   144|   0|S1||144/220|
2016-01-13 11:03:18 : 11:03| 1354|     3|      0|  83454|     25| 10|1|   384|   384|   0|S1||140/220|
2016-01-13 11:08:12 : 11:08| 1364|     3|   3738|  49006|    253| 11|1|   144|   144|   0|S1||132/220|
2016-01-13 11:10:25 : 11:10| 1375|     3|     10|     15|     55|  6|1|   192|   192|   0|S1||124/220|
2016-01-13 11:15:24 : 11:15| 1381|    23|  14513|   4930|     74|  8|1|   192|   192|   0|S1||116/220|
2016-01-13 11:20:10 : 11:20| 1389|    23|      2|      2|    453|  4|1|   192|   192|   0|S1||128/220|
2016-01-13 11:30:37 : 11:30| 1393|     1|  41790|  20469|    199|  6|1|   288|   288|   0|S1||200/220|
2016-01-13 11:34:14 : 11:34| 1399|    14|  27233|   6896|     29|  5|1|   192|   192|   0|S1||192/220|
2016-01-13 11:42:52 : 11:42| 1404|    12| 282916| 261479|    235| 10|1|  3500|  3500|   0|G3||220/220|
2016-01-13 11:58:16 : 11:58| 1414|     6|   8689|  49328|     87|  5|1|   400|   400|   0|G3||118/220|
2016-01-13 12:12:59 : 12:12| 1419|    13|  45326|      0|      4|  5|1|   900|   900|   0|G3||192/220|
2016-01-13 12:15:38 : 12:15| 1424|     7|  36173|  36809|      5|  5|1|   600|   600|   0|G3||194/220|
2016-01-13 12:18:11 : 12:18| 1429|     6|  27546|  12053|     76|  6|1|   300|   300|   0|G3||192/220|
2016-01-13 12:22:11 : 12:22| 1435|    16|  27711|  19331|     94|  5|1|   300|   300|   0|G3||188/220|
2016-01-13 12:30:16 : 12:30| 1440|    30|  53612|    409|     27|  5|1|   800|   800|   0|G3||205/220|
2016-01-13 12:32:29 : 12:32| 1445|     4|      3|  29351|      0|  4|1|   900|   900|   0|G3||201/220|
2016-01-13 12:39:11 : 12:39| 1449|    17|  99281|  30711|    265|  6|1|   400|   400|   0|G3||193/220|
2016-01-13 12:44:41 : 12:44| 1455|     8|  18596|  33527|     52|  6|1|   800|   800|   0|G3||177/220|
2016-01-13 12:46:54 : 12:46| 1461|     4|  34692|   6769|      1|  4|1|   800|   800|   0|G3||173/220|
2016-01-13 12:48:43 : 12:48| 1465|     1|  10109|  66572|    104| 11|1|   400|   400|   0|G3||165/220|
2016-01-13 13:01:29 : 13:01| 1450|     3|  44635|  34872|     10|  5|1|   900|   900|   0|G3||181/220|
2016-01-13 13:03:20 : 13:03| 1455|     2|  72840|  63841|     16|  7|1|   800|   800|   0|G3||174/220|
2016-01-13 13:07:10 : 13:07| 1462|    16|  21486|  43891|    256|  7|1|   400|   400|   0|G3||166/220|
2016-01-13 13:09:01 : 13:09| 1469|     1|  68216|  30190|    320|  8|1|   900|   900|   0|G3||173/220|
2016-01-13 13:21:40 : 13:21| 1477|    21| 228624| 271331|     96|-28|0|     0|     0|   0|--||220/220|
2016-01-13 13:34:53 : 13:34| 1449|    14|   9703|  18944|    215|  7|1|   300|   300|   0|G3||79/220|
2016-01-13 13:37:41 : 13:37| 1456|     7|    925|    577|     46|  6|1|   300|   300|   0|G3||84/220|
2016-01-13 13:39:48 : 13:39| 1462|     2|    723|  12866|    322|  9|1|   400|   400|   0|G3||82/220|
2016-01-13 13:43:22 : 13:43| 1471|     6|  31851|  20542|    124|  7|1|   400|   400|   0|G3||78/220|
2016-01-13 13:47:17 : 13:47| 1478|    11|   4680|  62203|    134|  8|1|   300|   300|   0|G3||81/220|
2016-01-13 18:14:52 : ============================= ATTACK LOG ==============================
2016-01-13 18:14:52 :                    --------  LOOT --------       ----- BONUS ------
2016-01-13 18:14:52 :  TIME|TROP.|SEARCH|   GOLD| ELIXIR|DARK EL|TR.|S|  GOLD|ELIXIR|  DE|L.
2016-01-26 16:14:15 : ============================= ATTACK LOG ==============================
2016-01-26 16:14:15 :                    --------  LOOT --------       ----- BONUS ------
2016-01-26 16:14:15 :  TIME|TROP.|SEARCH|   GOLD| ELIXIR|DARK EL|TR.|S|  GOLD|ELIXIR|  DE|L.
2016-01-26 16:16:16 : ============================= ATTACK LOG ==============================
2016-01-26 16:16:16 :                    --------  LOOT --------       ----- BONUS ------
2016-01-26 16:16:16 :  TIME|TROP.|SEARCH|   GOLD| ELIXIR|DARK EL|TR.|S|  GOLD|ELIXIR|  DE|L.
2016-01-26 16:22:18 : 16:22|  769|     2| 340446| 181986|    206| 32|3|  1300|  1300|   0|B1||220/220|
2016-01-26 16:25:40 : ============================= ATTACK LOG ==============================
2016-01-26 16:25:41 :                    --------  LOOT --------       ----- BONUS ------
2016-01-26 16:25:41 :  TIME|TROP.|SEARCH|   GOLD| ELIXIR|DARK EL|TR.|S|  GOLD|ELIXIR|  DE|L.
2016-01-27 20:37:18 : ============================= ATTACK LOG ==============================
2016-01-27 20:37:18 :                    --------  LOOT --------       ----- BONUS ------
2016-01-27 20:37:18 :  TIME|TROP.|SEARCH|   GOLD| ELIXIR|DARK EL|TR.|S|  GOLD|ELIXIR|  DE|L.
2016-01-27 20:41:11 : ============================= ATTACK LOG ==============================
2016-01-27 20:41:11 :                    --------  LOOT --------       ----- BONUS ------
2016-01-27 20:41:11 :  TIME|TROP.|SEARCH|   GOLD| ELIXIR|DARK EL|TR.|S|  GOLD|ELIXIR|  DE|L.
2016-01-27 20:43:17 : ============================= ATTACK LOG ==============================
2016-01-27 20:43:17 :                    --------  LOOT --------       ----- BONUS ------
2016-01-27 20:43:17 :  TIME|TROP.|SEARCH|   GOLD| ELIXIR|DARK EL|TR.|S|  GOLD|ELIXIR|  DE|L.
2016-01-31 23:01:19 : ============================= ATTACK LOG ==============================
2016-01-31 23:01:19 :                    --------  LOOT --------       ----- BONUS ------
2016-01-31 23:01:19 :  TIME|TROP.|SEARCH|   GOLD| ELIXIR|DARK EL|TR.|S|  GOLD|ELIXIR|  DE|L.
2016-01-31 23:07:56 : ============================= ATTACK LOG ==============================
2016-01-31 23:07:56 :                    --------  LOOT --------       ----- BONUS ------
2016-01-31 23:07:56 :  TIME|TROP.|SEARCH|   GOLD| ELIXIR|DARK EL|TR.|S|  GOLD|ELIXIR|  DE|L.
