2016-02-01 00:41:05 : ============================= ATTACK LOG ==============================
2016-02-01 00:41:05 :                    --------  LOOT --------       ----- BONUS ------
2016-02-01 00:41:05 :  TIME|TROP.|SEARCH|   GOLD| ELIXIR|DARK EL|TR.|S|  GOLD|ELIXIR|  DE|L.
2016-02-01 01:31:53 : ============================= ATTACK LOG ==============================
2016-02-01 01:31:53 :                    --------  LOOT --------       ----- BONUS ------
2016-02-01 01:31:53 :  TIME|TROP.|SEARCH|   GOLD| ELIXIR|DARK EL|TR.|S|  GOLD|ELIXIR|  DE|L.
2016-02-01 01:36:30 : ============================= ATTACK LOG ==============================
2016-02-01 01:36:30 :                    --------  LOOT --------       ----- BONUS ------
2016-02-01 01:36:30 :  TIME|TROP.|SEARCH|   GOLD| ELIXIR|DARK EL|TR.|S|  GOLD|ELIXIR|  DE|L.
2016-02-01 01:39:00 : ============================= ATTACK LOG ==============================
2016-02-01 01:39:00 :                    --------  LOOT --------       ----- BONUS ------
2016-02-01 01:39:00 :  TIME|TROP.|SEARCH|   GOLD| ELIXIR|DARK EL|TR.|S|  GOLD|ELIXIR|  DE|L.
2016-02-01 01:40:52 : ============================= ATTACK LOG ==============================
2016-02-01 01:40:52 :                    --------  LOOT --------       ----- BONUS ------
2016-02-01 01:40:52 :  TIME|TROP.|SEARCH|   GOLD| ELIXIR|DARK EL|TR.|S|  GOLD|ELIXIR|  DE|L.
2016-02-01 01:43:25 : ============================= ATTACK LOG ==============================
2016-02-01 01:43:25 :                    --------  LOOT --------       ----- BONUS ------
2016-02-01 01:43:25 :  TIME|TROP.|SEARCH|   GOLD| ELIXIR|DARK EL|TR.|S|  GOLD|ELIXIR|  DE|L.
2016-02-01 01:47:54 : ============================= ATTACK LOG ==============================
2016-02-01 01:47:54 :                    --------  LOOT --------       ----- BONUS ------
2016-02-01 01:47:54 :  TIME|TROP.|SEARCH|   GOLD| ELIXIR|DARK EL|TR.|S|  GOLD|ELIXIR|  DE|L.
2016-02-01 01:48:32 : ============================= ATTACK LOG ==============================
2016-02-01 01:48:32 :                    --------  LOOT --------       ----- BONUS ------
2016-02-01 01:48:32 :  TIME|TROP.|SEARCH|   GOLD| ELIXIR|DARK EL|TR.|S|  GOLD|ELIXIR|  DE|L.
2016-02-01 01:49:54 : ============================= ATTACK LOG ==============================
2016-02-01 01:49:54 :                    --------  LOOT --------       ----- BONUS ------
2016-02-01 01:49:54 :  TIME|TROP.|SEARCH|   GOLD| ELIXIR|DARK EL|TR.|S|  GOLD|ELIXIR|  DE|L.
2016-02-01 01:51:50 : ============================= ATTACK LOG ==============================
2016-02-01 01:51:50 :                    --------  LOOT --------       ----- BONUS ------
2016-02-01 01:51:50 :  TIME|TROP.|SEARCH|   GOLD| ELIXIR|DARK EL|TR.|S|  GOLD|ELIXIR|  DE|L.
2016-02-01 01:53:45 : ============================= ATTACK LOG ==============================
2016-02-01 01:53:45 :                    --------  LOOT --------       ----- BONUS ------
2016-02-01 01:53:45 :  TIME|TROP.|SEARCH|   GOLD| ELIXIR|DARK EL|TR.|S|  GOLD|ELIXIR|  DE|L.
2016-02-01 01:59:25 : ============================= ATTACK LOG ==============================
2016-02-01 01:59:25 :                    --------  LOOT --------       ----- BONUS ------
2016-02-01 01:59:25 :  TIME|TROP.|SEARCH|   GOLD| ELIXIR|DARK EL|TR.|S|  GOLD|ELIXIR|  DE|L.
2016-02-01 02:03:07 : ============================= ATTACK LOG ==============================
2016-02-01 02:03:07 :                    --------  LOOT --------       ----- BONUS ------
2016-02-01 02:03:07 :  TIME|TROP.|SEARCH|   GOLD| ELIXIR|DARK EL|TR.|S|  GOLD|ELIXIR|  DE|L.
2016-02-01 02:06:23 : ============================= ATTACK LOG ==============================
2016-02-01 02:06:23 :                    --------  LOOT --------       ----- BONUS ------
2016-02-01 02:06:23 :  TIME|TROP.|SEARCH|   GOLD| ELIXIR|DARK EL|TR.|S|  GOLD|ELIXIR|  DE|L.
2016-02-01 02:07:30 : ============================= ATTACK LOG ==============================
2016-02-01 02:07:30 :                    --------  LOOT --------       ----- BONUS ------
2016-02-01 02:07:30 :  TIME|TROP.|SEARCH|   GOLD| ELIXIR|DARK EL|TR.|S|  GOLD|ELIXIR|  DE|L.
2016-02-01 02:08:59 : ============================= ATTACK LOG ==============================
2016-02-01 02:08:59 :                    --------  LOOT --------       ----- BONUS ------
2016-02-01 02:08:59 :  TIME|TROP.|SEARCH|   GOLD| ELIXIR|DARK EL|TR.|S|  GOLD|ELIXIR|  DE|L.
2016-02-01 02:10:37 : ============================= ATTACK LOG ==============================
2016-02-01 02:10:37 :                    --------  LOOT --------       ----- BONUS ------
2016-02-01 02:10:37 :  TIME|TROP.|SEARCH|   GOLD| ELIXIR|DARK EL|TR.|S|  GOLD|ELIXIR|  DE|L.
2016-02-01 02:11:44 : ============================= ATTACK LOG ==============================
2016-02-01 02:11:45 :                    --------  LOOT --------       ----- BONUS ------
2016-02-01 02:11:45 :  TIME|TROP.|SEARCH|   GOLD| ELIXIR|DARK EL|TR.|S|  GOLD|ELIXIR|  DE|L.
2016-02-01 02:12:39 : ============================= ATTACK LOG ==============================
2016-02-01 02:12:39 :                    --------  LOOT --------       ----- BONUS ------
2016-02-01 02:12:39 :  TIME|TROP.|SEARCH|   GOLD| ELIXIR|DARK EL|TR.|S|  GOLD|ELIXIR|  DE|L.
2016-02-01 02:15:07 : ============================= ATTACK LOG ==============================
2016-02-01 02:15:07 :                    --------  LOOT --------       ----- BONUS ------
2016-02-01 02:15:07 :  TIME|TROP.|SEARCH|   GOLD| ELIXIR|DARK EL|TR.|S|  GOLD|ELIXIR|  DE|L.
2016-02-01 02:16:12 : ============================= ATTACK LOG ==============================
2016-02-01 02:16:12 :                    --------  LOOT --------       ----- BONUS ------
2016-02-01 02:16:12 :  TIME|TROP.|SEARCH|   GOLD| ELIXIR|DARK EL|TR.|S|  GOLD|ELIXIR|  DE|L.
2016-02-01 02:17:52 : ============================= ATTACK LOG ==============================
2016-02-01 02:17:52 :                    --------  LOOT --------       ----- BONUS ------
2016-02-01 02:17:52 :  TIME|TROP.|SEARCH|   GOLD| ELIXIR|DARK EL|TR.|S|  GOLD|ELIXIR|  DE|L.
2016-02-01 02:18:27 : ============================= ATTACK LOG ==============================
2016-02-01 02:18:27 :                    --------  LOOT --------       ----- BONUS ------
2016-02-01 02:18:27 :  TIME|TROP.|SEARCH|   GOLD| ELIXIR|DARK EL|TR.|S|  GOLD|ELIXIR|  DE|L.
2016-02-01 02:29:16 : 02:29| 1036|     2|  32422|  24907|     65|  6|1|   222|   222|   0|S2||220/220|
2016-02-01 02:53:40 : 02:53| 1047|     8| 104829| 118554|     17|  4|1|  1813|  1813|   0|S2||171/220|
